---------------------------------------------------------------
[ 2018-04-23T16:45:37+08:00 ] 211.66.88.159 113.103.92.239 GET /admin/admin/admin_list.html?page=5
[ info ] zzxt.gdngs.cn/admin/admin/admin_list.html?page=5 [运行时间：1.816318s][吞吐率：0.55req/s] [内存消耗：4,114.77kb] [文件加载：87]
[ info ] [ LANG ] D:\UPUPW_K2.1\htdocs\zzxt\1.0.0\thinkphp\lang\zh-cn.php
[ info ] [ LANG ] D:\UPUPW_K2.1\htdocs\zzxt\1.0.0/app/lang\zh-cn.php
[ info ] [ CACHE ] INIT File
[ info ] [ DB ] INIT sqlsrv
[ info ] [ ROUTE ] array (
  'type' => 'module',
  'module' => 
  array (
    0 => 'admin',
    1 => 'admin',
    2 => 'admin_list',
  ),
)
[ info ] [ HEADER ] array (
  'x-rewrite-url' => '/admin/admin/admin_list.html?page=5',
  'cookie' => 'thinkphp_show_page_trace=0|0; thinkphp_show_page_trace=0|0; PHPSESSID=1r0ptpisj25lraj147h311o281; thinkphp_show_page_trace=0|0',
  'accept-language' => 'zh-CN,zh;q=0.9,en;q=0.8',
  'accept-encoding' => 'gzip, deflate',
  'referer' => 'http://zzxt.gdngs.cn/admin/admin/admin_list.html?page=6',
  'accept' => 'text/html,application/xhtml+xml,application/xml;q=0.9,image/webp,image/apng,*/*;q=0.8',
  'user-agent' => 'Mozilla/5.0 (Macintosh; Intel Mac OS X 10_13_4) AppleWebKit/537.36 (KHTML, like Gecko) Chrome/65.0.3325.181 Safari/537.36',
  'upgrade-insecure-requests' => '1',
  'cache-control' => 'max-age=0',
  'connection' => 'keep-alive',
  'host' => 'zzxt.gdngs.cn',
)
[ info ] [ PARAM ] array (
  'page' => '5',
)
[ info ] [ BEHAVIOR ] Run app\common\behavior\WebLog @module_init [ RunTime:0.001073s ]
[ info ] [ SESSION ] INIT array (
  'id' => '',
  'var_session_id' => '',
  'prefix' => 'think',
  'type' => '',
  'auto_start' => true,
)
[ info ] [ BEHAVIOR ] Run Closure @action_begin [ RunTime:0.148562s ]
[ info ] [ RUN ] app\admin\controller\Admin->admin_list[ D:\UPUPW_K2.1\htdocs\zzxt\1.0.0\app\admin\controller\Admin.php ]
[ info ] [ VIEW ] D:\UPUPW_K2.1\htdocs\zzxt\1.0.0/app/admin\view\admin\admin_list.html [ array (
  0 => 'lang',
  1 => 'menus',
  2 => 'menus_curr',
  3 => 'menus_child',
  4 => 'id_curr',
  5 => 'admin',
  6 => 'admin_avatar',
  7 => 'search_name',
  8 => 'admin_list',
  9 => 'faculty_number',
  10 => 'page',
) ]
[ sql ] [ DB ] CONNECT:[ UseTime:0.118022s ] sqlsrv:Server=139.199.184.111;Database=zzxt
[ sql ] [ SQL ] SELECT   column_name,   data_type,   column_default,   is_nullable
        FROM    information_schema.tables AS t
        JOIN    information_schema.columns AS c
        ON  t.table_catalog = c.table_catalog
        AND t.table_schema  = c.table_schema
        AND t.table_name    = c.table_name
        WHERE   t.table_name = 'yf_route' [ RunTime:0.055611s ]
[ sql ] [ SQL ] SELECT column_name FROM information_schema.key_column_usage WHERE table_name='yf_route' [ RunTime:0.105647s ]
[ sql ] [ SQL ] SELECT T1.* FROM (SELECT thinkphp.*, ROW_NUMBER() OVER ( ORDER BY listorder asc) AS ROW_NUMBER FROM (SELECT  [url],[full_url],[listorder] FROM [yf_route] WHERE  (  status=1 )) AS thinkphp) AS T1 [ RunTime:0.011645s ]
[ sql ] [ SQL ] SELECT   column_name,   data_type,   column_default,   is_nullable
        FROM    information_schema.tables AS t
        JOIN    information_schema.columns AS c
        ON  t.table_catalog = c.table_catalog
        AND t.table_schema  = c.table_schema
        AND t.table_name    = c.table_name
        WHERE   t.table_name = 'yf_auth_rule' [ RunTime:0.034265s ]
[ sql ] [ SQL ] SELECT column_name FROM information_schema.key_column_usage WHERE table_name='yf_auth_rule' [ RunTime:0.064886s ]
[ sql ] [ SQL ] SELECT T1.* FROM (SELECT thinkphp.*, ROW_NUMBER() OVER ( ORDER BY level desc,sort) AS ROW_NUMBER FROM (SELECT  [id],[level],[sort] FROM [yf_auth_rule] WHERE  [name] = 'admin/Admin/admin_list') AS thinkphp) AS T1 WHERE (T1.ROW_NUMBER BETWEEN 1 AND 1) [ RunTime:0.030512s ]
[ sql ] [ SQL ] SELECT   column_name,   data_type,   column_default,   is_nullable
        FROM    information_schema.tables AS t
        JOIN    information_schema.columns AS c
        ON  t.table_catalog = c.table_catalog
        AND t.table_schema  = c.table_schema
        AND t.table_name    = c.table_name
        WHERE   t.table_name = 'yf_auth_group_access' [ RunTime:0.038344s ]
[ sql ] [ SQL ] SELECT column_name FROM information_schema.key_column_usage WHERE table_name='yf_auth_group_access' [ RunTime:0.074062s ]
[ sql ] [ SQL ] SELECT T1.* FROM (SELECT thinkphp.*, ROW_NUMBER() OVER ( ORDER BY rand()) AS ROW_NUMBER FROM (SELECT  [uid],[group_id],[title],[rules] FROM yf_auth_group_access a INNER JOIN [yf_auth_group] [g] ON [a].[group_id]=[g].[id] WHERE  (  a.uid='27' and g.status='1' )) AS thinkphp) AS T1 [ RunTime:0.014893s ]
[ sql ] [ SQL ] SELECT T1.* FROM (SELECT thinkphp.*, ROW_NUMBER() OVER ( ORDER BY rand()) AS ROW_NUMBER FROM (SELECT  [id],[condition],[name],[notcheck] FROM [yf_auth_rule] WHERE  [id] IN (1,332,15,16,156,68,69,70,71,72,73,17,157,55,176,56,74,75,76,77,78,495,27,37,170,108,109,110,111,112,113,114,7,11,175,94,95,96,100,101,12,174,93,25,173,97,98,99,328,329,459,460,475,493,494,448,486,487,354,372,374,375,376,419,425,508,362,386,403,404,389,424,434,435,512,357,405,406,420,422,423,516,331,335,336,337,338,339,340,341,342,343,347,436,437,438,439,440,441,442,444,462,463,464,466,465)  AND [type] = 1  AND [notcheck] = 0 OR [notcheck] = 1) AS thinkphp) AS T1 [ RunTime:0.020893s ]
[ sql ] [ SQL ] SELECT   column_name,   data_type,   column_default,   is_nullable
        FROM    information_schema.tables AS t
        JOIN    information_schema.columns AS c
        ON  t.table_catalog = c.table_catalog
        AND t.table_schema  = c.table_schema
        AND t.table_name    = c.table_name
        WHERE   t.table_name = 'yf_admin' [ RunTime:0.034196s ]
[ sql ] [ SQL ] SELECT column_name FROM information_schema.key_column_usage WHERE table_name='yf_admin' [ RunTime:0.065702s ]
[ sql ] [ SQL ] SELECT T1.* FROM (SELECT thinkphp.*, ROW_NUMBER() OVER ( ORDER BY rand()) AS ROW_NUMBER FROM (SELECT  * FROM [yf_admin] WHERE  [admin_id] = 27) AS thinkphp) AS T1 WHERE (T1.ROW_NUMBER BETWEEN 1 AND 1) [ RunTime:0.011990s ]
[ sql ] [ SQL ] SELECT T1.* FROM (SELECT thinkphp.*, ROW_NUMBER() OVER ( ORDER BY [sort]) AS ROW_NUMBER FROM (SELECT  * FROM [yf_auth_rule] WHERE  [status] = 1  AND [id] IN (1,7,11,12,15,16,17,25,27,37,55,56,68,69,70,71,72,73,74,75,76,77,78,93,94,95,96,97,98,99,100,101,108,109,110,111,112,113,114,156,157,170,173,174,175,176,328,329,331,332,335,336,337,338,339,340,341,342,343,347,354,357,362,372,374,375,376,386,389,403,404,405,406,419,420,422,423,424,425,434,435,436,437,438,439,440,441,442,444,448,459,460,462,463,464,465,466,475,486,487,493,494,495,508,512,516)) AS thinkphp) AS T1 [ RunTime:0.037407s ]
[ sql ] [ SQL ] SELECT T1.* FROM (SELECT thinkphp.*, ROW_NUMBER() OVER ( ORDER BY level desc,sort) AS ROW_NUMBER FROM (SELECT  [id],[pid],[level],[sort] FROM [yf_auth_rule]) AS thinkphp) AS T1 [ RunTime:0.009292s ]
[ sql ] [ SQL ] SELECT T1.* FROM (SELECT thinkphp.*, ROW_NUMBER() OVER ( ORDER BY level desc,sort) AS ROW_NUMBER FROM (SELECT  [id],[level],[sort] FROM [yf_auth_rule] WHERE  [name] = 'admin/Admin/admin_list'  AND [status] = 1) AS thinkphp) AS T1 WHERE (T1.ROW_NUMBER BETWEEN 1 AND 1) [ RunTime:0.010028s ]
[ sql ] [ SQL ] SELECT T1.* FROM (SELECT thinkphp.*, ROW_NUMBER() OVER ( ORDER BY rand()) AS ROW_NUMBER FROM (SELECT  [pid] FROM [yf_auth_rule] WHERE  [id] = 16) AS thinkphp) AS T1 WHERE (T1.ROW_NUMBER BETWEEN 1 AND 1) [ RunTime:0.010497s ]
[ sql ] [ SQL ] SELECT T1.* FROM (SELECT thinkphp.*, ROW_NUMBER() OVER ( ORDER BY [sort]) AS ROW_NUMBER FROM (SELECT  * FROM [yf_auth_rule] WHERE  [status] = 1  AND [pid] = 15) AS thinkphp) AS T1 [ RunTime:0.010747s ]
[ sql ] [ SQL ] SELECT T1.* FROM (SELECT thinkphp.*, ROW_NUMBER() OVER ( ORDER BY rand()) AS ROW_NUMBER FROM (SELECT  * FROM [yf_admin] [a] INNER JOIN [yf_auth_group_access] [b] ON [a].[admin_id]=[b].[uid] INNER JOIN [yf_auth_group] [c] ON [b].[group_id]=[c].[id] WHERE  [a].[admin_id] = '27') AS thinkphp) AS T1 WHERE (T1.ROW_NUMBER BETWEEN 1 AND 1) [ RunTime:0.012770s ]
[ sql ] [ SQL ] SELECT   column_name,   data_type,   column_default,   is_nullable
        FROM    information_schema.tables AS t
        JOIN    information_schema.columns AS c
        ON  t.table_catalog = c.table_catalog
        AND t.table_schema  = c.table_schema
        AND t.table_name    = c.table_name
        WHERE   t.table_name = 'yf_news' [ RunTime:0.034785s ]
[ sql ] [ SQL ] SELECT column_name FROM information_schema.key_column_usage WHERE table_name='yf_news' [ RunTime:0.085080s ]
[ sql ] [ SQL ] SELECT T1.* FROM (SELECT thinkphp.*, ROW_NUMBER() OVER ( ORDER BY rand()) AS ROW_NUMBER FROM (SELECT  COUNT(*) AS tp_count FROM [yf_news] WHERE  [news_auto] = '8806') AS thinkphp) AS T1 WHERE (T1.ROW_NUMBER BETWEEN 1 AND 1) [ RunTime:0.012824s ]
[ sql ] [ SQL ] SELECT   column_name,   data_type,   column_default,   is_nullable
        FROM    information_schema.tables AS t
        JOIN    information_schema.columns AS c
        ON  t.table_catalog = c.table_catalog
        AND t.table_schema  = c.table_schema
        AND t.table_name    = c.table_name
        WHERE   t.table_name = 'yf_hook_addon' [ RunTime:0.032455s ]
[ sql ] [ SQL ] SELECT column_name FROM information_schema.key_column_usage WHERE table_name='yf_hook_addon' [ RunTime:0.065928s ]
[ sql ] [ SQL ] SELECT T1.* FROM (SELECT thinkphp.*, ROW_NUMBER() OVER ( ORDER BY rand()) AS ROW_NUMBER FROM (SELECT  [a].[hook],[a].[addon] FROM [yf_hook_addon] [a] INNER JOIN [yf_hook] [b] ON [a].[hook]=[b].[name] INNER JOIN [yf_addon] [c] ON [a].[addon]=[c].[name] WHERE  ( [a].[status] = 1 AND [b].[status] = 1 AND [c].[status] = 1 )) AS thinkphp) AS T1 [ RunTime:0.026894s ]
[ sql ] [ SQL ] SELECT   column_name,   data_type,   column_default,   is_nullable
        FROM    information_schema.tables AS t
        JOIN    information_schema.columns AS c
        ON  t.table_catalog = c.table_catalog
        AND t.table_schema  = c.table_schema
        AND t.table_name    = c.table_name
        WHERE   t.table_name = 'yf_faculty' [ RunTime:0.038494s ]
[ sql ] [ SQL ] SELECT column_name FROM information_schema.key_column_usage WHERE table_name='yf_faculty' [ RunTime:0.094621s ]
[ sql ] [ SQL ] SELECT T1.* FROM (SELECT thinkphp.*, ROW_NUMBER() OVER ( ORDER BY faculty_number asc) AS ROW_NUMBER FROM (SELECT  * FROM [yf_faculty]) AS thinkphp) AS T1 [ RunTime:0.009107s ]
[ sql ] [ SQL ] SELECT T1.* FROM (SELECT thinkphp.*, ROW_NUMBER() OVER ( ORDER BY rand()) AS ROW_NUMBER FROM (SELECT  COUNT(*) AS tp_count FROM [yf_admin]) AS thinkphp) AS T1 WHERE (T1.ROW_NUMBER BETWEEN 1 AND 1) [ RunTime:0.010637s ]
[ sql ] [ SQL ] SELECT T1.* FROM (SELECT thinkphp.*, ROW_NUMBER() OVER ( ORDER BY [admin_id]) AS ROW_NUMBER FROM (SELECT  * FROM [yf_admin]) AS thinkphp) AS T1 WHERE (T1.ROW_NUMBER BETWEEN 40 + 1 AND 40 + 10) [ RunTime:0.009739s ]
[ sql ] [ SQL ] SELECT T1.* FROM (SELECT thinkphp.*, ROW_NUMBER() OVER ( ORDER BY rand()) AS ROW_NUMBER FROM (SELECT  [uid],[group_id],[title],[rules] FROM yf_auth_group_access a INNER JOIN [yf_auth_group] [g] ON [a].[group_id]=[g].[id] WHERE  (  a.uid='96' and g.status='1' )) AS thinkphp) AS T1 [ RunTime:0.010597s ]
[ sql ] [ SQL ] SELECT T1.* FROM (SELECT thinkphp.*, ROW_NUMBER() OVER ( ORDER BY rand()) AS ROW_NUMBER FROM (SELECT  [uid],[group_id],[title],[rules] FROM yf_auth_group_access a INNER JOIN [yf_auth_group] [g] ON [a].[group_id]=[g].[id] WHERE  (  a.uid='97' and g.status='1' )) AS thinkphp) AS T1 [ RunTime:0.010926s ]
[ sql ] [ SQL ] SELECT T1.* FROM (SELECT thinkphp.*, ROW_NUMBER() OVER ( ORDER BY rand()) AS ROW_NUMBER FROM (SELECT  [uid],[group_id],[title],[rules] FROM yf_auth_group_access a INNER JOIN [yf_auth_group] [g] ON [a].[group_id]=[g].[id] WHERE  (  a.uid='98' and g.status='1' )) AS thinkphp) AS T1 [ RunTime:0.010705s ]
[ sql ] [ SQL ] SELECT T1.* FROM (SELECT thinkphp.*, ROW_NUMBER() OVER ( ORDER BY rand()) AS ROW_NUMBER FROM (SELECT  [uid],[group_id],[title],[rules] FROM yf_auth_group_access a INNER JOIN [yf_auth_group] [g] ON [a].[group_id]=[g].[id] WHERE  (  a.uid='99' and g.status='1' )) AS thinkphp) AS T1 [ RunTime:0.010240s ]
[ sql ] [ SQL ] SELECT T1.* FROM (SELECT thinkphp.*, ROW_NUMBER() OVER ( ORDER BY rand()) AS ROW_NUMBER FROM (SELECT  [uid],[group_id],[title],[rules] FROM yf_auth_group_access a INNER JOIN [yf_auth_group] [g] ON [a].[group_id]=[g].[id] WHERE  (  a.uid='100' and g.status='1' )) AS thinkphp) AS T1 [ RunTime:0.010451s ]
[ sql ] [ SQL ] SELECT T1.* FROM (SELECT thinkphp.*, ROW_NUMBER() OVER ( ORDER BY rand()) AS ROW_NUMBER FROM (SELECT  [uid],[group_id],[title],[rules] FROM yf_auth_group_access a INNER JOIN [yf_auth_group] [g] ON [a].[group_id]=[g].[id] WHERE  (  a.uid='101' and g.status='1' )) AS thinkphp) AS T1 [ RunTime:0.018360s ]
[ sql ] [ SQL ] SELECT T1.* FROM (SELECT thinkphp.*, ROW_NUMBER() OVER ( ORDER BY rand()) AS ROW_NUMBER FROM (SELECT  [uid],[group_id],[title],[rules] FROM yf_auth_group_access a INNER JOIN [yf_auth_group] [g] ON [a].[group_id]=[g].[id] WHERE  (  a.uid='102' and g.status='1' )) AS thinkphp) AS T1 [ RunTime:0.010627s ]
[ sql ] [ SQL ] SELECT T1.* FROM (SELECT thinkphp.*, ROW_NUMBER() OVER ( ORDER BY rand()) AS ROW_NUMBER FROM (SELECT  [uid],[group_id],[title],[rules] FROM yf_auth_group_access a INNER JOIN [yf_auth_group] [g] ON [a].[group_id]=[g].[id] WHERE  (  a.uid='103' and g.status='1' )) AS thinkphp) AS T1 [ RunTime:0.010018s ]
[ sql ] [ SQL ] SELECT T1.* FROM (SELECT thinkphp.*, ROW_NUMBER() OVER ( ORDER BY rand()) AS ROW_NUMBER FROM (SELECT  [uid],[group_id],[title],[rules] FROM yf_auth_group_access a INNER JOIN [yf_auth_group] [g] ON [a].[group_id]=[g].[id] WHERE  (  a.uid='104' and g.status='1' )) AS thinkphp) AS T1 [ RunTime:0.010974s ]
[ sql ] [ SQL ] SELECT T1.* FROM (SELECT thinkphp.*, ROW_NUMBER() OVER ( ORDER BY rand()) AS ROW_NUMBER FROM (SELECT  [uid],[group_id],[title],[rules] FROM yf_auth_group_access a INNER JOIN [yf_auth_group] [g] ON [a].[group_id]=[g].[id] WHERE  (  a.uid='105' and g.status='1' )) AS thinkphp) AS T1 [ RunTime:0.012818s ]
[ log ] Cron:clearlog Runat 2018-04-23 16:45:37 Use 0.000601 s

[ info ] [ BEHAVIOR ] Run app\admin\behavior\Cron @app_end [ RunTime:0.007598s ]
---------------------------------------------------------------
[ 2018-04-23T16:45:41+08:00 ] 211.66.88.159 113.103.92.239 GET /admin/sys/logsys.html
[ info ] zzxt.gdngs.cn/admin/sys/logsys.html [运行时间：0.720077s][吞吐率：1.39req/s] [内存消耗：4,187.52kb] [文件加载：83]
[ info ] [ LANG ] D:\UPUPW_K2.1\htdocs\zzxt\1.0.0\thinkphp\lang\zh-cn.php
[ info ] [ LANG ] D:\UPUPW_K2.1\htdocs\zzxt\1.0.0/app/lang\zh-cn.php
[ info ] [ CACHE ] INIT File
[ info ] [ ROUTE ] array (
  'type' => 'module',
  'module' => 
  array (
    0 => 'admin',
    1 => 'sys',
    2 => 'logsys',
  ),
)
[ info ] [ HEADER ] array (
  'x-rewrite-url' => '/admin/sys/logsys.html',
  'cookie' => 'thinkphp_show_page_trace=0|0; thinkphp_show_page_trace=0|0; PHPSESSID=eg8uch650recit7ip14qhffcd5; thinkphp_show_page_trace=0|0; yf_logged_user=8ekNegnrHhnF2em34',
  'accept-language' => 'zh-CN,zh;q=0.9',
  'accept-encoding' => 'gzip, deflate',
  'accept' => 'text/html,application/xhtml+xml,application/xml;q=0.9,image/webp,image/apng,*/*;q=0.8',
  'user-agent' => 'Mozilla/5.0 (Macintosh; Intel Mac OS X 10_13_4) AppleWebKit/537.36 (KHTML, like Gecko) Chrome/65.0.3325.181 Safari/537.36',
  'upgrade-insecure-requests' => '1',
  'connection' => 'keep-alive',
  'host' => 'zzxt.gdngs.cn',
)
[ info ] [ PARAM ] array (
)
[ info ] [ BEHAVIOR ] Run app\common\behavior\WebLog @module_init [ RunTime:0.000989s ]
[ info ] [ DB ] INIT sqlsrv
[ info ] [ SESSION ] INIT array (
  'id' => '',
  'var_session_id' => '',
  'prefix' => 'think',
  'type' => '',
  'auto_start' => true,
)
[ info ] [ BEHAVIOR ] Run Closure @action_begin [ RunTime:0.003475s ]
[ info ] [ RUN ] app\admin\controller\Sys->logsys[ D:\UPUPW_K2.1\htdocs\zzxt\1.0.0\app\admin\controller\Sys.php ]
[ info ] [ VIEW ] D:\UPUPW_K2.1\htdocs\zzxt\1.0.0/app/admin\view\sys\logsys.html [ array (
  0 => 'lang',
  1 => 'menus',
  2 => 'menus_curr',
  3 => 'menus_child',
  4 => 'id_curr',
  5 => 'admin',
  6 => 'admin_avatar',
  7 => 'log',
) ]
[ info ] [ BEHAVIOR ] Run app\admin\behavior\Cron @app_end [ RunTime:0.003205s ]
[ info ] [ LOG ] INIT File
[ sql ] [ DB ] CONNECT:[ UseTime:0.000109s ] sqlsrv:Server=139.199.184.111;Database=zzxt
[ sql ] [ SQL ] SELECT   column_name,   data_type,   column_default,   is_nullable
        FROM    information_schema.tables AS t
        JOIN    information_schema.columns AS c
        ON  t.table_catalog = c.table_catalog
        AND t.table_schema  = c.table_schema
        AND t.table_name    = c.table_name
        WHERE   t.table_name = 'yf_auth_rule' [ RunTime:0.008492s ]
[ sql ] [ SQL ] SELECT column_name FROM information_schema.key_column_usage WHERE table_name='yf_auth_rule' [ RunTime:0.015483s ]
[ sql ] [ SQL ] SELECT T1.* FROM (SELECT thinkphp.*, ROW_NUMBER() OVER ( ORDER BY level desc,sort) AS ROW_NUMBER FROM (SELECT  [id],[level],[sort] FROM [yf_auth_rule] WHERE  [name] = 'admin/Sys/logsys') AS thinkphp) AS T1 WHERE (T1.ROW_NUMBER BETWEEN 1 AND 1) [ RunTime:0.010080s ]
[ sql ] [ SQL ] SELECT T1.* FROM (SELECT thinkphp.*, ROW_NUMBER() OVER ( ORDER BY [sort]) AS ROW_NUMBER FROM (SELECT  * FROM [yf_auth_rule] WHERE  [status] = 1) AS thinkphp) AS T1 [ RunTime:0.011101s ]
[ sql ] [ SQL ] SELECT T1.* FROM (SELECT thinkphp.*, ROW_NUMBER() OVER ( ORDER BY level desc,sort) AS ROW_NUMBER FROM (SELECT  [id],[pid],[level],[sort] FROM [yf_auth_rule]) AS thinkphp) AS T1 [ RunTime:0.008498s ]
[ sql ] [ SQL ] SELECT T1.* FROM (SELECT thinkphp.*, ROW_NUMBER() OVER ( ORDER BY level desc,sort) AS ROW_NUMBER FROM (SELECT  [id],[level],[sort] FROM [yf_auth_rule] WHERE  [name] = 'admin/Sys/logsys'  AND [status] = 1) AS thinkphp) AS T1 WHERE (T1.ROW_NUMBER BETWEEN 1 AND 1) [ RunTime:0.010537s ]
[ sql ] [ SQL ] SELECT T1.* FROM (SELECT thinkphp.*, ROW_NUMBER() OVER ( ORDER BY rand()) AS ROW_NUMBER FROM (SELECT  [pid] FROM [yf_auth_rule] WHERE  [id] = 228) AS thinkphp) AS T1 WHERE (T1.ROW_NUMBER BETWEEN 1 AND 1) [ RunTime:0.009384s ]
[ sql ] [ SQL ] SELECT T1.* FROM (SELECT thinkphp.*, ROW_NUMBER() OVER ( ORDER BY [sort]) AS ROW_NUMBER FROM (SELECT  * FROM [yf_auth_rule] WHERE  [status] = 1  AND [pid] = 2) AS thinkphp) AS T1 [ RunTime:0.009575s ]
[ sql ] [ SQL ] SELECT   column_name,   data_type,   column_default,   is_nullable
        FROM    information_schema.tables AS t
        JOIN    information_schema.columns AS c
        ON  t.table_catalog = c.table_catalog
        AND t.table_schema  = c.table_schema
        AND t.table_name    = c.table_name
        WHERE   t.table_name = 'yf_admin' [ RunTime:0.008760s ]
[ sql ] [ SQL ] SELECT column_name FROM information_schema.key_column_usage WHERE table_name='yf_admin' [ RunTime:0.016992s ]
[ sql ] [ SQL ] SELECT T1.* FROM (SELECT thinkphp.*, ROW_NUMBER() OVER ( ORDER BY rand()) AS ROW_NUMBER FROM (SELECT  * FROM [yf_admin] [a] INNER JOIN [yf_auth_group_access] [b] ON [a].[admin_id]=[b].[uid] INNER JOIN [yf_auth_group] [c] ON [b].[group_id]=[c].[id] WHERE  [a].[admin_id] = '1') AS thinkphp) AS T1 WHERE (T1.ROW_NUMBER BETWEEN 1 AND 1) [ RunTime:0.018739s ]
[ sql ] [ SQL ] SELECT   column_name,   data_type,   column_default,   is_nullable
        FROM    information_schema.tables AS t
        JOIN    information_schema.columns AS c
        ON  t.table_catalog = c.table_catalog
        AND t.table_schema  = c.table_schema
        AND t.table_name    = c.table_name
        WHERE   t.table_name = 'yf_news' [ RunTime:0.008399s ]
[ sql ] [ SQL ] SELECT column_name FROM information_schema.key_column_usage WHERE table_name='yf_news' [ RunTime:0.016326s ]
[ sql ] [ SQL ] SELECT T1.* FROM (SELECT thinkphp.*, ROW_NUMBER() OVER ( ORDER BY rand()) AS ROW_NUMBER FROM (SELECT  COUNT(*) AS tp_count FROM [yf_news] WHERE  [news_auto] = '1') AS thinkphp) AS T1 WHERE (T1.ROW_NUMBER BETWEEN 1 AND 1) [ RunTime:0.011052s ]
---------------------------------------------------------------
[ 2018-04-23T16:45:42+08:00 ] 211.66.88.159 113.103.92.239 GET /
[ info ] zzxt.gdngs.cn/ [运行时间：0.662942s][吞吐率：1.51req/s] [内存消耗：3,514.53kb] [文件加载：84]
[ info ] [ LANG ] D:\UPUPW_K2.1\htdocs\zzxt\1.0.0\thinkphp\lang\zh-cn.php
[ info ] [ LANG ] D:\UPUPW_K2.1\htdocs\zzxt\1.0.0/app/lang\zh-cn.php
[ info ] [ CACHE ] INIT File
[ info ] [ ROUTE ] array (
  'type' => 'module',
  'module' => 
  array (
    0 => 'home',
    1 => 'Index',
    2 => 'index',
  ),
  'convert' => false,
)
[ info ] [ HEADER ] array (
  'cookie' => 'PHPSESSID=eg8uch650recit7ip14qhffcd5; thinkphp_show_page_trace=0|0; yf_logged_user=8ekNegnrHhnF2em34',
  'accept-language' => 'zh-CN,zh;q=0.9',
  'accept-encoding' => 'gzip, deflate',
  'accept' => 'text/html,application/xhtml+xml,application/xml;q=0.9,image/webp,image/apng,*/*;q=0.8',
  'user-agent' => 'Mozilla/5.0 (Macintosh; Intel Mac OS X 10_13_4) AppleWebKit/537.36 (KHTML, like Gecko) Chrome/65.0.3325.181 Safari/537.36',
  'upgrade-insecure-requests' => '1',
  'connection' => 'keep-alive',
  'host' => 'zzxt.gdngs.cn',
)
[ info ] [ PARAM ] array (
)
[ info ] [ LANG ] D:\UPUPW_K2.1\htdocs\zzxt\1.0.0/app/home\lang\zh-cn.php
[ info ] [ BEHAVIOR ] Run app\common\behavior\WebLog @module_init [ RunTime:0.000949s ]
[ info ] [ DB ] INIT sqlsrv
[ info ] [ SESSION ] INIT array (
  'id' => '',
  'var_session_id' => '',
  'prefix' => 'think',
  'type' => '',
  'auto_start' => true,
)
[ info ] [ BEHAVIOR ] Run Closure @action_begin [ RunTime:0.002882s ]
[ info ] [ RUN ] app\home\controller\Index->index[ D:\UPUPW_K2.1\htdocs\zzxt\1.0.0\app\home\controller\Index.php ]
[ info ] [ VIEW ] D:\UPUPW_K2.1\htdocs\zzxt\1.0.0/app/home/view/default/\index.html [ array (
  0 => 'lang',
  1 => 'map_lat',
  2 => 'map_lng',
  3 => 'site_name',
  4 => 'site_host',
  5 => 'site_tpl',
  6 => 'site_tpl_m',
  7 => 'site_logo',
  8 => 'site_icp',
  9 => 'site_tongji',
  10 => 'site_copyright',
  11 => 'site_co_name',
  12 => 'site_address',
  13 => 'site_tel',
  14 => 'site_admin_email',
  15 => 'site_qq',
  16 => 'site_seo_title',
  17 => 'site_seo_keywords',
  18 => 'site_seo_description',
  19 => 'yf_theme_path',
  20 => 'user',
  21 => 'is_admin',
  22 => 'is_question_open',
) ]
[ info ] [ BEHAVIOR ] Run app\admin\behavior\Cron @app_end [ RunTime:0.003124s ]
[ info ] [ LOG ] INIT File
[ sql ] [ DB ] CONNECT:[ UseTime:0.000092s ] sqlsrv:Server=139.199.184.111;Database=zzxt
[ sql ] [ SQL ] SELECT   column_name,   data_type,   column_default,   is_nullable
        FROM    information_schema.tables AS t
        JOIN    information_schema.columns AS c
        ON  t.table_catalog = c.table_catalog
        AND t.table_schema  = c.table_schema
        AND t.table_name    = c.table_name
        WHERE   t.table_name = 'yf_member_list' [ RunTime:0.036814s ]
[ sql ] [ SQL ] SELECT column_name FROM information_schema.key_column_usage WHERE table_name='yf_member_list' [ RunTime:0.077921s ]
[ sql ] [ SQL ] SELECT T1.* FROM (SELECT thinkphp.*, ROW_NUMBER() OVER ( ORDER BY rand()) AS ROW_NUMBER FROM (SELECT  [member_list_username],[id_number] FROM [yf_member_list] WHERE  [member_list_id] IS NULL) AS thinkphp) AS T1 WHERE (T1.ROW_NUMBER BETWEEN 1 AND 1) [ RunTime:0.009778s ]
[ sql ] [ SQL ] SELECT   column_name,   data_type,   column_default,   is_nullable
        FROM    information_schema.tables AS t
        JOIN    information_schema.columns AS c
        ON  t.table_catalog = c.table_catalog
        AND t.table_schema  = c.table_schema
        AND t.table_name    = c.table_name
        WHERE   t.table_name = 'yf_options' [ RunTime:0.031425s ]
[ sql ] [ SQL ] SELECT column_name FROM information_schema.key_column_usage WHERE table_name='yf_options' [ RunTime:0.071606s ]
[ sql ] [ SQL ] SELECT T1.* FROM (SELECT thinkphp.*, ROW_NUMBER() OVER ( ORDER BY rand()) AS ROW_NUMBER FROM (SELECT  * FROM [yf_options] WHERE  [option_name] = 'site_options'  AND [option_l] = 'zh-cn') AS thinkphp) AS T1 WHERE (T1.ROW_NUMBER BETWEEN 1 AND 1) [ RunTime:0.012128s ]
[ sql ] [ SQL ] SELECT T1.* FROM (SELECT thinkphp.*, ROW_NUMBER() OVER ( ORDER BY rand()) AS ROW_NUMBER FROM (SELECT  * FROM [yf_member_list] WHERE  [member_list_id] = 1) AS thinkphp) AS T1 WHERE (T1.ROW_NUMBER BETWEEN 1 AND 1) [ RunTime:0.010965s ]
[ sql ] [ SQL ] SELECT   column_name,   data_type,   column_default,   is_nullable
        FROM    information_schema.tables AS t
        JOIN    information_schema.columns AS c
        ON  t.table_catalog = c.table_catalog
        AND t.table_schema  = c.table_schema
        AND t.table_name    = c.table_name
        WHERE   t.table_name = 'yf_question_switch' [ RunTime:0.030345s ]
[ sql ] [ SQL ] SELECT column_name FROM information_schema.key_column_usage WHERE table_name='yf_question_switch' [ RunTime:0.086186s ]
[ sql ] [ SQL ] SELECT T1.* FROM (SELECT thinkphp.*, ROW_NUMBER() OVER ( ORDER BY rand()) AS ROW_NUMBER FROM (SELECT  * FROM [yf_question_switch] WHERE  [is_open] = '1') AS thinkphp) AS T1 WHERE (T1.ROW_NUMBER BETWEEN 1 AND 1) [ RunTime:0.012418s ]
[ sql ] [ SQL ] SELECT   column_name,   data_type,   column_default,   is_nullable
        FROM    information_schema.tables AS t
        JOIN    information_schema.columns AS c
        ON  t.table_catalog = c.table_catalog
        AND t.table_schema  = c.table_schema
        AND t.table_name    = c.table_name
        WHERE   t.table_name = 'yf_news' [ RunTime:0.009365s ]
[ sql ] [ SQL ] SELECT column_name FROM information_schema.key_column_usage WHERE table_name='yf_news' [ RunTime:0.016569s ]
[ sql ] [ SQL ] SELECT T1.* FROM (SELECT thinkphp.*, ROW_NUMBER() OVER ( ORDER BY news_time desc) AS ROW_NUMBER FROM (SELECT  [n_id],[news_title],[news_content],[news_time] FROM [yf_news] [a] WHERE  [news_open] = '1'  AND [news_l] = 'zh-cn'  AND [news_back] = 0  AND [news_columnid] IN (3)) AS thinkphp) AS T1 WHERE (T1.ROW_NUMBER BETWEEN 1 AND 6) [ RunTime:0.011320s ]
[ sql ] [ SQL ] SELECT T1.* FROM (SELECT thinkphp.*, ROW_NUMBER() OVER ( ORDER BY news_time desc) AS ROW_NUMBER FROM (SELECT  [n_id],[news_title],[news_content],[news_time] FROM [yf_news] [a] WHERE  [news_open] = '1'  AND [news_l] = 'zh-cn'  AND [news_back] = 0  AND [news_columnid] IN (21)) AS thinkphp) AS T1 WHERE (T1.ROW_NUMBER BETWEEN 1 AND 8) [ RunTime:0.011013s ]
[ sql ] [ SQL ] SELECT T1.* FROM (SELECT thinkphp.*, ROW_NUMBER() OVER ( ORDER BY news_time desc) AS ROW_NUMBER FROM (SELECT  [n_id],[news_title],[news_content],[news_time] FROM [yf_news] [a] WHERE  [news_open] = '1'  AND [news_l] = 'zh-cn'  AND [news_back] = 0  AND [news_columnid] IN (6)) AS thinkphp) AS T1 WHERE (T1.ROW_NUMBER BETWEEN 1 AND 6) [ RunTime:0.009278s ]
[ sql ] [ SQL ] SELECT T1.* FROM (SELECT thinkphp.*, ROW_NUMBER() OVER ( ORDER BY news_time desc) AS ROW_NUMBER FROM (SELECT  [n_id],[news_title],[news_content],[news_time] FROM [yf_news] [a] WHERE  [news_open] = '1'  AND [news_l] = 'zh-cn'  AND [news_back] = 0  AND [news_columnid] IN (5)) AS thinkphp) AS T1 WHERE (T1.ROW_NUMBER BETWEEN 1 AND 6) [ RunTime:0.009045s ]
[ sql ] [ SQL ] SELECT T1.* FROM (SELECT thinkphp.*, ROW_NUMBER() OVER ( ORDER BY news_time desc) AS ROW_NUMBER FROM (SELECT  [n_id],[news_title],[news_content],[news_img],[news_time] FROM [yf_news] [a] WHERE  [news_open] = '1'  AND [news_l] = 'zh-cn'  AND [news_back] = 0  AND [news_columnid] IN (22)) AS thinkphp) AS T1 WHERE (T1.ROW_NUMBER BETWEEN 1 AND 6) [ RunTime:0.011055s ]
---------------------------------------------------------------
[ 2018-04-23T16:45:59+08:00 ] 211.66.88.159 113.103.92.239 GET /admin/sys/sys.html
[ info ] zzxt.gdngs.cn/admin/sys/sys.html [运行时间：0.381273s][吞吐率：2.62req/s] [内存消耗：4,372.89kb] [文件加载：83]
[ info ] [ LANG ] D:\UPUPW_K2.1\htdocs\zzxt\1.0.0\thinkphp\lang\zh-cn.php
[ info ] [ LANG ] D:\UPUPW_K2.1\htdocs\zzxt\1.0.0/app/lang\zh-cn.php
[ info ] [ CACHE ] INIT File
[ info ] [ ROUTE ] array (
  'type' => 'module',
  'module' => 
  array (
    0 => 'admin',
    1 => 'sys',
    2 => 'sys',
  ),
)
[ info ] [ HEADER ] array (
  'x-rewrite-url' => '/admin/sys/sys.html',
  'cookie' => 'thinkphp_show_page_trace=0|0; thinkphp_show_page_trace=0|0; PHPSESSID=eg8uch650recit7ip14qhffcd5; thinkphp_show_page_trace=0|0; yf_logged_user=8ekNegnrHhnF2em34',
  'accept-language' => 'zh-CN,zh;q=0.9',
  'accept-encoding' => 'gzip, deflate',
  'referer' => 'http://zzxt.gdngs.cn/admin/sys/logsys.html',
  'accept' => 'text/html,application/xhtml+xml,application/xml;q=0.9,image/webp,image/apng,*/*;q=0.8',
  'user-agent' => 'Mozilla/5.0 (Macintosh; Intel Mac OS X 10_13_4) AppleWebKit/537.36 (KHTML, like Gecko) Chrome/65.0.3325.181 Safari/537.36',
  'upgrade-insecure-requests' => '1',
  'connection' => 'keep-alive',
  'host' => 'zzxt.gdngs.cn',
)
[ info ] [ PARAM ] array (
)
[ info ] [ BEHAVIOR ] Run app\common\behavior\WebLog @module_init [ RunTime:0.001004s ]
[ info ] [ DB ] INIT sqlsrv
[ info ] [ SESSION ] INIT array (
  'id' => '',
  'var_session_id' => '',
  'prefix' => 'think',
  'type' => '',
  'auto_start' => true,
)
[ info ] [ BEHAVIOR ] Run Closure @action_begin [ RunTime:0.003393s ]
[ info ] [ RUN ] app\admin\controller\Sys->sys[ D:\UPUPW_K2.1\htdocs\zzxt\1.0.0\app\admin\controller\Sys.php ]
[ info ] [ VIEW ] D:\UPUPW_K2.1\htdocs\zzxt\1.0.0/app/admin\view\sys\sys.html [ array (
  0 => 'lang',
  1 => 'menus',
  2 => 'menus_curr',
  3 => 'menus_child',
  4 => 'id_curr',
  5 => 'admin',
  6 => 'admin_avatar',
  7 => 'templates',
  8 => 'map_lat',
  9 => 'map_lng',
  10 => 'sys',
) ]
[ info ] [ BEHAVIOR ] Run app\admin\behavior\Cron @app_end [ RunTime:0.003595s ]
[ info ] [ LOG ] INIT File
[ sql ] [ DB ] CONNECT:[ UseTime:0.000093s ] sqlsrv:Server=139.199.184.111;Database=zzxt
[ sql ] [ SQL ] SELECT   column_name,   data_type,   column_default,   is_nullable
        FROM    information_schema.tables AS t
        JOIN    information_schema.columns AS c
        ON  t.table_catalog = c.table_catalog
        AND t.table_schema  = c.table_schema
        AND t.table_name    = c.table_name
        WHERE   t.table_name = 'yf_auth_rule' [ RunTime:0.008232s ]
[ sql ] [ SQL ] SELECT column_name FROM information_schema.key_column_usage WHERE table_name='yf_auth_rule' [ RunTime:0.015613s ]
[ sql ] [ SQL ] SELECT T1.* FROM (SELECT thinkphp.*, ROW_NUMBER() OVER ( ORDER BY level desc,sort) AS ROW_NUMBER FROM (SELECT  [id],[level],[sort] FROM [yf_auth_rule] WHERE  [name] = 'admin/Sys/sys') AS thinkphp) AS T1 WHERE (T1.ROW_NUMBER BETWEEN 1 AND 1) [ RunTime:0.013219s ]
[ sql ] [ SQL ] SELECT T1.* FROM (SELECT thinkphp.*, ROW_NUMBER() OVER ( ORDER BY level desc,sort) AS ROW_NUMBER FROM (SELECT  [id],[pid],[level],[sort] FROM [yf_auth_rule]) AS thinkphp) AS T1 [ RunTime:0.008195s ]
[ sql ] [ SQL ] SELECT T1.* FROM (SELECT thinkphp.*, ROW_NUMBER() OVER ( ORDER BY level desc,sort) AS ROW_NUMBER FROM (SELECT  [id],[level],[sort] FROM [yf_auth_rule] WHERE  [name] = 'admin/Sys/sys'  AND [status] = 1) AS thinkphp) AS T1 WHERE (T1.ROW_NUMBER BETWEEN 1 AND 1) [ RunTime:0.011042s ]
[ sql ] [ SQL ] SELECT T1.* FROM (SELECT thinkphp.*, ROW_NUMBER() OVER ( ORDER BY rand()) AS ROW_NUMBER FROM (SELECT  [pid] FROM [yf_auth_rule] WHERE  [id] = 6) AS thinkphp) AS T1 WHERE (T1.ROW_NUMBER BETWEEN 1 AND 1) [ RunTime:0.009248s ]
[ sql ] [ SQL ] SELECT T1.* FROM (SELECT thinkphp.*, ROW_NUMBER() OVER ( ORDER BY [sort]) AS ROW_NUMBER FROM (SELECT  * FROM [yf_auth_rule] WHERE  [status] = 1  AND [pid] = 2) AS thinkphp) AS T1 [ RunTime:0.008307s ]
[ sql ] [ SQL ] SELECT   column_name,   data_type,   column_default,   is_nullable
        FROM    information_schema.tables AS t
        JOIN    information_schema.columns AS c
        ON  t.table_catalog = c.table_catalog
        AND t.table_schema  = c.table_schema
        AND t.table_name    = c.table_name
        WHERE   t.table_name = 'yf_admin' [ RunTime:0.008072s ]
[ sql ] [ SQL ] SELECT column_name FROM information_schema.key_column_usage WHERE table_name='yf_admin' [ RunTime:0.016000s ]
[ sql ] [ SQL ] SELECT T1.* FROM (SELECT thinkphp.*, ROW_NUMBER() OVER ( ORDER BY rand()) AS ROW_NUMBER FROM (SELECT  * FROM [yf_admin] [a] INNER JOIN [yf_auth_group_access] [b] ON [a].[admin_id]=[b].[uid] INNER JOIN [yf_auth_group] [c] ON [b].[group_id]=[c].[id] WHERE  [a].[admin_id] = '1') AS thinkphp) AS T1 WHERE (T1.ROW_NUMBER BETWEEN 1 AND 1) [ RunTime:0.007895s ]
[ sql ] [ SQL ] SELECT   column_name,   data_type,   column_default,   is_nullable
        FROM    information_schema.tables AS t
        JOIN    information_schema.columns AS c
        ON  t.table_catalog = c.table_catalog
        AND t.table_schema  = c.table_schema
        AND t.table_name    = c.table_name
        WHERE   t.table_name = 'yf_news' [ RunTime:0.009547s ]
[ sql ] [ SQL ] SELECT column_name FROM information_schema.key_column_usage WHERE table_name='yf_news' [ RunTime:0.015560s ]
[ sql ] [ SQL ] SELECT T1.* FROM (SELECT thinkphp.*, ROW_NUMBER() OVER ( ORDER BY rand()) AS ROW_NUMBER FROM (SELECT  COUNT(*) AS tp_count FROM [yf_news] WHERE  [news_auto] = '1') AS thinkphp) AS T1 WHERE (T1.ROW_NUMBER BETWEEN 1 AND 1) [ RunTime:0.008353s ]
