---------------------------------------------------------------
[ 2018-05-05T10:42:28+08:00 ] 211.66.88.159 113.103.92.153 GET /
[ info ] zzxt.gdngs.cn/ [运行时间：0.879644s][吞吐率：1.14req/s] [内存消耗：3,470.87kb] [文件加载：82]
[ info ] [ LANG ] D:\UPUPW_K2.1\htdocs\zzxt\1.0.0\thinkphp\lang\zh-cn.php
[ info ] [ LANG ] D:\UPUPW_K2.1\htdocs\zzxt\1.0.0/app/lang\zh-cn.php
[ info ] [ CACHE ] INIT File
[ info ] [ ROUTE ] array (
  'type' => 'module',
  'module' => 
  array (
    0 => 'home',
    1 => 'Index',
    2 => 'index',
  ),
  'convert' => false,
)
[ info ] [ HEADER ] array (
  'cookie' => 'PHPSESSID=1r0ptpisj25lraj147h311o281; thinkphp_show_page_trace=0|0',
  'accept-language' => 'zh-CN,zh;q=0.9,en;q=0.8',
  'accept-encoding' => 'gzip, deflate',
  'referer' => 'http://zzxt.gdngs.cn/home/Publicity/evaluPublicity.html',
  'accept' => 'text/html,application/xhtml+xml,application/xml;q=0.9,image/webp,image/apng,*/*;q=0.8',
  'user-agent' => 'Mozilla/5.0 (Macintosh; Intel Mac OS X 10_13_4) AppleWebKit/537.36 (KHTML, like Gecko) Chrome/66.0.3359.139 Safari/537.36',
  'upgrade-insecure-requests' => '1',
  'connection' => 'keep-alive',
  'host' => 'zzxt.gdngs.cn',
)
[ info ] [ PARAM ] array (
)
[ info ] [ LANG ] D:\UPUPW_K2.1\htdocs\zzxt\1.0.0/app/home\lang\zh-cn.php
[ info ] [ BEHAVIOR ] Run app\common\behavior\WebLog @module_init [ RunTime:0.001060s ]
[ info ] [ DB ] INIT sqlsrv
[ info ] [ SESSION ] INIT array (
  'id' => '',
  'var_session_id' => '',
  'prefix' => 'think',
  'type' => '',
  'auto_start' => true,
)
[ info ] [ BEHAVIOR ] Run Closure @action_begin [ RunTime:0.003438s ]
[ info ] [ RUN ] app\home\controller\Index->index[ D:\UPUPW_K2.1\htdocs\zzxt\1.0.0\app\home\controller\Index.php ]
[ info ] [ VIEW ] D:\UPUPW_K2.1\htdocs\zzxt\1.0.0/app/home/view/default/\index.html [ array (
  0 => 'lang',
  1 => 'map_lat',
  2 => 'map_lng',
  3 => 'site_name',
  4 => 'site_host',
  5 => 'site_tpl',
  6 => 'site_tpl_m',
  7 => 'site_logo',
  8 => 'site_icp',
  9 => 'site_tongji',
  10 => 'site_copyright',
  11 => 'site_co_name',
  12 => 'site_address',
  13 => 'site_tel',
  14 => 'site_admin_email',
  15 => 'site_qq',
  16 => 'site_seo_title',
  17 => 'site_seo_keywords',
  18 => 'site_seo_description',
  19 => 'yf_theme_path',
  20 => 'user',
  21 => 'is_admin',
  22 => 'is_question_open',
) ]
[ sql ] [ DB ] CONNECT:[ UseTime:0.151257s ] sqlsrv:Server=139.199.184.111;Database=zzxt
[ sql ] [ SQL ] SELECT   column_name,   data_type,   column_default,   is_nullable
        FROM    information_schema.tables AS t
        JOIN    information_schema.columns AS c
        ON  t.table_catalog = c.table_catalog
        AND t.table_schema  = c.table_schema
        AND t.table_name    = c.table_name
        WHERE   t.table_name = 'yf_member_list' [ RunTime:0.055390s ]
[ sql ] [ SQL ] SELECT column_name FROM information_schema.key_column_usage WHERE table_name='yf_member_list' [ RunTime:0.086666s ]
[ sql ] [ SQL ] SELECT T1.* FROM (SELECT thinkphp.*, ROW_NUMBER() OVER ( ORDER BY rand()) AS ROW_NUMBER FROM (SELECT  [member_list_username],[id_number] FROM [yf_member_list] WHERE  [member_list_id] = 8858) AS thinkphp) AS T1 WHERE (T1.ROW_NUMBER BETWEEN 1 AND 1) [ RunTime:0.010421s ]
[ sql ] [ SQL ] SELECT T1.* FROM (SELECT thinkphp.*, ROW_NUMBER() OVER ( ORDER BY rand()) AS ROW_NUMBER FROM (SELECT  * FROM [yf_member_list] WHERE  [member_list_id] = 8858) AS thinkphp) AS T1 WHERE (T1.ROW_NUMBER BETWEEN 1 AND 1) [ RunTime:0.008477s ]
[ sql ] [ SQL ] SELECT T1.* FROM (SELECT thinkphp.*, ROW_NUMBER() OVER ( ORDER BY rand()) AS ROW_NUMBER FROM (SELECT  [u].*,[m].[member_list_id],[m].[member_list_username],[member_list_email],[m].[member_list_province],[m].[member_list_city],[m].[member_list_town],[m].[member_list_nickname],[m].[member_list_headpic],[m].[user_status] FROM [yf_member_list] [m] INNER JOIN [yf_user] [u] ON [u].[id_number]=[m].[id_number] WHERE  [m].[member_list_id] = '8858') AS thinkphp) AS T1 WHERE (T1.ROW_NUMBER BETWEEN 1 AND 1) [ RunTime:0.016826s ]
[ sql ] [ SQL ] SELECT   column_name,   data_type,   column_default,   is_nullable
        FROM    information_schema.tables AS t
        JOIN    information_schema.columns AS c
        ON  t.table_catalog = c.table_catalog
        AND t.table_schema  = c.table_schema
        AND t.table_name    = c.table_name
        WHERE   t.table_name = 'yf_admin' [ RunTime:0.030558s ]
[ sql ] [ SQL ] SELECT column_name FROM information_schema.key_column_usage WHERE table_name='yf_admin' [ RunTime:0.062621s ]
[ sql ] [ SQL ] SELECT T1.* FROM (SELECT thinkphp.*, ROW_NUMBER() OVER ( ORDER BY rand()) AS ROW_NUMBER FROM (SELECT  * FROM [yf_admin] WHERE  [member_id] = 8858) AS thinkphp) AS T1 WHERE (T1.ROW_NUMBER BETWEEN 1 AND 1) [ RunTime:0.011210s ]
[ sql ] [ SQL ] SELECT   column_name,   data_type,   column_default,   is_nullable
        FROM    information_schema.tables AS t
        JOIN    information_schema.columns AS c
        ON  t.table_catalog = c.table_catalog
        AND t.table_schema  = c.table_schema
        AND t.table_name    = c.table_name
        WHERE   t.table_name = 'yf_question_switch' [ RunTime:0.039481s ]
[ sql ] [ SQL ] SELECT column_name FROM information_schema.key_column_usage WHERE table_name='yf_question_switch' [ RunTime:0.065584s ]
[ sql ] [ SQL ] SELECT T1.* FROM (SELECT thinkphp.*, ROW_NUMBER() OVER ( ORDER BY rand()) AS ROW_NUMBER FROM (SELECT  * FROM [yf_question_switch] WHERE  [is_open] = '1') AS thinkphp) AS T1 WHERE (T1.ROW_NUMBER BETWEEN 1 AND 1) [ RunTime:0.010022s ]
[ sql ] [ SQL ] SELECT   column_name,   data_type,   column_default,   is_nullable
        FROM    information_schema.tables AS t
        JOIN    information_schema.columns AS c
        ON  t.table_catalog = c.table_catalog
        AND t.table_schema  = c.table_schema
        AND t.table_name    = c.table_name
        WHERE   t.table_name = 'yf_news' [ RunTime:0.032365s ]
[ sql ] [ SQL ] SELECT column_name FROM information_schema.key_column_usage WHERE table_name='yf_news' [ RunTime:0.059523s ]
[ sql ] [ SQL ] SELECT T1.* FROM (SELECT thinkphp.*, ROW_NUMBER() OVER ( ORDER BY news_time desc) AS ROW_NUMBER FROM (SELECT  [n_id],[news_title],[news_content],[news_time] FROM [yf_news] [a] WHERE  [news_open] = '1'  AND [news_l] = 'zh-cn'  AND [news_back] = 0  AND [news_columnid] IN (3)) AS thinkphp) AS T1 WHERE (T1.ROW_NUMBER BETWEEN 1 AND 6) [ RunTime:0.011029s ]
[ sql ] [ SQL ] SELECT T1.* FROM (SELECT thinkphp.*, ROW_NUMBER() OVER ( ORDER BY news_time desc) AS ROW_NUMBER FROM (SELECT  [n_id],[news_title],[news_content],[news_time] FROM [yf_news] [a] WHERE  [news_open] = '1'  AND [news_l] = 'zh-cn'  AND [news_back] = 0  AND [news_columnid] IN (21)) AS thinkphp) AS T1 WHERE (T1.ROW_NUMBER BETWEEN 1 AND 8) [ RunTime:0.008203s ]
[ sql ] [ SQL ] SELECT T1.* FROM (SELECT thinkphp.*, ROW_NUMBER() OVER ( ORDER BY news_time desc) AS ROW_NUMBER FROM (SELECT  [n_id],[news_title],[news_content],[news_time] FROM [yf_news] [a] WHERE  [news_open] = '1'  AND [news_l] = 'zh-cn'  AND [news_back] = 0  AND [news_columnid] IN (6)) AS thinkphp) AS T1 WHERE (T1.ROW_NUMBER BETWEEN 1 AND 6) [ RunTime:0.005896s ]
[ sql ] [ SQL ] SELECT T1.* FROM (SELECT thinkphp.*, ROW_NUMBER() OVER ( ORDER BY news_time desc) AS ROW_NUMBER FROM (SELECT  [n_id],[news_title],[news_content],[news_time] FROM [yf_news] [a] WHERE  [news_open] = '1'  AND [news_l] = 'zh-cn'  AND [news_back] = 0  AND [news_columnid] IN (5)) AS thinkphp) AS T1 WHERE (T1.ROW_NUMBER BETWEEN 1 AND 6) [ RunTime:0.005930s ]
[ sql ] [ SQL ] SELECT T1.* FROM (SELECT thinkphp.*, ROW_NUMBER() OVER ( ORDER BY news_time desc) AS ROW_NUMBER FROM (SELECT  [n_id],[news_title],[news_content],[news_img],[news_time] FROM [yf_news] [a] WHERE  [news_open] = '1'  AND [news_l] = 'zh-cn'  AND [news_back] = 0  AND [news_columnid] IN (22)) AS thinkphp) AS T1 WHERE (T1.ROW_NUMBER BETWEEN 1 AND 6) [ RunTime:0.009180s ]
[ log ] Cron:clearlog Runat 2018-05-05 10:42:28 Use 0.000636 s

[ info ] [ BEHAVIOR ] Run app\admin\behavior\Cron @app_end [ RunTime:0.007867s ]
---------------------------------------------------------------
[ 2018-05-05T10:42:45+08:00 ] 211.66.88.159 113.103.92.153 GET /admin/login/login.html
[ info ] zzxt.gdngs.cn/admin/login/login.html [运行时间：0.097329s][吞吐率：10.27req/s] [内存消耗：3,406.97kb] [文件加载：81]
[ info ] [ LANG ] D:\UPUPW_K2.1\htdocs\zzxt\1.0.0\thinkphp\lang\zh-cn.php
[ info ] [ LANG ] D:\UPUPW_K2.1\htdocs\zzxt\1.0.0/app/lang\zh-cn.php
[ info ] [ CACHE ] INIT File
[ info ] [ ROUTE ] array (
  'type' => 'module',
  'module' => 
  array (
    0 => 'admin',
    1 => 'login',
    2 => 'login',
  ),
)
[ info ] [ HEADER ] array (
  'x-rewrite-url' => '/admin/login/login.html',
  'cookie' => 'thinkphp_show_page_trace=0|0; PHPSESSID=o8ql50adfrvoq04je1rggmrbr6',
  'accept-language' => 'zh-CN,zh;q=0.9',
  'accept-encoding' => 'gzip, deflate',
  'accept' => 'text/html,application/xhtml+xml,application/xml;q=0.9,image/webp,image/apng,*/*;q=0.8',
  'user-agent' => 'Mozilla/5.0 (Macintosh; Intel Mac OS X 10_13_4) AppleWebKit/537.36 (KHTML, like Gecko) Chrome/66.0.3359.139 Safari/537.36',
  'upgrade-insecure-requests' => '1',
  'connection' => 'keep-alive',
  'host' => 'zzxt.gdngs.cn',
)
[ info ] [ PARAM ] array (
)
[ info ] [ BEHAVIOR ] Run app\common\behavior\WebLog @module_init [ RunTime:0.001006s ]
[ info ] [ BEHAVIOR ] Run Closure @action_begin [ RunTime:0.002885s ]
[ info ] [ RUN ] app\admin\controller\Login->login[ D:\UPUPW_K2.1\htdocs\zzxt\1.0.0\app\admin\controller\Login.php ]
[ info ] [ DB ] INIT sqlsrv
[ info ] [ SESSION ] INIT array (
  'id' => '',
  'var_session_id' => '',
  'prefix' => 'think',
  'type' => '',
  'auto_start' => true,
)
[ info ] [ VIEW ] D:\UPUPW_K2.1\htdocs\zzxt\1.0.0/app/admin\view\login\login.html [ array (
  0 => 'lang',
) ]
[ info ] [ BEHAVIOR ] Run app\admin\behavior\Cron @app_end [ RunTime:0.002869s ]
[ info ] [ LOG ] INIT File
---------------------------------------------------------------
[ 2018-05-05T10:42:45+08:00 ] 211.66.88.159 113.103.92.153 GET /admin/publicity/evalupublicity.html
[ info ] zzxt.gdngs.cn/admin/publicity/evalupublicity.html [运行时间：1.386291s][吞吐率：0.72req/s] [内存消耗：4,253.03kb] [文件加载：92]
[ info ] [ LANG ] D:\UPUPW_K2.1\htdocs\zzxt\1.0.0\thinkphp\lang\zh-cn.php
[ info ] [ LANG ] D:\UPUPW_K2.1\htdocs\zzxt\1.0.0/app/lang\zh-cn.php
[ info ] [ CACHE ] INIT File
[ info ] [ ROUTE ] array (
  'type' => 'module',
  'module' => 
  array (
    0 => 'admin',
    1 => 'publicity',
    2 => 'evalupublicity',
  ),
)
[ info ] [ HEADER ] array (
  'x-rewrite-url' => '/admin/publicity/evalupublicity.html',
  'cookie' => 'thinkphp_show_page_trace=0|0; thinkphp_show_page_trace=0|0; PHPSESSID=1r0ptpisj25lraj147h311o281; thinkphp_show_page_trace=0|0',
  'accept-language' => 'zh-CN,zh;q=0.9,en;q=0.8',
  'accept-encoding' => 'gzip, deflate',
  'referer' => 'http://zzxt.gdngs.cn/admin/student_office/showapplicantlist.html',
  'accept' => 'text/html,application/xhtml+xml,application/xml;q=0.9,image/webp,image/apng,*/*;q=0.8',
  'user-agent' => 'Mozilla/5.0 (Macintosh; Intel Mac OS X 10_13_4) AppleWebKit/537.36 (KHTML, like Gecko) Chrome/66.0.3359.139 Safari/537.36',
  'upgrade-insecure-requests' => '1',
  'connection' => 'keep-alive',
  'host' => 'zzxt.gdngs.cn',
)
[ info ] [ PARAM ] array (
)
[ info ] [ BEHAVIOR ] Run app\common\behavior\WebLog @module_init [ RunTime:0.001025s ]
[ info ] [ DB ] INIT sqlsrv
[ info ] [ SESSION ] INIT array (
  'id' => '',
  'var_session_id' => '',
  'prefix' => 'think',
  'type' => '',
  'auto_start' => true,
)
[ info ] [ BEHAVIOR ] Run Closure @action_begin [ RunTime:0.003438s ]
[ info ] [ RUN ] app\admin\controller\Publicity->evaluPublicity[ D:\UPUPW_K2.1\htdocs\zzxt\1.0.0\app\admin\controller\Publicity.php ]
[ info ] [ VIEW ] D:\UPUPW_K2.1\htdocs\zzxt\1.0.0/app/admin\view\\publicity\evaluation.html [ array (
  0 => 'lang',
  1 => 'menus',
  2 => 'menus_curr',
  3 => 'menus_child',
  4 => 'id_curr',
  5 => 'admin',
  6 => 'admin_avatar',
  7 => 'faculties',
  8 => 'public_type',
  9 => 'subsidy',
  10 => 'begin_time',
  11 => 'end_time',
  12 => 'page',
  13 => 'list',
) ]
[ info ] [ BEHAVIOR ] Run app\admin\behavior\Cron @app_end [ RunTime:0.002903s ]
[ info ] [ LOG ] INIT File
[ sql ] [ DB ] CONNECT:[ UseTime:0.000119s ] sqlsrv:Server=139.199.184.111;Database=zzxt
[ sql ] [ SQL ] SELECT   column_name,   data_type,   column_default,   is_nullable
        FROM    information_schema.tables AS t
        JOIN    information_schema.columns AS c
        ON  t.table_catalog = c.table_catalog
        AND t.table_schema  = c.table_schema
        AND t.table_name    = c.table_name
        WHERE   t.table_name = 'yf_auth_rule' [ RunTime:0.037658s ]
[ sql ] [ SQL ] SELECT column_name FROM information_schema.key_column_usage WHERE table_name='yf_auth_rule' [ RunTime:0.067914s ]
[ sql ] [ SQL ] SELECT T1.* FROM (SELECT thinkphp.*, ROW_NUMBER() OVER ( ORDER BY level desc,sort) AS ROW_NUMBER FROM (SELECT  [id],[level],[sort] FROM [yf_auth_rule] WHERE  [name] = 'admin/Publicity/evalupublicity') AS thinkphp) AS T1 WHERE (T1.ROW_NUMBER BETWEEN 1 AND 1) [ RunTime:0.014578s ]
[ sql ] [ SQL ] SELECT T1.* FROM (SELECT thinkphp.*, ROW_NUMBER() OVER ( ORDER BY level desc,sort) AS ROW_NUMBER FROM (SELECT  [id],[pid],[level],[sort] FROM [yf_auth_rule]) AS thinkphp) AS T1 [ RunTime:0.008846s ]
[ sql ] [ SQL ] SELECT T1.* FROM (SELECT thinkphp.*, ROW_NUMBER() OVER ( ORDER BY level desc,sort) AS ROW_NUMBER FROM (SELECT  [id],[level],[sort] FROM [yf_auth_rule] WHERE  [name] = 'admin/Publicity/evalupublicity'  AND [status] = 1) AS thinkphp) AS T1 WHERE (T1.ROW_NUMBER BETWEEN 1 AND 1) [ RunTime:0.009158s ]
[ sql ] [ SQL ] SELECT T1.* FROM (SELECT thinkphp.*, ROW_NUMBER() OVER ( ORDER BY rand()) AS ROW_NUMBER FROM (SELECT  [pid] FROM [yf_auth_rule] WHERE  [id] = 463) AS thinkphp) AS T1 WHERE (T1.ROW_NUMBER BETWEEN 1 AND 1) [ RunTime:0.007969s ]
[ sql ] [ SQL ] SELECT T1.* FROM (SELECT thinkphp.*, ROW_NUMBER() OVER ( ORDER BY [sort]) AS ROW_NUMBER FROM (SELECT  * FROM [yf_auth_rule] WHERE  [status] = 1  AND [pid] = 462) AS thinkphp) AS T1 [ RunTime:0.008415s ]
[ sql ] [ SQL ] SELECT   column_name,   data_type,   column_default,   is_nullable
        FROM    information_schema.tables AS t
        JOIN    information_schema.columns AS c
        ON  t.table_catalog = c.table_catalog
        AND t.table_schema  = c.table_schema
        AND t.table_name    = c.table_name
        WHERE   t.table_name = 'yf_admin' [ RunTime:0.007659s ]
[ sql ] [ SQL ] SELECT column_name FROM information_schema.key_column_usage WHERE table_name='yf_admin' [ RunTime:0.013683s ]
[ sql ] [ SQL ] SELECT T1.* FROM (SELECT thinkphp.*, ROW_NUMBER() OVER ( ORDER BY rand()) AS ROW_NUMBER FROM (SELECT  * FROM [yf_admin] [a] INNER JOIN [yf_auth_group_access] [b] ON [a].[admin_id]=[b].[uid] INNER JOIN [yf_auth_group] [c] ON [b].[group_id]=[c].[id] WHERE  [a].[admin_id] = '27') AS thinkphp) AS T1 WHERE (T1.ROW_NUMBER BETWEEN 1 AND 1) [ RunTime:0.014355s ]
[ sql ] [ SQL ] SELECT   column_name,   data_type,   column_default,   is_nullable
        FROM    information_schema.tables AS t
        JOIN    information_schema.columns AS c
        ON  t.table_catalog = c.table_catalog
        AND t.table_schema  = c.table_schema
        AND t.table_name    = c.table_name
        WHERE   t.table_name = 'yf_news' [ RunTime:0.006410s ]
[ sql ] [ SQL ] SELECT column_name FROM information_schema.key_column_usage WHERE table_name='yf_news' [ RunTime:0.012449s ]
[ sql ] [ SQL ] SELECT T1.* FROM (SELECT thinkphp.*, ROW_NUMBER() OVER ( ORDER BY rand()) AS ROW_NUMBER FROM (SELECT  COUNT(*) AS tp_count FROM [yf_news] WHERE  [news_auto] = '8806') AS thinkphp) AS T1 WHERE (T1.ROW_NUMBER BETWEEN 1 AND 1) [ RunTime:0.008032s ]
[ sql ] [ SQL ] SELECT   column_name,   data_type,   column_default,   is_nullable
        FROM    information_schema.tables AS t
        JOIN    information_schema.columns AS c
        ON  t.table_catalog = c.table_catalog
        AND t.table_schema  = c.table_schema
        AND t.table_name    = c.table_name
        WHERE   t.table_name = 'yf_set_subsidy' [ RunTime:0.030076s ]
[ sql ] [ SQL ] SELECT column_name FROM information_schema.key_column_usage WHERE table_name='yf_set_subsidy' [ RunTime:0.066662s ]
[ sql ] [ SQL ] SELECT T1.* FROM (SELECT thinkphp.*, ROW_NUMBER() OVER ( ORDER BY rand()) AS ROW_NUMBER FROM (SELECT  * FROM [yf_set_subsidy] WHERE  [id] = 1) AS thinkphp) AS T1 WHERE (T1.ROW_NUMBER BETWEEN 1 AND 1) [ RunTime:0.013042s ]
[ sql ] [ SQL ] SELECT T1.* FROM (SELECT thinkphp.*, ROW_NUMBER() OVER ( ORDER BY rand()) AS ROW_NUMBER FROM (SELECT  * FROM [yf_set_subsidy] WHERE  [id] = 5) AS thinkphp) AS T1 WHERE (T1.ROW_NUMBER BETWEEN 1 AND 1) [ RunTime:0.006179s ]
[ sql ] [ SQL ] SELECT   column_name,   data_type,   column_default,   is_nullable
        FROM    information_schema.tables AS t
        JOIN    information_schema.columns AS c
        ON  t.table_catalog = c.table_catalog
        AND t.table_schema  = c.table_schema
        AND t.table_name    = c.table_name
        WHERE   t.table_name = 'yf_faculty' [ RunTime:0.031790s ]
[ sql ] [ SQL ] SELECT column_name FROM information_schema.key_column_usage WHERE table_name='yf_faculty' [ RunTime:0.064768s ]
[ sql ] [ SQL ] SELECT T1.* FROM (SELECT thinkphp.*, ROW_NUMBER() OVER ( ORDER BY faculty_number asc) AS ROW_NUMBER FROM (SELECT  * FROM [yf_faculty]) AS thinkphp) AS T1 [ RunTime:0.008119s ]
[ sql ] [ SQL ] SELECT T1.* FROM (SELECT thinkphp.*, ROW_NUMBER() OVER ( ORDER BY rand()) AS ROW_NUMBER FROM (SELECT  * FROM [yf_set_subsidy] WHERE  [id] = 5) AS thinkphp) AS T1 WHERE (T1.ROW_NUMBER BETWEEN 1 AND 1) [ RunTime:0.006448s ]
[ sql ] [ SQL ] SELECT   column_name,   data_type,   column_default,   is_nullable
        FROM    information_schema.tables AS t
        JOIN    information_schema.columns AS c
        ON  t.table_catalog = c.table_catalog
        AND t.table_schema  = c.table_schema
        AND t.table_name    = c.table_name
        WHERE   t.table_name = 'yf_evaluation_status' [ RunTime:0.037520s ]
[ sql ] [ SQL ] SELECT column_name FROM information_schema.key_column_usage WHERE table_name='yf_evaluation_status' [ RunTime:0.059924s ]
[ sql ] [ SQL ] SELECT T1.* FROM (SELECT thinkphp.*, ROW_NUMBER() OVER ( ORDER BY rand()) AS ROW_NUMBER FROM (SELECT  COUNT(*) AS tp_count FROM [yf_evaluation_status] [ass] INNER JOIN [yf_evaluation_application] [app] ON [ass].[evaluation_id]=[app].[evaluation_id] INNER JOIN [yf_member_list] [m] ON [m].[member_list_id]=[ass].[member_list_id] LEFT JOIN [yf_user] [u] ON [u].[id_number]=[m].[id_number] WHERE  (   1 = 1 AND ass.status = 4 )  AND [app].[times] = '1504195200') AS thinkphp) AS T1 WHERE (T1.ROW_NUMBER BETWEEN 1 AND 1) [ RunTime:0.016493s ]
[ sql ] [ SQL ] SELECT T1.* FROM (SELECT thinkphp.*, ROW_NUMBER() OVER ( ORDER BY rand()) AS ROW_NUMBER FROM (SELECT  [ass].*,[m].[member_list_username],[m].[member_list_nickname],[app].[assess_fraction],[app].[score],[app].[change_fraction],[app].[evaluation_status],[app].[group_opinion],[app].[faculty_opinion],[u].* FROM [yf_evaluation_status] [ass] INNER JOIN [yf_evaluation_application] [app] ON [ass].[evaluation_id]=[app].[evaluation_id] INNER JOIN [yf_member_list] [m] ON [m].[member_list_id]=[ass].[member_list_id] LEFT JOIN [yf_user] [u] ON [u].[id_number]=[m].[id_number] WHERE  (   1 = 1 AND ass.status = 4 )  AND [app].[times] = '1504195200') AS thinkphp) AS T1 WHERE (T1.ROW_NUMBER BETWEEN 0 + 1 AND 0 + 40) [ RunTime:0.014614s ]
[ sql ] [ SQL ] SELECT   column_name,   data_type,   column_default,   is_nullable
        FROM    information_schema.tables AS t
        JOIN    information_schema.columns AS c
        ON  t.table_catalog = c.table_catalog
        AND t.table_schema  = c.table_schema
        AND t.table_name    = c.table_name
        WHERE   t.table_name = 'yf_evaluation_material' [ RunTime:0.028890s ]
[ sql ] [ SQL ] SELECT column_name FROM information_schema.key_column_usage WHERE table_name='yf_evaluation_material' [ RunTime:0.060361s ]
[ sql ] [ SQL ] SELECT T1.* FROM (SELECT thinkphp.*, ROW_NUMBER() OVER ( ORDER BY rand()) AS ROW_NUMBER FROM (SELECT  max(emc.score) as material_score,[em].[member_list_id] FROM [yf_evaluation_material] [em] INNER JOIN [yf_evaluation_application] [ea] ON [ea].[evaluation_id]=[em].[evaluation_id] INNER JOIN [yf_evaluation_material_config] [emc] ON [em].[cid]=[emc].[cid] WHERE  [em].[evaluation_id] = '53' GROUP BY em.member_list_id) AS thinkphp) AS T1 WHERE (T1.ROW_NUMBER BETWEEN 1 AND 1) [ RunTime:0.013863s ]
[ sql ] [ SQL ] SELECT   column_name,   data_type,   column_default,   is_nullable
        FROM    information_schema.tables AS t
        JOIN    information_schema.columns AS c
        ON  t.table_catalog = c.table_catalog
        AND t.table_schema  = c.table_schema
        AND t.table_name    = c.table_name
        WHERE   t.table_name = 'yf_member_list' [ RunTime:0.006706s ]
[ sql ] [ SQL ] SELECT column_name FROM information_schema.key_column_usage WHERE table_name='yf_member_list' [ RunTime:0.011690s ]
[ sql ] [ SQL ] SELECT T1.* FROM (SELECT thinkphp.*, ROW_NUMBER() OVER ( ORDER BY rand()) AS ROW_NUMBER FROM (SELECT  [u].*,[m].[member_list_id],[m].[member_list_username],[m].[member_list_province],[m].[member_list_city],[m].[member_list_town],[m].[member_list_nickname],[m].[member_list_headpic] FROM [yf_member_list] [m] INNER JOIN [yf_user] [u] ON [u].[id_number]=[m].[id_number] WHERE  [m].[member_list_id] = '8919') AS thinkphp) AS T1 WHERE (T1.ROW_NUMBER BETWEEN 1 AND 1) [ RunTime:0.010409s ]
[ sql ] [ SQL ] SELECT   column_name,   data_type,   column_default,   is_nullable
        FROM    information_schema.tables AS t
        JOIN    information_schema.columns AS c
        ON  t.table_catalog = c.table_catalog
        AND t.table_schema  = c.table_schema
        AND t.table_name    = c.table_name
        WHERE   t.table_name = 'yf_evaluation_material_config' [ RunTime:0.029012s ]
[ sql ] [ SQL ] SELECT column_name FROM information_schema.key_column_usage WHERE table_name='yf_evaluation_material_config' [ RunTime:0.059559s ]
[ sql ] [ SQL ] SELECT T1.* FROM (SELECT thinkphp.*, ROW_NUMBER() OVER ( ORDER BY rand()) AS ROW_NUMBER FROM (SELECT  * FROM [yf_evaluation_material_config] WHERE  [cid] = 40) AS thinkphp) AS T1 WHERE (T1.ROW_NUMBER BETWEEN 1 AND 1) [ RunTime:0.007501s ]
[ sql ] [ SQL ] SELECT T1.* FROM (SELECT thinkphp.*, ROW_NUMBER() OVER ( ORDER BY rand()) AS ROW_NUMBER FROM (SELECT  * FROM [yf_evaluation_material_config] WHERE  [cid] = 40) AS thinkphp) AS T1 WHERE (T1.ROW_NUMBER BETWEEN 1 AND 1) [ RunTime:0.005627s ]
[ sql ] [ SQL ] SELECT   column_name,   data_type,   column_default,   is_nullable
        FROM    information_schema.tables AS t
        JOIN    information_schema.columns AS c
        ON  t.table_catalog = c.table_catalog
        AND t.table_schema  = c.table_schema
        AND t.table_name    = c.table_name
        WHERE   t.table_name = 'yf_evaluation_grade' [ RunTime:0.029618s ]
[ sql ] [ SQL ] SELECT column_name FROM information_schema.key_column_usage WHERE table_name='yf_evaluation_grade' [ RunTime:0.057567s ]
[ sql ] [ SQL ] SELECT T1.* FROM (SELECT thinkphp.*, ROW_NUMBER() OVER ( ORDER BY max desc) AS ROW_NUMBER FROM (SELECT  * FROM [yf_evaluation_grade] WHERE  (  max <= '7' )) AS thinkphp) AS T1 WHERE (T1.ROW_NUMBER BETWEEN 1 AND 1) [ RunTime:0.008208s ]
[ sql ] [ SQL ] SELECT T1.* FROM (SELECT thinkphp.*, ROW_NUMBER() OVER ( ORDER BY rand()) AS ROW_NUMBER FROM (SELECT  max(emc.score) as material_score,[em].[member_list_id] FROM [yf_evaluation_material] [em] INNER JOIN [yf_evaluation_application] [ea] ON [ea].[evaluation_id]=[em].[evaluation_id] INNER JOIN [yf_evaluation_material_config] [emc] ON [em].[cid]=[emc].[cid] WHERE  [em].[evaluation_id] = '55' GROUP BY em.member_list_id) AS thinkphp) AS T1 WHERE (T1.ROW_NUMBER BETWEEN 1 AND 1) [ RunTime:0.010608s ]
[ sql ] [ SQL ] SELECT T1.* FROM (SELECT thinkphp.*, ROW_NUMBER() OVER ( ORDER BY rand()) AS ROW_NUMBER FROM (SELECT  [u].*,[m].[member_list_id],[m].[member_list_username],[m].[member_list_province],[m].[member_list_city],[m].[member_list_town],[m].[member_list_nickname],[m].[member_list_headpic] FROM [yf_member_list] [m] INNER JOIN [yf_user] [u] ON [u].[id_number]=[m].[id_number] WHERE  [m].[member_list_id] = '8926') AS thinkphp) AS T1 WHERE (T1.ROW_NUMBER BETWEEN 1 AND 1) [ RunTime:0.009188s ]
[ sql ] [ SQL ] SELECT T1.* FROM (SELECT thinkphp.*, ROW_NUMBER() OVER ( ORDER BY rand()) AS ROW_NUMBER FROM (SELECT  * FROM [yf_evaluation_material_config] WHERE  [cid] = 40) AS thinkphp) AS T1 WHERE (T1.ROW_NUMBER BETWEEN 1 AND 1) [ RunTime:0.005660s ]
[ sql ] [ SQL ] SELECT T1.* FROM (SELECT thinkphp.*, ROW_NUMBER() OVER ( ORDER BY rand()) AS ROW_NUMBER FROM (SELECT  * FROM [yf_evaluation_material_config] WHERE  [cid] = 40) AS thinkphp) AS T1 WHERE (T1.ROW_NUMBER BETWEEN 1 AND 1) [ RunTime:0.005949s ]
[ sql ] [ SQL ] SELECT T1.* FROM (SELECT thinkphp.*, ROW_NUMBER() OVER ( ORDER BY max desc) AS ROW_NUMBER FROM (SELECT  * FROM [yf_evaluation_grade] WHERE  (  max <= '200' )) AS thinkphp) AS T1 WHERE (T1.ROW_NUMBER BETWEEN 1 AND 1) [ RunTime:0.008585s ]
[ sql ] [ SQL ] SELECT T1.* FROM (SELECT thinkphp.*, ROW_NUMBER() OVER ( ORDER BY rand()) AS ROW_NUMBER FROM (SELECT  max(emc.score) as material_score,[em].[member_list_id] FROM [yf_evaluation_material] [em] INNER JOIN [yf_evaluation_application] [ea] ON [ea].[evaluation_id]=[em].[evaluation_id] INNER JOIN [yf_evaluation_material_config] [emc] ON [em].[cid]=[emc].[cid] WHERE  [em].[evaluation_id] = '56' GROUP BY em.member_list_id) AS thinkphp) AS T1 WHERE (T1.ROW_NUMBER BETWEEN 1 AND 1) [ RunTime:0.011068s ]
[ sql ] [ SQL ] SELECT T1.* FROM (SELECT thinkphp.*, ROW_NUMBER() OVER ( ORDER BY rand()) AS ROW_NUMBER FROM (SELECT  [u].*,[m].[member_list_id],[m].[member_list_username],[m].[member_list_province],[m].[member_list_city],[m].[member_list_town],[m].[member_list_nickname],[m].[member_list_headpic] FROM [yf_member_list] [m] INNER JOIN [yf_user] [u] ON [u].[id_number]=[m].[id_number] WHERE  [m].[member_list_id] = '8927') AS thinkphp) AS T1 WHERE (T1.ROW_NUMBER BETWEEN 1 AND 1) [ RunTime:0.009316s ]
[ sql ] [ SQL ] SELECT T1.* FROM (SELECT thinkphp.*, ROW_NUMBER() OVER ( ORDER BY rand()) AS ROW_NUMBER FROM (SELECT  * FROM [yf_evaluation_material_config] WHERE  [cid] = 40) AS thinkphp) AS T1 WHERE (T1.ROW_NUMBER BETWEEN 1 AND 1) [ RunTime:0.005781s ]
[ sql ] [ SQL ] SELECT T1.* FROM (SELECT thinkphp.*, ROW_NUMBER() OVER ( ORDER BY rand()) AS ROW_NUMBER FROM (SELECT  * FROM [yf_evaluation_material_config] WHERE  [cid] = 40) AS thinkphp) AS T1 WHERE (T1.ROW_NUMBER BETWEEN 1 AND 1) [ RunTime:0.005826s ]
[ sql ] [ SQL ] SELECT T1.* FROM (SELECT thinkphp.*, ROW_NUMBER() OVER ( ORDER BY max desc) AS ROW_NUMBER FROM (SELECT  * FROM [yf_evaluation_grade] WHERE  (  max <= '10' )) AS thinkphp) AS T1 WHERE (T1.ROW_NUMBER BETWEEN 1 AND 1) [ RunTime:0.007383s ]
---------------------------------------------------------------
[ 2018-05-05T10:42:45+08:00 ] 211.66.88.159 113.103.92.153 GET /admin/login/verify.html
[ info ] zzxt.gdngs.cn/admin/login/verify.html [运行时间：0.131030s][吞吐率：7.63req/s] [内存消耗：3,363.55kb] [文件加载：79]
[ info ] [ LANG ] D:\UPUPW_K2.1\htdocs\zzxt\1.0.0\thinkphp\lang\zh-cn.php
[ info ] [ LANG ] D:\UPUPW_K2.1\htdocs\zzxt\1.0.0/app/lang\zh-cn.php
[ info ] [ CACHE ] INIT File
[ info ] [ ROUTE ] array (
  'type' => 'module',
  'module' => 
  array (
    0 => 'admin',
    1 => 'login',
    2 => 'verify',
  ),
)
[ info ] [ HEADER ] array (
  'x-rewrite-url' => '/admin/login/verify.html',
  'cookie' => 'thinkphp_show_page_trace=0|0; PHPSESSID=o8ql50adfrvoq04je1rggmrbr6',
  'accept-language' => 'zh-CN,zh;q=0.9',
  'accept-encoding' => 'gzip, deflate',
  'referer' => 'http://zzxt.gdngs.cn/admin/login/login.html',
  'accept' => 'image/webp,image/apng,image/*,*/*;q=0.8',
  'user-agent' => 'Mozilla/5.0 (Macintosh; Intel Mac OS X 10_13_4) AppleWebKit/537.36 (KHTML, like Gecko) Chrome/66.0.3359.139 Safari/537.36',
  'connection' => 'keep-alive',
  'host' => 'zzxt.gdngs.cn',
)
[ info ] [ PARAM ] array (
)
[ info ] [ BEHAVIOR ] Run app\common\behavior\WebLog @module_init [ RunTime:0.001326s ]
[ info ] [ BEHAVIOR ] Run Closure @action_begin [ RunTime:0.003293s ]
[ info ] [ RUN ] app\admin\controller\Login->verify[ D:\UPUPW_K2.1\htdocs\zzxt\1.0.0\app\admin\controller\Login.php ]
[ info ] [ DB ] INIT sqlsrv
[ info ] [ SESSION ] INIT array (
  'id' => '',
  'var_session_id' => '',
  'prefix' => 'think',
  'type' => '',
  'auto_start' => true,
)
[ info ] [ BEHAVIOR ] Run app\admin\behavior\Cron @app_end [ RunTime:0.002953s ]
[ info ] [ LOG ] INIT File
---------------------------------------------------------------
[ 2018-05-05T10:42:46+08:00 ] 211.66.88.159 113.103.92.153 GET /geetest.html?t=1525488168367
[ info ] zzxt.gdngs.cn/geetest.html?t=1525488168367 [运行时间：0.231939s][吞吐率：4.31req/s] [内存消耗：2,027.34kb] [文件加载：60]
[ info ] [ LANG ] D:\UPUPW_K2.1\htdocs\zzxt\1.0.0\thinkphp\lang\zh-cn.php
[ info ] [ LANG ] D:\UPUPW_K2.1\htdocs\zzxt\1.0.0/app/lang\zh-cn.php
[ info ] [ CACHE ] INIT File
[ info ] [ ROUTE ] array (
  'type' => 'method',
  'method' => 
  array (
    0 => '\\think\\geetest\\GeetestController',
    1 => 'index',
  ),
  'var' => 
  array (
  ),
)
[ info ] [ HEADER ] array (
  'x-rewrite-url' => '/geetest.html?t=1525488168367',
  'cookie' => 'PHPSESSID=o8ql50adfrvoq04je1rggmrbr6',
  'accept-language' => 'zh-CN,zh;q=0.9',
  'accept-encoding' => 'gzip, deflate',
  'referer' => 'http://zzxt.gdngs.cn/admin/login/login.html',
  'user-agent' => 'Mozilla/5.0 (Macintosh; Intel Mac OS X 10_13_4) AppleWebKit/537.36 (KHTML, like Gecko) Chrome/66.0.3359.139 Safari/537.36',
  'x-requested-with' => 'XMLHttpRequest',
  'accept' => 'application/json, text/javascript, */*; q=0.01',
  'connection' => 'keep-alive',
  'host' => 'zzxt.gdngs.cn',
)
[ info ] [ PARAM ] array (
  't' => '1525488168367',
  'id' => NULL,
)
[ info ] [ RUN ] think\geetest\GeetestController->index[ D:\UPUPW_K2.1\htdocs\zzxt\1.0.0\vendor\yfcmf\geetest\src\GeetestController.php ]
[ info ] [ SESSION ] INIT array (
  'id' => '',
  'var_session_id' => '',
  'prefix' => 'think',
  'type' => '',
  'auto_start' => true,
)
[ info ] [ BEHAVIOR ] Run app\admin\behavior\Cron @app_end [ RunTime:0.003450s ]
[ info ] [ LOG ] INIT File
---------------------------------------------------------------
[ 2018-05-05T10:42:46+08:00 ] 211.66.88.159 113.103.92.153 GET /admin/login/login.html
[ info ] zzxt.gdngs.cn/admin/login/login.html [运行时间：0.217451s][吞吐率：4.60req/s] [内存消耗：3,406.98kb] [文件加载：81]
[ info ] [ LANG ] D:\UPUPW_K2.1\htdocs\zzxt\1.0.0\thinkphp\lang\zh-cn.php
[ info ] [ LANG ] D:\UPUPW_K2.1\htdocs\zzxt\1.0.0/app/lang\zh-cn.php
[ info ] [ CACHE ] INIT File
[ info ] [ ROUTE ] array (
  'type' => 'module',
  'module' => 
  array (
    0 => 'admin',
    1 => 'login',
    2 => 'login',
  ),
)
[ info ] [ HEADER ] array (
  'x-rewrite-url' => '/admin/login/login.html',
  'cookie' => 'thinkphp_show_page_trace=0|0; PHPSESSID=o8ql50adfrvoq04je1rggmrbr6',
  'accept-language' => 'zh-CN,zh;q=0.9',
  'accept-encoding' => 'gzip, deflate',
  'accept' => 'text/html,application/xhtml+xml,application/xml;q=0.9,image/webp,image/apng,*/*;q=0.8',
  'user-agent' => 'Mozilla/5.0 (Macintosh; Intel Mac OS X 10_13_4) AppleWebKit/537.36 (KHTML, like Gecko) Chrome/66.0.3359.139 Safari/537.36',
  'upgrade-insecure-requests' => '1',
  'connection' => 'keep-alive',
  'host' => 'zzxt.gdngs.cn',
)
[ info ] [ PARAM ] array (
)
[ info ] [ BEHAVIOR ] Run app\common\behavior\WebLog @module_init [ RunTime:0.000984s ]
[ info ] [ BEHAVIOR ] Run Closure @action_begin [ RunTime:0.003483s ]
[ info ] [ RUN ] app\admin\controller\Login->login[ D:\UPUPW_K2.1\htdocs\zzxt\1.0.0\app\admin\controller\Login.php ]
[ info ] [ DB ] INIT sqlsrv
[ info ] [ SESSION ] INIT array (
  'id' => '',
  'var_session_id' => '',
  'prefix' => 'think',
  'type' => '',
  'auto_start' => true,
)
[ info ] [ VIEW ] D:\UPUPW_K2.1\htdocs\zzxt\1.0.0/app/admin\view\login\login.html [ array (
  0 => 'lang',
) ]
[ info ] [ BEHAVIOR ] Run app\admin\behavior\Cron @app_end [ RunTime:0.003574s ]
[ info ] [ LOG ] INIT File
---------------------------------------------------------------
[ 2018-05-05T10:42:46+08:00 ] 211.66.88.159 113.103.92.153 GET /admin/login/verify.html
[ info ] zzxt.gdngs.cn/admin/login/verify.html [运行时间：0.093349s][吞吐率：10.71req/s] [内存消耗：3,363.59kb] [文件加载：79]
[ info ] [ LANG ] D:\UPUPW_K2.1\htdocs\zzxt\1.0.0\thinkphp\lang\zh-cn.php
[ info ] [ LANG ] D:\UPUPW_K2.1\htdocs\zzxt\1.0.0/app/lang\zh-cn.php
[ info ] [ CACHE ] INIT File
[ info ] [ ROUTE ] array (
  'type' => 'module',
  'module' => 
  array (
    0 => 'admin',
    1 => 'login',
    2 => 'verify',
  ),
)
[ info ] [ HEADER ] array (
  'x-rewrite-url' => '/admin/login/verify.html',
  'cookie' => 'thinkphp_show_page_trace=0|0; PHPSESSID=o8ql50adfrvoq04je1rggmrbr6',
  'accept-language' => 'zh-CN,zh;q=0.9',
  'accept-encoding' => 'gzip, deflate',
  'referer' => 'http://zzxt.gdngs.cn/admin/login/login.html',
  'accept' => 'image/webp,image/apng,image/*,*/*;q=0.8',
  'user-agent' => 'Mozilla/5.0 (Macintosh; Intel Mac OS X 10_13_4) AppleWebKit/537.36 (KHTML, like Gecko) Chrome/66.0.3359.139 Safari/537.36',
  'connection' => 'keep-alive',
  'host' => 'zzxt.gdngs.cn',
)
[ info ] [ PARAM ] array (
)
[ info ] [ BEHAVIOR ] Run app\common\behavior\WebLog @module_init [ RunTime:0.001028s ]
[ info ] [ BEHAVIOR ] Run Closure @action_begin [ RunTime:0.002875s ]
[ info ] [ RUN ] app\admin\controller\Login->verify[ D:\UPUPW_K2.1\htdocs\zzxt\1.0.0\app\admin\controller\Login.php ]
[ info ] [ DB ] INIT sqlsrv
[ info ] [ SESSION ] INIT array (
  'id' => '',
  'var_session_id' => '',
  'prefix' => 'think',
  'type' => '',
  'auto_start' => true,
)
[ info ] [ BEHAVIOR ] Run app\admin\behavior\Cron @app_end [ RunTime:0.002994s ]
[ info ] [ LOG ] INIT File
---------------------------------------------------------------
[ 2018-05-05T10:42:46+08:00 ] 211.66.88.159 113.103.92.153 GET /geetest.html?t=1525488168827
[ info ] zzxt.gdngs.cn/geetest.html?t=1525488168827 [运行时间：0.176518s][吞吐率：5.67req/s] [内存消耗：2,027.34kb] [文件加载：60]
[ info ] [ LANG ] D:\UPUPW_K2.1\htdocs\zzxt\1.0.0\thinkphp\lang\zh-cn.php
[ info ] [ LANG ] D:\UPUPW_K2.1\htdocs\zzxt\1.0.0/app/lang\zh-cn.php
[ info ] [ CACHE ] INIT File
[ info ] [ ROUTE ] array (
  'type' => 'method',
  'method' => 
  array (
    0 => '\\think\\geetest\\GeetestController',
    1 => 'index',
  ),
  'var' => 
  array (
  ),
)
[ info ] [ HEADER ] array (
  'x-rewrite-url' => '/geetest.html?t=1525488168827',
  'cookie' => 'PHPSESSID=o8ql50adfrvoq04je1rggmrbr6',
  'accept-language' => 'zh-CN,zh;q=0.9',
  'accept-encoding' => 'gzip, deflate',
  'referer' => 'http://zzxt.gdngs.cn/admin/login/login.html',
  'user-agent' => 'Mozilla/5.0 (Macintosh; Intel Mac OS X 10_13_4) AppleWebKit/537.36 (KHTML, like Gecko) Chrome/66.0.3359.139 Safari/537.36',
  'x-requested-with' => 'XMLHttpRequest',
  'accept' => 'application/json, text/javascript, */*; q=0.01',
  'connection' => 'keep-alive',
  'host' => 'zzxt.gdngs.cn',
)
[ info ] [ PARAM ] array (
  't' => '1525488168827',
  'id' => NULL,
)
[ info ] [ RUN ] think\geetest\GeetestController->index[ D:\UPUPW_K2.1\htdocs\zzxt\1.0.0\vendor\yfcmf\geetest\src\GeetestController.php ]
[ info ] [ SESSION ] INIT array (
  'id' => '',
  'var_session_id' => '',
  'prefix' => 'think',
  'type' => '',
  'auto_start' => true,
)
[ info ] [ BEHAVIOR ] Run app\admin\behavior\Cron @app_end [ RunTime:0.003581s ]
[ info ] [ LOG ] INIT File
---------------------------------------------------------------
[ 2018-05-05T10:42:56+08:00 ] 211.66.88.159 113.103.92.153 GET /admin/login/login.html
[ info ] zzxt.gdngs.cn/admin/login/login.html [运行时间：0.098591s][吞吐率：10.14req/s] [内存消耗：3,406.98kb] [文件加载：81]
[ info ] [ LANG ] D:\UPUPW_K2.1\htdocs\zzxt\1.0.0\thinkphp\lang\zh-cn.php
[ info ] [ LANG ] D:\UPUPW_K2.1\htdocs\zzxt\1.0.0/app/lang\zh-cn.php
[ info ] [ CACHE ] INIT File
[ info ] [ ROUTE ] array (
  'type' => 'module',
  'module' => 
  array (
    0 => 'admin',
    1 => 'login',
    2 => 'login',
  ),
)
[ info ] [ HEADER ] array (
  'x-rewrite-url' => '/admin/login/login.html',
  'cookie' => 'thinkphp_show_page_trace=0|0; PHPSESSID=qd9871no7i40oslfjnnsq4trp4',
  'accept-language' => 'zh-CN,zh;q=0.9',
  'accept-encoding' => 'gzip, deflate',
  'accept' => 'text/html,application/xhtml+xml,application/xml;q=0.9,image/webp,image/apng,*/*;q=0.8',
  'user-agent' => 'Mozilla/5.0 (Macintosh; Intel Mac OS X 10_13_4) AppleWebKit/537.36 (KHTML, like Gecko) Chrome/66.0.3359.139 Safari/537.36',
  'upgrade-insecure-requests' => '1',
  'connection' => 'keep-alive',
  'host' => 'zzxt.gdngs.cn',
)
[ info ] [ PARAM ] array (
)
[ info ] [ BEHAVIOR ] Run app\common\behavior\WebLog @module_init [ RunTime:0.001011s ]
[ info ] [ BEHAVIOR ] Run Closure @action_begin [ RunTime:0.003135s ]
[ info ] [ RUN ] app\admin\controller\Login->login[ D:\UPUPW_K2.1\htdocs\zzxt\1.0.0\app\admin\controller\Login.php ]
[ info ] [ DB ] INIT sqlsrv
[ info ] [ SESSION ] INIT array (
  'id' => '',
  'var_session_id' => '',
  'prefix' => 'think',
  'type' => '',
  'auto_start' => true,
)
[ info ] [ VIEW ] D:\UPUPW_K2.1\htdocs\zzxt\1.0.0/app/admin\view\login\login.html [ array (
  0 => 'lang',
) ]
[ info ] [ BEHAVIOR ] Run app\admin\behavior\Cron @app_end [ RunTime:0.003036s ]
[ info ] [ LOG ] INIT File
---------------------------------------------------------------
[ 2018-05-05T10:42:57+08:00 ] 211.66.88.159 113.103.92.153 GET /admin/login/verify.html
[ info ] zzxt.gdngs.cn/admin/login/verify.html [运行时间：0.090211s][吞吐率：11.09req/s] [内存消耗：3,363.55kb] [文件加载：79]
[ info ] [ LANG ] D:\UPUPW_K2.1\htdocs\zzxt\1.0.0\thinkphp\lang\zh-cn.php
[ info ] [ LANG ] D:\UPUPW_K2.1\htdocs\zzxt\1.0.0/app/lang\zh-cn.php
[ info ] [ CACHE ] INIT File
[ info ] [ ROUTE ] array (
  'type' => 'module',
  'module' => 
  array (
    0 => 'admin',
    1 => 'login',
    2 => 'verify',
  ),
)
[ info ] [ HEADER ] array (
  'x-rewrite-url' => '/admin/login/verify.html',
  'cookie' => 'thinkphp_show_page_trace=0|0; PHPSESSID=qd9871no7i40oslfjnnsq4trp4',
  'accept-language' => 'zh-CN,zh;q=0.9',
  'accept-encoding' => 'gzip, deflate',
  'referer' => 'http://zzxt.gdngs.cn/admin/login/login.html',
  'accept' => 'image/webp,image/apng,image/*,*/*;q=0.8',
  'user-agent' => 'Mozilla/5.0 (Macintosh; Intel Mac OS X 10_13_4) AppleWebKit/537.36 (KHTML, like Gecko) Chrome/66.0.3359.139 Safari/537.36',
  'connection' => 'keep-alive',
  'host' => 'zzxt.gdngs.cn',
)
[ info ] [ PARAM ] array (
)
[ info ] [ BEHAVIOR ] Run app\common\behavior\WebLog @module_init [ RunTime:0.000990s ]
[ info ] [ BEHAVIOR ] Run Closure @action_begin [ RunTime:0.002827s ]
[ info ] [ RUN ] app\admin\controller\Login->verify[ D:\UPUPW_K2.1\htdocs\zzxt\1.0.0\app\admin\controller\Login.php ]
[ info ] [ DB ] INIT sqlsrv
[ info ] [ SESSION ] INIT array (
  'id' => '',
  'var_session_id' => '',
  'prefix' => 'think',
  'type' => '',
  'auto_start' => true,
)
[ info ] [ BEHAVIOR ] Run app\admin\behavior\Cron @app_end [ RunTime:0.003108s ]
[ info ] [ LOG ] INIT File
---------------------------------------------------------------
[ 2018-05-05T10:42:57+08:00 ] 211.66.88.159 113.103.92.153 GET /geetest.html?t=1525488179640
[ info ] zzxt.gdngs.cn/geetest.html?t=1525488179640 [运行时间：0.169925s][吞吐率：5.88req/s] [内存消耗：2,027.34kb] [文件加载：60]
[ info ] [ LANG ] D:\UPUPW_K2.1\htdocs\zzxt\1.0.0\thinkphp\lang\zh-cn.php
[ info ] [ LANG ] D:\UPUPW_K2.1\htdocs\zzxt\1.0.0/app/lang\zh-cn.php
[ info ] [ CACHE ] INIT File
[ info ] [ ROUTE ] array (
  'type' => 'method',
  'method' => 
  array (
    0 => '\\think\\geetest\\GeetestController',
    1 => 'index',
  ),
  'var' => 
  array (
  ),
)
[ info ] [ HEADER ] array (
  'x-rewrite-url' => '/geetest.html?t=1525488179640',
  'cookie' => 'PHPSESSID=qd9871no7i40oslfjnnsq4trp4',
  'accept-language' => 'zh-CN,zh;q=0.9',
  'accept-encoding' => 'gzip, deflate',
  'referer' => 'http://zzxt.gdngs.cn/admin/login/login.html',
  'user-agent' => 'Mozilla/5.0 (Macintosh; Intel Mac OS X 10_13_4) AppleWebKit/537.36 (KHTML, like Gecko) Chrome/66.0.3359.139 Safari/537.36',
  'x-requested-with' => 'XMLHttpRequest',
  'accept' => 'application/json, text/javascript, */*; q=0.01',
  'connection' => 'keep-alive',
  'host' => 'zzxt.gdngs.cn',
)
[ info ] [ PARAM ] array (
  't' => '1525488179640',
  'id' => NULL,
)
[ info ] [ RUN ] think\geetest\GeetestController->index[ D:\UPUPW_K2.1\htdocs\zzxt\1.0.0\vendor\yfcmf\geetest\src\GeetestController.php ]
[ info ] [ SESSION ] INIT array (
  'id' => '',
  'var_session_id' => '',
  'prefix' => 'think',
  'type' => '',
  'auto_start' => true,
)
[ info ] [ BEHAVIOR ] Run app\admin\behavior\Cron @app_end [ RunTime:0.003675s ]
[ info ] [ LOG ] INIT File
---------------------------------------------------------------
[ 2018-05-05T21:06:44+08:00 ] 211.66.88.159 183.62.38.253 GET /
[ info ] zzxt.gdngs.cn/ [运行时间：0.655672s][吞吐率：1.53req/s] [内存消耗：3,503.95kb] [文件加载：84]
[ info ] [ LANG ] D:\UPUPW_K2.1\htdocs\zzxt\1.0.0\thinkphp\lang\zh-cn.php
[ info ] [ LANG ] D:\UPUPW_K2.1\htdocs\zzxt\1.0.0/app/lang\zh-cn.php
[ info ] [ CACHE ] INIT File
[ info ] [ ROUTE ] array (
  'type' => 'module',
  'module' => 
  array (
    0 => 'home',
    1 => 'Index',
    2 => 'index',
  ),
  'convert' => false,
)
[ info ] [ HEADER ] array (
  'x-skyzip-mode' => 'none',
  'accept-language' => 'zh-CN,zh;q=0.9,zh-TW;q=0.8,ja;q=0.7',
  'accept-encoding' => 'gzip, deflate',
  'accept' => 'text/html,application/xhtml+xml,application/xml;q=0.9,image/webp,image/apng,*/*;q=0.8',
  'user-agent' => 'Mozilla/5.0 (Windows NT 10.0; WOW64) AppleWebKit/537.36 (KHTML, like Gecko) Chrome/64.0.3282.140 Safari/537.36',
  'upgrade-insecure-requests' => '1',
  'connection' => 'keep-alive',
  'host' => 'zzxt.gdngs.cn',
)
[ info ] [ PARAM ] array (
)
[ info ] [ LANG ] D:\UPUPW_K2.1\htdocs\zzxt\1.0.0/app/home\lang\zh-cn.php
[ info ] [ BEHAVIOR ] Run app\common\behavior\WebLog @module_init [ RunTime:0.001065s ]
[ info ] [ DB ] INIT sqlsrv
[ info ] [ SESSION ] INIT array (
  'id' => '',
  'var_session_id' => '',
  'prefix' => 'think',
  'type' => '',
  'auto_start' => true,
)
[ info ] [ BEHAVIOR ] Run Closure @action_begin [ RunTime:0.003443s ]
[ info ] [ RUN ] app\home\controller\Index->index[ D:\UPUPW_K2.1\htdocs\zzxt\1.0.0\app\home\controller\Index.php ]
[ info ] [ VIEW ] D:\UPUPW_K2.1\htdocs\zzxt\1.0.0/app/home/view/default/\index.html [ array (
  0 => 'lang',
  1 => 'map_lat',
  2 => 'map_lng',
  3 => 'site_name',
  4 => 'site_host',
  5 => 'site_tpl',
  6 => 'site_tpl_m',
  7 => 'site_logo',
  8 => 'site_icp',
  9 => 'site_tongji',
  10 => 'site_copyright',
  11 => 'site_co_name',
  12 => 'site_address',
  13 => 'site_tel',
  14 => 'site_admin_email',
  15 => 'site_qq',
  16 => 'site_seo_title',
  17 => 'site_seo_keywords',
  18 => 'site_seo_description',
  19 => 'yf_theme_path',
  20 => 'user',
  21 => 'is_admin',
  22 => 'is_question_open',
) ]
[ info ] [ BEHAVIOR ] Run app\admin\behavior\Cron @app_end [ RunTime:0.003405s ]
[ info ] [ LOG ] INIT File
[ sql ] [ DB ] CONNECT:[ UseTime:0.103119s ] sqlsrv:Server=139.199.184.111;Database=zzxt
[ sql ] [ SQL ] SELECT   column_name,   data_type,   column_default,   is_nullable
        FROM    information_schema.tables AS t
        JOIN    information_schema.columns AS c
        ON  t.table_catalog = c.table_catalog
        AND t.table_schema  = c.table_schema
        AND t.table_name    = c.table_name
        WHERE   t.table_name = 'yf_member_list' [ RunTime:0.052571s ]
[ sql ] [ SQL ] SELECT column_name FROM information_schema.key_column_usage WHERE table_name='yf_member_list' [ RunTime:0.071699s ]
[ sql ] [ SQL ] SELECT T1.* FROM (SELECT thinkphp.*, ROW_NUMBER() OVER ( ORDER BY rand()) AS ROW_NUMBER FROM (SELECT  [member_list_username],[id_number] FROM [yf_member_list] WHERE  [member_list_id] IS NULL) AS thinkphp) AS T1 WHERE (T1.ROW_NUMBER BETWEEN 1 AND 1) [ RunTime:0.006586s ]
[ sql ] [ SQL ] SELECT   column_name,   data_type,   column_default,   is_nullable
        FROM    information_schema.tables AS t
        JOIN    information_schema.columns AS c
        ON  t.table_catalog = c.table_catalog
        AND t.table_schema  = c.table_schema
        AND t.table_name    = c.table_name
        WHERE   t.table_name = 'yf_question_switch' [ RunTime:0.040793s ]
[ sql ] [ SQL ] SELECT column_name FROM information_schema.key_column_usage WHERE table_name='yf_question_switch' [ RunTime:0.059365s ]
[ sql ] [ SQL ] SELECT T1.* FROM (SELECT thinkphp.*, ROW_NUMBER() OVER ( ORDER BY rand()) AS ROW_NUMBER FROM (SELECT  * FROM [yf_question_switch] WHERE  [is_open] = '1') AS thinkphp) AS T1 WHERE (T1.ROW_NUMBER BETWEEN 1 AND 1) [ RunTime:0.017316s ]
[ sql ] [ SQL ] SELECT   column_name,   data_type,   column_default,   is_nullable
        FROM    information_schema.tables AS t
        JOIN    information_schema.columns AS c
        ON  t.table_catalog = c.table_catalog
        AND t.table_schema  = c.table_schema
        AND t.table_name    = c.table_name
        WHERE   t.table_name = 'yf_news' [ RunTime:0.038512s ]
[ sql ] [ SQL ] SELECT column_name FROM information_schema.key_column_usage WHERE table_name='yf_news' [ RunTime:0.065515s ]
[ sql ] [ SQL ] SELECT T1.* FROM (SELECT thinkphp.*, ROW_NUMBER() OVER ( ORDER BY news_time desc) AS ROW_NUMBER FROM (SELECT  [n_id],[news_title],[news_content],[news_time] FROM [yf_news] [a] WHERE  [news_open] = '1'  AND [news_l] = 'zh-cn'  AND [news_back] = 0  AND [news_columnid] IN (3)) AS thinkphp) AS T1 WHERE (T1.ROW_NUMBER BETWEEN 1 AND 6) [ RunTime:0.008767s ]
[ sql ] [ SQL ] SELECT T1.* FROM (SELECT thinkphp.*, ROW_NUMBER() OVER ( ORDER BY news_time desc) AS ROW_NUMBER FROM (SELECT  [n_id],[news_title],[news_content],[news_time] FROM [yf_news] [a] WHERE  [news_open] = '1'  AND [news_l] = 'zh-cn'  AND [news_back] = 0  AND [news_columnid] IN (21)) AS thinkphp) AS T1 WHERE (T1.ROW_NUMBER BETWEEN 1 AND 8) [ RunTime:0.008194s ]
[ sql ] [ SQL ] SELECT T1.* FROM (SELECT thinkphp.*, ROW_NUMBER() OVER ( ORDER BY news_time desc) AS ROW_NUMBER FROM (SELECT  [n_id],[news_title],[news_content],[news_time] FROM [yf_news] [a] WHERE  [news_open] = '1'  AND [news_l] = 'zh-cn'  AND [news_back] = 0  AND [news_columnid] IN (6)) AS thinkphp) AS T1 WHERE (T1.ROW_NUMBER BETWEEN 1 AND 6) [ RunTime:0.005299s ]
[ sql ] [ SQL ] SELECT T1.* FROM (SELECT thinkphp.*, ROW_NUMBER() OVER ( ORDER BY news_time desc) AS ROW_NUMBER FROM (SELECT  [n_id],[news_title],[news_content],[news_time] FROM [yf_news] [a] WHERE  [news_open] = '1'  AND [news_l] = 'zh-cn'  AND [news_back] = 0  AND [news_columnid] IN (5)) AS thinkphp) AS T1 WHERE (T1.ROW_NUMBER BETWEEN 1 AND 6) [ RunTime:0.005316s ]
[ sql ] [ SQL ] SELECT T1.* FROM (SELECT thinkphp.*, ROW_NUMBER() OVER ( ORDER BY news_time desc) AS ROW_NUMBER FROM (SELECT  [n_id],[news_title],[news_content],[news_img],[news_time] FROM [yf_news] [a] WHERE  [news_open] = '1'  AND [news_l] = 'zh-cn'  AND [news_back] = 0  AND [news_columnid] IN (22)) AS thinkphp) AS T1 WHERE (T1.ROW_NUMBER BETWEEN 1 AND 6) [ RunTime:0.008668s ]
---------------------------------------------------------------
[ 2018-05-05T21:06:54+08:00 ] 211.66.88.159 183.62.38.253 GET /news/60.html
[ info ] zzxt.gdngs.cn/news/60.html [运行时间：0.626182s][吞吐率：1.60req/s] [内存消耗：3,763.16kb] [文件加载：87]
[ info ] [ LANG ] D:\UPUPW_K2.1\htdocs\zzxt\1.0.0\thinkphp\lang\zh-cn.php
[ info ] [ LANG ] D:\UPUPW_K2.1\htdocs\zzxt\1.0.0/app/lang\zh-cn.php
[ info ] [ CACHE ] INIT File
[ info ] [ ROUTE ] array (
  'type' => 'module',
  'module' => 
  array (
    0 => 'home',
    1 => 'News',
    2 => 'index',
  ),
  'convert' => false,
)
[ info ] [ HEADER ] array (
  'x-rewrite-url' => '/news/60.html',
  'x-skyzip-mode' => 'none',
  'cookie' => 'PHPSESSID=pq1sjr4cnmslvev0urc273lle4; thinkphp_show_page_trace=0|0',
  'accept-language' => 'zh-CN,zh;q=0.9,zh-TW;q=0.8,ja;q=0.7',
  'accept-encoding' => 'gzip, deflate',
  'referer' => 'http://zzxt.gdngs.cn/',
  'accept' => 'text/html,application/xhtml+xml,application/xml;q=0.9,image/webp,image/apng,*/*;q=0.8',
  'user-agent' => 'Mozilla/5.0 (Windows NT 10.0; WOW64) AppleWebKit/537.36 (KHTML, like Gecko) Chrome/64.0.3282.140 Safari/537.36',
  'upgrade-insecure-requests' => '1',
  'connection' => 'keep-alive',
  'host' => 'zzxt.gdngs.cn',
)
[ info ] [ PARAM ] array (
  'id' => '60',
)
[ info ] [ LANG ] D:\UPUPW_K2.1\htdocs\zzxt\1.0.0/app/home\lang\zh-cn.php
[ info ] [ BEHAVIOR ] Run app\common\behavior\WebLog @module_init [ RunTime:0.001069s ]
[ info ] [ DB ] INIT sqlsrv
[ info ] [ SESSION ] INIT array (
  'id' => '',
  'var_session_id' => '',
  'prefix' => 'think',
  'type' => '',
  'auto_start' => true,
)
[ info ] [ BEHAVIOR ] Run Closure @action_begin [ RunTime:0.003204s ]
[ info ] [ RUN ] app\home\controller\News->index[ D:\UPUPW_K2.1\htdocs\zzxt\1.0.0\app\home\controller\News.php ]
[ info ] [ VIEW ] D:\UPUPW_K2.1\htdocs\zzxt\1.0.0/app/home/view/default/\home_page\policy_details.html [ array (
  0 => 'lang',
  1 => 'map_lat',
  2 => 'map_lng',
  3 => 'site_name',
  4 => 'site_host',
  5 => 'site_tpl',
  6 => 'site_tpl_m',
  7 => 'site_logo',
  8 => 'site_icp',
  9 => 'site_tongji',
  10 => 'site_copyright',
  11 => 'site_co_name',
  12 => 'site_address',
  13 => 'site_tel',
  14 => 'site_admin_email',
  15 => 'site_qq',
  16 => 'site_seo_title',
  17 => 'site_seo_keywords',
  18 => 'site_seo_description',
  19 => 'yf_theme_path',
  20 => 'user',
  21 => 'is_admin',
  22 => 'is_question_open',
  23 => 'count',
  24 => 'comments',
  25 => 'parent_comments',
  26 => 't_open',
  27 => 'n_id',
  28 => 'news_title',
  29 => 'news_titleshort',
  30 => 'news_columnid',
  31 => 'news_columnviceid',
  32 => 'news_key',
  33 => 'news_tag',
  34 => 'news_auto',
  35 => 'news_source',
  36 => 'news_content',
  37 => 'news_scontent',
  38 => 'news_hits',
  39 => 'news_like',
  40 => 'news_img',
  41 => 'news_pic_type',
  42 => 'news_pic_allurl',
  43 => 'news_pic_content',
  44 => 'news_time',
  45 => 'listorder',
  46 => 'news_modified',
  47 => 'news_flag',
  48 => 'news_zaddress',
  49 => 'news_cpprice',
  50 => 'news_back',
  51 => 'news_open',
  52 => 'news_lvtype',
  53 => 'comment_status',
  54 => 'comment_count',
  55 => 'news_extra',
  56 => 'news_l',
  57 => 'member_list_id',
  58 => 'member_list_username',
  59 => 'member_list_pwd',
  60 => 'member_list_salt',
  61 => 'member_list_groupid',
  62 => 'member_list_nickname',
  63 => 'member_list_province',
  64 => 'member_list_city',
  65 => 'member_list_town',
  66 => 'member_list_sex',
  67 => 'member_list_headpic',
  68 => 'member_list_tel',
  69 => 'member_list_email',
  70 => 'member_list_open',
  71 => 'member_list_addtime',
  72 => 'member_list_from',
  73 => 'user_url',
  74 => 'birthday',
  75 => 'signature',
  76 => 'last_login_ip',
  77 => 'last_login_time',
  78 => 'user_activation_key',
  79 => 'user_status',
  80 => 'score',
  81 => 'coin',
  82 => 'id_number',
  83 => 'ROW_NUMBER',
  84 => 'content',
  85 => 'page',
  86 => 'menu',
  87 => 'next',
  88 => 'prev',
) ]
[ info ] [ BEHAVIOR ] Run app\admin\behavior\Cron @app_end [ RunTime:0.003354s ]
[ info ] [ LOG ] INIT File
[ sql ] [ DB ] CONNECT:[ UseTime:0.000107s ] sqlsrv:Server=139.199.184.111;Database=zzxt
[ sql ] [ SQL ] SELECT   column_name,   data_type,   column_default,   is_nullable
        FROM    information_schema.tables AS t
        JOIN    information_schema.columns AS c
        ON  t.table_catalog = c.table_catalog
        AND t.table_schema  = c.table_schema
        AND t.table_name    = c.table_name
        WHERE   t.table_name = 'yf_member_list' [ RunTime:0.006311s ]
[ sql ] [ SQL ] SELECT column_name FROM information_schema.key_column_usage WHERE table_name='yf_member_list' [ RunTime:0.011494s ]
[ sql ] [ SQL ] SELECT T1.* FROM (SELECT thinkphp.*, ROW_NUMBER() OVER ( ORDER BY rand()) AS ROW_NUMBER FROM (SELECT  [member_list_username],[id_number] FROM [yf_member_list] WHERE  [member_list_id] IS NULL) AS thinkphp) AS T1 WHERE (T1.ROW_NUMBER BETWEEN 1 AND 1) [ RunTime:0.006557s ]
[ sql ] [ SQL ] SELECT   column_name,   data_type,   column_default,   is_nullable
        FROM    information_schema.tables AS t
        JOIN    information_schema.columns AS c
        ON  t.table_catalog = c.table_catalog
        AND t.table_schema  = c.table_schema
        AND t.table_name    = c.table_name
        WHERE   t.table_name = 'yf_question_switch' [ RunTime:0.005128s ]
[ sql ] [ SQL ] SELECT column_name FROM information_schema.key_column_usage WHERE table_name='yf_question_switch' [ RunTime:0.011881s ]
[ sql ] [ SQL ] SELECT T1.* FROM (SELECT thinkphp.*, ROW_NUMBER() OVER ( ORDER BY rand()) AS ROW_NUMBER FROM (SELECT  * FROM [yf_question_switch] WHERE  [is_open] = '1') AS thinkphp) AS T1 WHERE (T1.ROW_NUMBER BETWEEN 1 AND 1) [ RunTime:0.004846s ]
[ sql ] [ SQL ] SELECT   column_name,   data_type,   column_default,   is_nullable
        FROM    information_schema.tables AS t
        JOIN    information_schema.columns AS c
        ON  t.table_catalog = c.table_catalog
        AND t.table_schema  = c.table_schema
        AND t.table_name    = c.table_name
        WHERE   t.table_name = 'yf_news' [ RunTime:0.005667s ]
[ sql ] [ SQL ] SELECT column_name FROM information_schema.key_column_usage WHERE table_name='yf_news' [ RunTime:0.010306s ]
[ sql ] [ SQL ] SELECT T1.* FROM (SELECT thinkphp.*, ROW_NUMBER() OVER ( ORDER BY rand()) AS ROW_NUMBER FROM (SELECT  * FROM [yf_news] [a] LEFT JOIN [yf_member_list] [b] ON [a].[news_auto]=[b].[member_list_id] WHERE  [n_id] = 60  AND [news_open] = '1'  AND [news_back] = 0) AS thinkphp) AS T1 WHERE (T1.ROW_NUMBER BETWEEN 1 AND 1) [ RunTime:0.010835s ]
[ sql ] [ SQL ] SELECT   column_name,   data_type,   column_default,   is_nullable
        FROM    information_schema.tables AS t
        JOIN    information_schema.columns AS c
        ON  t.table_catalog = c.table_catalog
        AND t.table_schema  = c.table_schema
        AND t.table_name    = c.table_name
        WHERE   t.table_name = 'yf_menu' [ RunTime:0.032246s ]
[ sql ] [ SQL ] SELECT column_name FROM information_schema.key_column_usage WHERE table_name='yf_menu' [ RunTime:0.062212s ]
[ sql ] [ SQL ] SELECT T1.* FROM (SELECT thinkphp.*, ROW_NUMBER() OVER ( ORDER BY rand()) AS ROW_NUMBER FROM (SELECT  * FROM [yf_menu] WHERE  [id] = 6) AS thinkphp) AS T1 WHERE (T1.ROW_NUMBER BETWEEN 1 AND 1) [ RunTime:0.007801s ]
[ sql ] [ SQL ] SELECT   column_name,   data_type,   column_default,   is_nullable
        FROM    information_schema.tables AS t
        JOIN    information_schema.columns AS c
        ON  t.table_catalog = c.table_catalog
        AND t.table_schema  = c.table_schema
        AND t.table_name    = c.table_name
        WHERE   t.table_name = 'yf_action_log' [ RunTime:0.027502s ]
[ sql ] [ SQL ] SELECT column_name FROM information_schema.key_column_usage WHERE table_name='yf_action_log' [ RunTime:0.058576s ]
[ sql ] [ SQL ] SELECT T1.* FROM (SELECT thinkphp.*, ROW_NUMBER() OVER ( ORDER BY rand()) AS ROW_NUMBER FROM (SELECT  * FROM [yf_action_log] WHERE  [uid] = 0  AND [action] = 'home-News-index'  AND [object] = 'news60') AS thinkphp) AS T1 WHERE (T1.ROW_NUMBER BETWEEN 1 AND 1) [ RunTime:0.008079s ]
[ sql ] [ SQL ] UPDATE [yf_action_log] SET [count]=count+1,[last_time]=1525525614,[ip]='183.62.38.253' FROM [yf_action_log]   WHERE  [uid] = 0  AND [action] = 'home-News-index'  AND [object] = 'news60' [ RunTime:0.011867s ]
[ sql ] [ SQL ] UPDATE [yf_news] SET [news_hits]=news_hits+1 FROM [yf_news]   WHERE  [n_id] = 60 [ RunTime:0.008016s ]
[ sql ] [ SQL ] SELECT T1.* FROM (SELECT thinkphp.*, ROW_NUMBER() OVER ( ORDER BY news_time asc) AS ROW_NUMBER FROM (SELECT  * FROM [yf_news] WHERE  [news_time] >= 1522178252  AND [n_id] <> 60  AND [news_open] = '1'  AND [news_back] = 0  AND [news_columnid] = 6) AS thinkphp) AS T1 WHERE (T1.ROW_NUMBER BETWEEN 1 AND 1) [ RunTime:0.008927s ]
[ sql ] [ SQL ] SELECT T1.* FROM (SELECT thinkphp.*, ROW_NUMBER() OVER ( ORDER BY news_time desc) AS ROW_NUMBER FROM (SELECT  * FROM [yf_news] WHERE  [news_time] <= 1522178252  AND [n_id] <> 60  AND [news_open] = '1'  AND [news_back] = 0  AND [news_columnid] = 6) AS thinkphp) AS T1 WHERE (T1.ROW_NUMBER BETWEEN 1 AND 1) [ RunTime:0.008724s ]
[ sql ] [ SQL ] SELECT   column_name,   data_type,   column_default,   is_nullable
        FROM    information_schema.tables AS t
        JOIN    information_schema.columns AS c
        ON  t.table_catalog = c.table_catalog
        AND t.table_schema  = c.table_schema
        AND t.table_name    = c.table_name
        WHERE   t.table_name = 'yf_comments' [ RunTime:0.030446s ]
[ sql ] [ SQL ] SELECT column_name FROM information_schema.key_column_usage WHERE table_name='yf_comments' [ RunTime:0.066008s ]
[ sql ] [ SQL ] SELECT T1.* FROM (SELECT thinkphp.*, ROW_NUMBER() OVER ( ORDER BY createtime ASC) AS ROW_NUMBER FROM (SELECT  * FROM [yf_comments] [a] INNER JOIN [yf_member_list] [b] ON [a].[uid]=[b].[member_list_id] WHERE  [a].[t_name] = 'news'  AND [a].[t_id] = '60'  AND [a].[c_status] = 1) AS thinkphp) AS T1 [ RunTime:0.012242s ]
---------------------------------------------------------------
[ 2018-05-05T21:07:12+08:00 ] 211.66.88.159 183.62.38.253 GET /
[ info ] zzxt.gdngs.cn/ [运行时间：0.251895s][吞吐率：3.97req/s] [内存消耗：3,504.56kb] [文件加载：84]
[ info ] [ LANG ] D:\UPUPW_K2.1\htdocs\zzxt\1.0.0\thinkphp\lang\zh-cn.php
[ info ] [ LANG ] D:\UPUPW_K2.1\htdocs\zzxt\1.0.0/app/lang\zh-cn.php
[ info ] [ CACHE ] INIT File
[ info ] [ ROUTE ] array (
  'type' => 'module',
  'module' => 
  array (
    0 => 'home',
    1 => 'Index',
    2 => 'index',
  ),
  'convert' => false,
)
[ info ] [ HEADER ] array (
  'x-rewrite-url' => '/',
  'x-skyzip-mode' => 'none',
  'cookie' => 'PHPSESSID=pq1sjr4cnmslvev0urc273lle4; thinkphp_show_page_trace=0|0',
  'accept-language' => 'zh-CN,zh;q=0.9,zh-TW;q=0.8,ja;q=0.7',
  'accept-encoding' => 'gzip, deflate',
  'referer' => 'http://zzxt.gdngs.cn/news/60.html',
  'accept' => 'text/html,application/xhtml+xml,application/xml;q=0.9,image/webp,image/apng,*/*;q=0.8',
  'user-agent' => 'Mozilla/5.0 (Windows NT 10.0; WOW64) AppleWebKit/537.36 (KHTML, like Gecko) Chrome/64.0.3282.140 Safari/537.36',
  'upgrade-insecure-requests' => '1',
  'connection' => 'keep-alive',
  'host' => 'zzxt.gdngs.cn',
)
[ info ] [ PARAM ] array (
)
[ info ] [ LANG ] D:\UPUPW_K2.1\htdocs\zzxt\1.0.0/app/home\lang\zh-cn.php
[ info ] [ BEHAVIOR ] Run app\common\behavior\WebLog @module_init [ RunTime:0.001045s ]
[ info ] [ DB ] INIT sqlsrv
[ info ] [ SESSION ] INIT array (
  'id' => '',
  'var_session_id' => '',
  'prefix' => 'think',
  'type' => '',
  'auto_start' => true,
)
[ info ] [ BEHAVIOR ] Run Closure @action_begin [ RunTime:0.003079s ]
[ info ] [ RUN ] app\home\controller\Index->index[ D:\UPUPW_K2.1\htdocs\zzxt\1.0.0\app\home\controller\Index.php ]
[ info ] [ VIEW ] D:\UPUPW_K2.1\htdocs\zzxt\1.0.0/app/home/view/default/\index.html [ array (
  0 => 'lang',
  1 => 'map_lat',
  2 => 'map_lng',
  3 => 'site_name',
  4 => 'site_host',
  5 => 'site_tpl',
  6 => 'site_tpl_m',
  7 => 'site_logo',
  8 => 'site_icp',
  9 => 'site_tongji',
  10 => 'site_copyright',
  11 => 'site_co_name',
  12 => 'site_address',
  13 => 'site_tel',
  14 => 'site_admin_email',
  15 => 'site_qq',
  16 => 'site_seo_title',
  17 => 'site_seo_keywords',
  18 => 'site_seo_description',
  19 => 'yf_theme_path',
  20 => 'user',
  21 => 'is_admin',
  22 => 'is_question_open',
) ]
[ info ] [ BEHAVIOR ] Run app\admin\behavior\Cron @app_end [ RunTime:0.003496s ]
[ info ] [ LOG ] INIT File
[ sql ] [ DB ] CONNECT:[ UseTime:0.000088s ] sqlsrv:Server=139.199.184.111;Database=zzxt
[ sql ] [ SQL ] SELECT   column_name,   data_type,   column_default,   is_nullable
        FROM    information_schema.tables AS t
        JOIN    information_schema.columns AS c
        ON  t.table_catalog = c.table_catalog
        AND t.table_schema  = c.table_schema
        AND t.table_name    = c.table_name
        WHERE   t.table_name = 'yf_member_list' [ RunTime:0.005808s ]
[ sql ] [ SQL ] SELECT column_name FROM information_schema.key_column_usage WHERE table_name='yf_member_list' [ RunTime:0.010460s ]
[ sql ] [ SQL ] SELECT T1.* FROM (SELECT thinkphp.*, ROW_NUMBER() OVER ( ORDER BY rand()) AS ROW_NUMBER FROM (SELECT  [member_list_username],[id_number] FROM [yf_member_list] WHERE  [member_list_id] IS NULL) AS thinkphp) AS T1 WHERE (T1.ROW_NUMBER BETWEEN 1 AND 1) [ RunTime:0.005050s ]
[ sql ] [ SQL ] SELECT   column_name,   data_type,   column_default,   is_nullable
        FROM    information_schema.tables AS t
        JOIN    information_schema.columns AS c
        ON  t.table_catalog = c.table_catalog
        AND t.table_schema  = c.table_schema
        AND t.table_name    = c.table_name
        WHERE   t.table_name = 'yf_question_switch' [ RunTime:0.006143s ]
[ sql ] [ SQL ] SELECT column_name FROM information_schema.key_column_usage WHERE table_name='yf_question_switch' [ RunTime:0.010158s ]
[ sql ] [ SQL ] SELECT T1.* FROM (SELECT thinkphp.*, ROW_NUMBER() OVER ( ORDER BY rand()) AS ROW_NUMBER FROM (SELECT  * FROM [yf_question_switch] WHERE  [is_open] = '1') AS thinkphp) AS T1 WHERE (T1.ROW_NUMBER BETWEEN 1 AND 1) [ RunTime:0.004863s ]
[ sql ] [ SQL ] SELECT   column_name,   data_type,   column_default,   is_nullable
        FROM    information_schema.tables AS t
        JOIN    information_schema.columns AS c
        ON  t.table_catalog = c.table_catalog
        AND t.table_schema  = c.table_schema
        AND t.table_name    = c.table_name
        WHERE   t.table_name = 'yf_news' [ RunTime:0.005728s ]
[ sql ] [ SQL ] SELECT column_name FROM information_schema.key_column_usage WHERE table_name='yf_news' [ RunTime:0.010500s ]
[ sql ] [ SQL ] SELECT T1.* FROM (SELECT thinkphp.*, ROW_NUMBER() OVER ( ORDER BY news_time desc) AS ROW_NUMBER FROM (SELECT  [n_id],[news_title],[news_content],[news_time] FROM [yf_news] [a] WHERE  [news_open] = '1'  AND [news_l] = 'zh-cn'  AND [news_back] = 0  AND [news_columnid] IN (3)) AS thinkphp) AS T1 WHERE (T1.ROW_NUMBER BETWEEN 1 AND 6) [ RunTime:0.005054s ]
[ sql ] [ SQL ] SELECT T1.* FROM (SELECT thinkphp.*, ROW_NUMBER() OVER ( ORDER BY news_time desc) AS ROW_NUMBER FROM (SELECT  [n_id],[news_title],[news_content],[news_time] FROM [yf_news] [a] WHERE  [news_open] = '1'  AND [news_l] = 'zh-cn'  AND [news_back] = 0  AND [news_columnid] IN (21)) AS thinkphp) AS T1 WHERE (T1.ROW_NUMBER BETWEEN 1 AND 8) [ RunTime:0.005707s ]
[ sql ] [ SQL ] SELECT T1.* FROM (SELECT thinkphp.*, ROW_NUMBER() OVER ( ORDER BY news_time desc) AS ROW_NUMBER FROM (SELECT  [n_id],[news_title],[news_content],[news_time] FROM [yf_news] [a] WHERE  [news_open] = '1'  AND [news_l] = 'zh-cn'  AND [news_back] = 0  AND [news_columnid] IN (6)) AS thinkphp) AS T1 WHERE (T1.ROW_NUMBER BETWEEN 1 AND 6) [ RunTime:0.006207s ]
[ sql ] [ SQL ] SELECT T1.* FROM (SELECT thinkphp.*, ROW_NUMBER() OVER ( ORDER BY news_time desc) AS ROW_NUMBER FROM (SELECT  [n_id],[news_title],[news_content],[news_time] FROM [yf_news] [a] WHERE  [news_open] = '1'  AND [news_l] = 'zh-cn'  AND [news_back] = 0  AND [news_columnid] IN (5)) AS thinkphp) AS T1 WHERE (T1.ROW_NUMBER BETWEEN 1 AND 6) [ RunTime:0.005037s ]
[ sql ] [ SQL ] SELECT T1.* FROM (SELECT thinkphp.*, ROW_NUMBER() OVER ( ORDER BY news_time desc) AS ROW_NUMBER FROM (SELECT  [n_id],[news_title],[news_content],[news_img],[news_time] FROM [yf_news] [a] WHERE  [news_open] = '1'  AND [news_l] = 'zh-cn'  AND [news_back] = 0  AND [news_columnid] IN (22)) AS thinkphp) AS T1 WHERE (T1.ROW_NUMBER BETWEEN 1 AND 6) [ RunTime:0.005217s ]
---------------------------------------------------------------
[ 2018-05-05T21:07:20+08:00 ] 211.66.88.159 183.62.38.253 GET /admin
[ info ] zzxt.gdngs.cn/admin [运行时间：0.089938s][吞吐率：11.12req/s] [内存消耗：3,380.73kb] [文件加载：79]
[ info ] [ LANG ] D:\UPUPW_K2.1\htdocs\zzxt\1.0.0\thinkphp\lang\zh-cn.php
[ info ] [ LANG ] D:\UPUPW_K2.1\htdocs\zzxt\1.0.0/app/lang\zh-cn.php
[ info ] [ CACHE ] INIT File
[ info ] [ ROUTE ] array (
  'type' => 'module',
  'module' => 
  array (
    0 => 'admin',
    1 => NULL,
    2 => NULL,
  ),
)
[ info ] [ HEADER ] array (
  'x-rewrite-url' => '/admin',
  'x-skyzip-mode' => 'none',
  'cookie' => 'PHPSESSID=pq1sjr4cnmslvev0urc273lle4; thinkphp_show_page_trace=0|0',
  'accept-language' => 'zh-CN,zh;q=0.9,zh-TW;q=0.8,ja;q=0.7',
  'accept-encoding' => 'gzip, deflate',
  'accept' => 'text/html,application/xhtml+xml,application/xml;q=0.9,image/webp,image/apng,*/*;q=0.8',
  'user-agent' => 'Mozilla/5.0 (Windows NT 10.0; WOW64) AppleWebKit/537.36 (KHTML, like Gecko) Chrome/64.0.3282.140 Safari/537.36',
  'upgrade-insecure-requests' => '1',
  'connection' => 'keep-alive',
  'host' => 'zzxt.gdngs.cn',
)
[ info ] [ PARAM ] array (
)
[ info ] [ BEHAVIOR ] Run app\common\behavior\WebLog @module_init [ RunTime:0.001022s ]
[ info ] [ DB ] INIT sqlsrv
[ info ] [ SESSION ] INIT array (
  'id' => '',
  'var_session_id' => '',
  'prefix' => 'think',
  'type' => '',
  'auto_start' => true,
)
[ info ] [ BEHAVIOR ] Run app\admin\behavior\Cron @app_end [ RunTime:0.003022s ]
[ info ] [ LOG ] INIT File
---------------------------------------------------------------
[ 2018-05-05T21:07:20+08:00 ] 211.66.88.159 183.62.38.253 GET /admin/login/login.html
[ info ] zzxt.gdngs.cn/admin/login/login.html [运行时间：0.091829s][吞吐率：10.89req/s] [内存消耗：3,406.77kb] [文件加载：81]
[ info ] [ LANG ] D:\UPUPW_K2.1\htdocs\zzxt\1.0.0\thinkphp\lang\zh-cn.php
[ info ] [ LANG ] D:\UPUPW_K2.1\htdocs\zzxt\1.0.0/app/lang\zh-cn.php
[ info ] [ CACHE ] INIT File
[ info ] [ ROUTE ] array (
  'type' => 'module',
  'module' => 
  array (
    0 => 'admin',
    1 => 'login',
    2 => 'login',
  ),
)
[ info ] [ HEADER ] array (
  'x-rewrite-url' => '/admin/login/login.html',
  'x-skyzip-mode' => 'none',
  'cookie' => 'PHPSESSID=pq1sjr4cnmslvev0urc273lle4; thinkphp_show_page_trace=0|0',
  'accept-language' => 'zh-CN,zh;q=0.9,zh-TW;q=0.8,ja;q=0.7',
  'accept-encoding' => 'gzip, deflate',
  'accept' => 'text/html,application/xhtml+xml,application/xml;q=0.9,image/webp,image/apng,*/*;q=0.8',
  'user-agent' => 'Mozilla/5.0 (Windows NT 10.0; WOW64) AppleWebKit/537.36 (KHTML, like Gecko) Chrome/64.0.3282.140 Safari/537.36',
  'upgrade-insecure-requests' => '1',
  'connection' => 'keep-alive',
  'host' => 'zzxt.gdngs.cn',
)
[ info ] [ PARAM ] array (
)
[ info ] [ BEHAVIOR ] Run app\common\behavior\WebLog @module_init [ RunTime:0.000964s ]
[ info ] [ BEHAVIOR ] Run Closure @action_begin [ RunTime:0.002756s ]
[ info ] [ RUN ] app\admin\controller\Login->login[ D:\UPUPW_K2.1\htdocs\zzxt\1.0.0\app\admin\controller\Login.php ]
[ info ] [ DB ] INIT sqlsrv
[ info ] [ SESSION ] INIT array (
  'id' => '',
  'var_session_id' => '',
  'prefix' => 'think',
  'type' => '',
  'auto_start' => true,
)
[ info ] [ VIEW ] D:\UPUPW_K2.1\htdocs\zzxt\1.0.0/app/admin\view\login\login.html [ array (
  0 => 'lang',
) ]
[ info ] [ BEHAVIOR ] Run app\admin\behavior\Cron @app_end [ RunTime:0.002907s ]
[ info ] [ LOG ] INIT File
---------------------------------------------------------------
[ 2018-05-05T21:07:20+08:00 ] 211.66.88.159 183.62.38.253 GET /admin/login/verify.html
[ info ] zzxt.gdngs.cn/admin/login/verify.html [运行时间：0.097420s][吞吐率：10.26req/s] [内存消耗：3,363.69kb] [文件加载：79]
[ info ] [ LANG ] D:\UPUPW_K2.1\htdocs\zzxt\1.0.0\thinkphp\lang\zh-cn.php
[ info ] [ LANG ] D:\UPUPW_K2.1\htdocs\zzxt\1.0.0/app/lang\zh-cn.php
[ info ] [ CACHE ] INIT File
[ info ] [ ROUTE ] array (
  'type' => 'module',
  'module' => 
  array (
    0 => 'admin',
    1 => 'login',
    2 => 'verify',
  ),
)
[ info ] [ HEADER ] array (
  'x-rewrite-url' => '/admin/login/verify.html',
  'x-skyzip-mode' => 'none',
  'cookie' => 'PHPSESSID=pq1sjr4cnmslvev0urc273lle4; thinkphp_show_page_trace=0|0',
  'accept-language' => 'zh-CN,zh;q=0.9,zh-TW;q=0.8,ja;q=0.7',
  'accept-encoding' => 'gzip, deflate',
  'referer' => 'http://zzxt.gdngs.cn/admin/login/login.html',
  'accept' => 'image/webp,image/apng,image/*,*/*;q=0.8',
  'user-agent' => 'Mozilla/5.0 (Windows NT 10.0; WOW64) AppleWebKit/537.36 (KHTML, like Gecko) Chrome/64.0.3282.140 Safari/537.36',
  'connection' => 'keep-alive',
  'host' => 'zzxt.gdngs.cn',
)
[ info ] [ PARAM ] array (
)
[ info ] [ BEHAVIOR ] Run app\common\behavior\WebLog @module_init [ RunTime:0.000950s ]
[ info ] [ BEHAVIOR ] Run Closure @action_begin [ RunTime:0.003366s ]
[ info ] [ RUN ] app\admin\controller\Login->verify[ D:\UPUPW_K2.1\htdocs\zzxt\1.0.0\app\admin\controller\Login.php ]
[ info ] [ DB ] INIT sqlsrv
[ info ] [ SESSION ] INIT array (
  'id' => '',
  'var_session_id' => '',
  'prefix' => 'think',
  'type' => '',
  'auto_start' => true,
)
[ info ] [ BEHAVIOR ] Run app\admin\behavior\Cron @app_end [ RunTime:0.002952s ]
[ info ] [ LOG ] INIT File
---------------------------------------------------------------
[ 2018-05-05T21:07:21+08:00 ] 211.66.88.159 183.62.38.253 GET /geetest.html?t=1525525645335
[ info ] zzxt.gdngs.cn/geetest.html?t=1525525645335 [运行时间：0.222043s][吞吐率：4.50req/s] [内存消耗：2,027.75kb] [文件加载：60]
[ info ] [ LANG ] D:\UPUPW_K2.1\htdocs\zzxt\1.0.0\thinkphp\lang\zh-cn.php
[ info ] [ LANG ] D:\UPUPW_K2.1\htdocs\zzxt\1.0.0/app/lang\zh-cn.php
[ info ] [ CACHE ] INIT File
[ info ] [ ROUTE ] array (
  'type' => 'method',
  'method' => 
  array (
    0 => '\\think\\geetest\\GeetestController',
    1 => 'index',
  ),
  'var' => 
  array (
  ),
)
[ info ] [ HEADER ] array (
  'x-rewrite-url' => '/geetest.html?t=1525525645335',
  'x-skyzip-mode' => 'none',
  'cookie' => 'PHPSESSID=pq1sjr4cnmslvev0urc273lle4; thinkphp_show_page_trace=0|0',
  'accept-language' => 'zh-CN,zh;q=0.9,zh-TW;q=0.8,ja;q=0.7',
  'accept-encoding' => 'gzip, deflate',
  'referer' => 'http://zzxt.gdngs.cn/admin/login/login.html',
  'user-agent' => 'Mozilla/5.0 (Windows NT 10.0; WOW64) AppleWebKit/537.36 (KHTML, like Gecko) Chrome/64.0.3282.140 Safari/537.36',
  'x-requested-with' => 'XMLHttpRequest',
  'accept' => 'application/json, text/javascript, */*; q=0.01',
  'connection' => 'keep-alive',
  'host' => 'zzxt.gdngs.cn',
)
[ info ] [ PARAM ] array (
  't' => '1525525645335',
  'id' => NULL,
)
[ info ] [ RUN ] think\geetest\GeetestController->index[ D:\UPUPW_K2.1\htdocs\zzxt\1.0.0\vendor\yfcmf\geetest\src\GeetestController.php ]
[ info ] [ SESSION ] INIT array (
  'id' => '',
  'var_session_id' => '',
  'prefix' => 'think',
  'type' => '',
  'auto_start' => true,
)
[ info ] [ BEHAVIOR ] Run app\admin\behavior\Cron @app_end [ RunTime:0.003814s ]
[ info ] [ LOG ] INIT File
---------------------------------------------------------------
[ 2018-05-05T21:07:31+08:00 ] 211.66.88.159 183.62.38.253 POST /admin/login/runlogin.html
[ info ] zzxt.gdngs.cn/admin/login/runlogin.html [运行时间：0.411793s][吞吐率：2.43req/s] [内存消耗：8,304.13kb] [文件加载：121]
[ info ] [ LANG ] D:\UPUPW_K2.1\htdocs\zzxt\1.0.0\thinkphp\lang\zh-cn.php
[ info ] [ LANG ] D:\UPUPW_K2.1\htdocs\zzxt\1.0.0/app/lang\zh-cn.php
[ info ] [ CACHE ] INIT File
[ info ] [ ROUTE ] array (
  'type' => 'module',
  'module' => 
  array (
    0 => 'admin',
    1 => 'login',
    2 => 'runlogin',
  ),
)
[ info ] [ HEADER ] array (
  'x-rewrite-url' => '/admin/login/runlogin.html',
  'content-length' => '54',
  'x-skyzip-mode' => 'none',
  'cookie' => 'thinkphp_show_page_trace=0|0; PHPSESSID=pq1sjr4cnmslvev0urc273lle4; thinkphp_show_page_trace=0|0',
  'accept-language' => 'zh-CN,zh;q=0.9,zh-TW;q=0.8,ja;q=0.7',
  'accept-encoding' => 'gzip, deflate',
  'referer' => 'http://zzxt.gdngs.cn/admin/login/login.html',
  'content-type' => 'application/x-www-form-urlencoded; charset=UTF-8',
  'user-agent' => 'Mozilla/5.0 (Windows NT 10.0; WOW64) AppleWebKit/537.36 (KHTML, like Gecko) Chrome/64.0.3282.140 Safari/537.36',
  'x-requested-with' => 'XMLHttpRequest',
  'origin' => 'http://zzxt.gdngs.cn',
  'accept' => 'application/json, text/javascript, */*; q=0.01',
  'connection' => 'keep-alive',
  'host' => 'zzxt.gdngs.cn',
)
[ info ] [ PARAM ] array (
  'admin_username' => 'admin',
  'admin_pwd' => 'gdaibadmin',
  'verify' => 'cjlee',
)
[ info ] [ SESSION ] INIT array (
  'id' => '',
  'var_session_id' => '',
  'prefix' => 'think',
  'type' => '',
  'auto_start' => true,
)
[ info ] [ DB ] INIT sqlsrv
[ info ] [ BEHAVIOR ] Run app\common\behavior\WebLog @module_init [ RunTime:0.208072s ]
[ info ] [ BEHAVIOR ] Run Closure @action_begin [ RunTime:0.003168s ]
[ info ] [ RUN ] app\admin\controller\Login->runlogin[ D:\UPUPW_K2.1\htdocs\zzxt\1.0.0\app\admin\controller\Login.php ]
[ info ] [ BEHAVIOR ] Run app\admin\behavior\Cron @app_end [ RunTime:0.003698s ]
[ info ] [ LOG ] INIT File
[ sql ] [ DB ] CONNECT:[ UseTime:0.000085s ] sqlsrv:Server=139.199.184.111;Database=zzxt
[ sql ] [ SQL ] SELECT   column_name,   data_type,   column_default,   is_nullable
        FROM    information_schema.tables AS t
        JOIN    information_schema.columns AS c
        ON  t.table_catalog = c.table_catalog
        AND t.table_schema  = c.table_schema
        AND t.table_name    = c.table_name
        WHERE   t.table_name = 'yf_web_log' [ RunTime:0.027676s ]
[ sql ] [ SQL ] SELECT column_name FROM information_schema.key_column_usage WHERE table_name='yf_web_log' [ RunTime:0.062960s ]
[ sql ] [ SQL ] INSERT INTO [yf_web_log] ([uid] , [ip] , [location] , [os] , [browser] , [url] , [module] , [controller] , [action] , [method] , [data] , [otime]) VALUES (0 , '183.62.38.253' , '中国 广东 广州 ' , 'Windows 10' , 'Chrome(64.0.3282.140)' , '/admin/login/runlogin.html' , 'admin' , 'Login' , 'runlogin' , 'Ajax' , 's:12:"保密数据";' , 1525525651) [ RunTime:0.029281s ]
[ sql ] [ SQL ] SELECT   column_name,   data_type,   column_default,   is_nullable
        FROM    information_schema.tables AS t
        JOIN    information_schema.columns AS c
        ON  t.table_catalog = c.table_catalog
        AND t.table_schema  = c.table_schema
        AND t.table_name    = c.table_name
        WHERE   t.table_name = 'yf_admin' [ RunTime:0.040655s ]
[ sql ] [ SQL ] SELECT column_name FROM information_schema.key_column_usage WHERE table_name='yf_admin' [ RunTime:0.061992s ]
[ sql ] [ SQL ] SELECT T1.* FROM (SELECT thinkphp.*, ROW_NUMBER() OVER ( ORDER BY rand()) AS ROW_NUMBER FROM (SELECT  * FROM [yf_admin] WHERE  [admin_username] = 'admin'  AND [admin_open] = 1) AS thinkphp) AS T1 WHERE (T1.ROW_NUMBER BETWEEN 1 AND 1) [ RunTime:0.008722s ]
---------------------------------------------------------------
[ 2018-05-05T21:07:31+08:00 ] 211.66.88.159 183.62.38.253 GET /admin/login/verify.html?0.7211598122077307
[ info ] zzxt.gdngs.cn/admin/login/verify.html?0.7211598122077307 [运行时间：0.097211s][吞吐率：10.29req/s] [内存消耗：3,364.74kb] [文件加载：79]
[ info ] [ LANG ] D:\UPUPW_K2.1\htdocs\zzxt\1.0.0\thinkphp\lang\zh-cn.php
[ info ] [ LANG ] D:\UPUPW_K2.1\htdocs\zzxt\1.0.0/app/lang\zh-cn.php
[ info ] [ CACHE ] INIT File
[ info ] [ ROUTE ] array (
  'type' => 'module',
  'module' => 
  array (
    0 => 'admin',
    1 => 'login',
    2 => 'verify',
  ),
)
[ info ] [ HEADER ] array (
  'x-rewrite-url' => '/admin/login/verify.html?0.7211598122077307',
  'x-skyzip-mode' => 'none',
  'cookie' => 'thinkphp_show_page_trace=0|0; PHPSESSID=pq1sjr4cnmslvev0urc273lle4; thinkphp_show_page_trace=0|0',
  'accept-language' => 'zh-CN,zh;q=0.9,zh-TW;q=0.8,ja;q=0.7',
  'accept-encoding' => 'gzip, deflate',
  'referer' => 'http://zzxt.gdngs.cn/admin/login/login.html',
  'accept' => 'image/webp,image/apng,image/*,*/*;q=0.8',
  'user-agent' => 'Mozilla/5.0 (Windows NT 10.0; WOW64) AppleWebKit/537.36 (KHTML, like Gecko) Chrome/64.0.3282.140 Safari/537.36',
  'connection' => 'keep-alive',
  'host' => 'zzxt.gdngs.cn',
)
[ info ] [ PARAM ] array (
  '0_7211598122077307' => '',
)
[ info ] [ BEHAVIOR ] Run app\common\behavior\WebLog @module_init [ RunTime:0.001024s ]
[ info ] [ BEHAVIOR ] Run Closure @action_begin [ RunTime:0.003543s ]
[ info ] [ RUN ] app\admin\controller\Login->verify[ D:\UPUPW_K2.1\htdocs\zzxt\1.0.0\app\admin\controller\Login.php ]
[ info ] [ DB ] INIT sqlsrv
[ info ] [ SESSION ] INIT array (
  'id' => '',
  'var_session_id' => '',
  'prefix' => 'think',
  'type' => '',
  'auto_start' => true,
)
[ info ] [ BEHAVIOR ] Run app\admin\behavior\Cron @app_end [ RunTime:0.003400s ]
[ info ] [ LOG ] INIT File
---------------------------------------------------------------
[ 2018-05-05T21:07:43+08:00 ] 211.66.88.159 183.62.38.253 POST /admin/login/runlogin.html
[ info ] zzxt.gdngs.cn/admin/login/runlogin.html [运行时间：0.403033s][吞吐率：2.48req/s] [内存消耗：8,356.20kb] [文件加载：122]
[ info ] [ LANG ] D:\UPUPW_K2.1\htdocs\zzxt\1.0.0\thinkphp\lang\zh-cn.php
[ info ] [ LANG ] D:\UPUPW_K2.1\htdocs\zzxt\1.0.0/app/lang\zh-cn.php
[ info ] [ CACHE ] INIT File
[ info ] [ ROUTE ] array (
  'type' => 'module',
  'module' => 
  array (
    0 => 'admin',
    1 => 'login',
    2 => 'runlogin',
  ),
)
[ info ] [ HEADER ] array (
  'x-rewrite-url' => '/admin/login/runlogin.html',
  'content-length' => '49',
  'x-skyzip-mode' => 'none',
  'cookie' => 'thinkphp_show_page_trace=0|0; PHPSESSID=pq1sjr4cnmslvev0urc273lle4; thinkphp_show_page_trace=0|0',
  'accept-language' => 'zh-CN,zh;q=0.9,zh-TW;q=0.8,ja;q=0.7',
  'accept-encoding' => 'gzip, deflate',
  'referer' => 'http://zzxt.gdngs.cn/admin/login/login.html',
  'content-type' => 'application/x-www-form-urlencoded; charset=UTF-8',
  'user-agent' => 'Mozilla/5.0 (Windows NT 10.0; WOW64) AppleWebKit/537.36 (KHTML, like Gecko) Chrome/64.0.3282.140 Safari/537.36',
  'x-requested-with' => 'XMLHttpRequest',
  'origin' => 'http://zzxt.gdngs.cn',
  'accept' => 'application/json, text/javascript, */*; q=0.01',
  'connection' => 'keep-alive',
  'host' => 'zzxt.gdngs.cn',
)
[ info ] [ PARAM ] array (
  'admin_username' => 'admin',
  'admin_pwd' => 'admin',
  'verify' => 'pzxf2',
)
[ info ] [ SESSION ] INIT array (
  'id' => '',
  'var_session_id' => '',
  'prefix' => 'think',
  'type' => '',
  'auto_start' => true,
)
[ info ] [ DB ] INIT sqlsrv
[ info ] [ BEHAVIOR ] Run app\common\behavior\WebLog @module_init [ RunTime:0.114040s ]
[ info ] [ BEHAVIOR ] Run Closure @action_begin [ RunTime:0.002950s ]
[ info ] [ RUN ] app\admin\controller\Login->runlogin[ D:\UPUPW_K2.1\htdocs\zzxt\1.0.0\app\admin\controller\Login.php ]
[ info ] [ BEHAVIOR ] Run app\admin\behavior\Cron @app_end [ RunTime:0.003291s ]
[ info ] [ LOG ] INIT File
[ sql ] [ DB ] CONNECT:[ UseTime:0.000100s ] sqlsrv:Server=139.199.184.111;Database=zzxt
[ sql ] [ SQL ] SELECT   column_name,   data_type,   column_default,   is_nullable
        FROM    information_schema.tables AS t
        JOIN    information_schema.columns AS c
        ON  t.table_catalog = c.table_catalog
        AND t.table_schema  = c.table_schema
        AND t.table_name    = c.table_name
        WHERE   t.table_name = 'yf_web_log' [ RunTime:0.005555s ]
[ sql ] [ SQL ] SELECT column_name FROM information_schema.key_column_usage WHERE table_name='yf_web_log' [ RunTime:0.010098s ]
[ sql ] [ SQL ] INSERT INTO [yf_web_log] ([uid] , [ip] , [location] , [os] , [browser] , [url] , [module] , [controller] , [action] , [method] , [data] , [otime]) VALUES (0 , '183.62.38.253' , '中国 广东 广州 ' , 'Windows 10' , 'Chrome(64.0.3282.140)' , '/admin/login/runlogin.html' , 'admin' , 'Login' , 'runlogin' , 'Ajax' , 's:12:"保密数据";' , 1525525663) [ RunTime:0.012756s ]
[ sql ] [ SQL ] SELECT   column_name,   data_type,   column_default,   is_nullable
        FROM    information_schema.tables AS t
        JOIN    information_schema.columns AS c
        ON  t.table_catalog = c.table_catalog
        AND t.table_schema  = c.table_schema
        AND t.table_name    = c.table_name
        WHERE   t.table_name = 'yf_admin' [ RunTime:0.005962s ]
[ sql ] [ SQL ] SELECT column_name FROM information_schema.key_column_usage WHERE table_name='yf_admin' [ RunTime:0.010296s ]
[ sql ] [ SQL ] SELECT T1.* FROM (SELECT thinkphp.*, ROW_NUMBER() OVER ( ORDER BY rand()) AS ROW_NUMBER FROM (SELECT  * FROM [yf_admin] WHERE  [admin_username] = 'admin'  AND [admin_open] = 1) AS thinkphp) AS T1 WHERE (T1.ROW_NUMBER BETWEEN 1 AND 1) [ RunTime:0.004927s ]
[ sql ] [ SQL ] UPDATE [yf_admin] SET [admin_hits]=194,[admin_last_ip]='183.62.38.253',[admin_last_time]=1525525663 FROM [yf_admin]   WHERE  [admin_id] = 1 [ RunTime:0.007067s ]
[ sql ] [ SQL ] SELECT T1.* FROM (SELECT thinkphp.*, ROW_NUMBER() OVER ( ORDER BY rand()) AS ROW_NUMBER FROM (SELECT  * FROM [yf_admin] WHERE  [admin_id] = 1) AS thinkphp) AS T1 WHERE (T1.ROW_NUMBER BETWEEN 1 AND 1) [ RunTime:0.007263s ]
[ sql ] [ SQL ] SELECT   column_name,   data_type,   column_default,   is_nullable
        FROM    information_schema.tables AS t
        JOIN    information_schema.columns AS c
        ON  t.table_catalog = c.table_catalog
        AND t.table_schema  = c.table_schema
        AND t.table_name    = c.table_name
        WHERE   t.table_name = 'yf_admin_profession' [ RunTime:0.029425s ]
[ sql ] [ SQL ] SELECT column_name FROM information_schema.key_column_usage WHERE table_name='yf_admin_profession' [ RunTime:0.059413s ]
[ sql ] [ SQL ] SELECT T1.* FROM (SELECT thinkphp.*, ROW_NUMBER() OVER ( ORDER BY [current_grade]  asc) AS ROW_NUMBER FROM (SELECT  * FROM [yf_admin_profession] WHERE  [admin_id] = 1) AS thinkphp) AS T1 [ RunTime:0.007694s ]
[ sql ] [ SQL ] SELECT   column_name,   data_type,   column_default,   is_nullable
        FROM    information_schema.tables AS t
        JOIN    information_schema.columns AS c
        ON  t.table_catalog = c.table_catalog
        AND t.table_schema  = c.table_schema
        AND t.table_name    = c.table_name
        WHERE   t.table_name = 'yf_member_list' [ RunTime:0.005676s ]
[ sql ] [ SQL ] SELECT column_name FROM information_schema.key_column_usage WHERE table_name='yf_member_list' [ RunTime:0.010973s ]
[ sql ] [ SQL ] SELECT T1.* FROM (SELECT thinkphp.*, ROW_NUMBER() OVER ( ORDER BY rand()) AS ROW_NUMBER FROM (SELECT  * FROM [yf_member_list] WHERE  [member_list_id] = 1) AS thinkphp) AS T1 WHERE (T1.ROW_NUMBER BETWEEN 1 AND 1) [ RunTime:0.007532s ]
---------------------------------------------------------------
[ 2018-05-05T21:07:44+08:00 ] 211.66.88.159 183.62.38.253 GET /admin/index/index.html
[ info ] zzxt.gdngs.cn/admin/index/index.html [运行时间：0.735218s][吞吐率：1.36req/s] [内存消耗：4,271.64kb] [文件加载：88]
[ info ] [ LANG ] D:\UPUPW_K2.1\htdocs\zzxt\1.0.0\thinkphp\lang\zh-cn.php
[ info ] [ LANG ] D:\UPUPW_K2.1\htdocs\zzxt\1.0.0/app/lang\zh-cn.php
[ info ] [ CACHE ] INIT File
[ info ] [ ROUTE ] array (
  'type' => 'module',
  'module' => 
  array (
    0 => 'admin',
    1 => 'index',
    2 => 'index',
  ),
)
[ info ] [ HEADER ] array (
  'x-rewrite-url' => '/admin/index/index.html',
  'x-skyzip-mode' => 'none',
  'cookie' => 'PHPSESSID=pq1sjr4cnmslvev0urc273lle4; thinkphp_show_page_trace=0|0; yf_logged_user=pUVPiODt9RHJ5Bn6C',
  'accept-language' => 'zh-CN,zh;q=0.9,zh-TW;q=0.8,ja;q=0.7',
  'accept-encoding' => 'gzip, deflate',
  'referer' => 'http://zzxt.gdngs.cn/admin/login/login.html',
  'accept' => 'text/html,application/xhtml+xml,application/xml;q=0.9,image/webp,image/apng,*/*;q=0.8',
  'user-agent' => 'Mozilla/5.0 (Windows NT 10.0; WOW64) AppleWebKit/537.36 (KHTML, like Gecko) Chrome/64.0.3282.140 Safari/537.36',
  'upgrade-insecure-requests' => '1',
  'connection' => 'keep-alive',
  'host' => 'zzxt.gdngs.cn',
)
[ info ] [ PARAM ] array (
)
[ info ] [ BEHAVIOR ] Run app\common\behavior\WebLog @module_init [ RunTime:0.000988s ]
[ info ] [ DB ] INIT sqlsrv
[ info ] [ SESSION ] INIT array (
  'id' => '',
  'var_session_id' => '',
  'prefix' => 'think',
  'type' => '',
  'auto_start' => true,
)
[ info ] [ BEHAVIOR ] Run Closure @action_begin [ RunTime:0.004755s ]
[ info ] [ RUN ] app\admin\controller\Index->index[ D:\UPUPW_K2.1\htdocs\zzxt\1.0.0\app\admin\controller\Index.php ]
[ info ] [ VIEW ] D:\UPUPW_K2.1\htdocs\zzxt\1.0.0/app/admin\view\index\index.html [ array (
  0 => 'lang',
  1 => 'menus',
  2 => 'menus_curr',
  3 => 'menus_child',
  4 => 'id_curr',
  5 => 'admin',
  6 => 'admin_avatar',
  7 => 'news_list',
  8 => 'news_count',
  9 => 'members_count',
  10 => 'sugs_count',
  11 => 'coms_count',
  12 => 'tonews_count',
  13 => 'ztnews_count',
  14 => 'difday',
  15 => 'tomembers_count',
  16 => 'ztmembers_count',
  17 => 'difday_m',
  18 => 'tosugs_count',
  19 => 'ztsugs_count',
  20 => 'difday_s',
  21 => 'tocoms_count',
  22 => 'ztcoms_count',
  23 => 'difday_c',
) ]
[ info ] [ VIEW ] D:\UPUPW_K2.1\htdocs\zzxt\1.0.0\addons\info\gitinfo.html [ array (
) ]
[ info ] [ BEHAVIOR ] Run \addons\info\Info @gitinfo [ RunTime:0.001877s ]
[ info ] [ VIEW ] D:\UPUPW_K2.1\htdocs\zzxt\1.0.0\addons\info\sysinfo.html [ array (
  0 => 'info',
  1 => 'update_check',
  2 => 'ver_str',
  3 => 'ver_last',
) ]
[ info ] [ BEHAVIOR ] Run \addons\info\Info @sysinfo [ RunTime:0.001592s ]
[ info ] [ VIEW ] D:\UPUPW_K2.1\htdocs\zzxt\1.0.0\addons\maintain\maintain.html [ array (
  0 => 'danger_mode_debug',
  1 => 'weak_setting_db_password',
  2 => 'weak_setting_admin_last_change_password',
  3 => 'system_safe',
  4 => 'system_pageshow',
  5 => 'log_size',
  6 => 'log_file_cnt',
) ]
[ info ] [ BEHAVIOR ] Run \addons\maintain\Maintain @maintain [ RunTime:0.073981s ]
[ info ] [ BEHAVIOR ] Run app\admin\behavior\Cron @app_end [ RunTime:0.003597s ]
[ info ] [ LOG ] INIT File
[ sql ] [ DB ] CONNECT:[ UseTime:0.000091s ] sqlsrv:Server=139.199.184.111;Database=zzxt
[ sql ] [ SQL ] SELECT   column_name,   data_type,   column_default,   is_nullable
        FROM    information_schema.tables AS t
        JOIN    information_schema.columns AS c
        ON  t.table_catalog = c.table_catalog
        AND t.table_schema  = c.table_schema
        AND t.table_name    = c.table_name
        WHERE   t.table_name = 'yf_auth_rule' [ RunTime:0.027772s ]
[ sql ] [ SQL ] SELECT column_name FROM information_schema.key_column_usage WHERE table_name='yf_auth_rule' [ RunTime:0.055813s ]
[ sql ] [ SQL ] SELECT T1.* FROM (SELECT thinkphp.*, ROW_NUMBER() OVER ( ORDER BY level desc,sort) AS ROW_NUMBER FROM (SELECT  [id],[pid],[level],[sort] FROM [yf_auth_rule]) AS thinkphp) AS T1 [ RunTime:0.014776s ]
[ sql ] [ SQL ] SELECT T1.* FROM (SELECT thinkphp.*, ROW_NUMBER() OVER ( ORDER BY rand()) AS ROW_NUMBER FROM (SELECT  [pid] FROM [yf_auth_rule] WHERE  [id] = -1) AS thinkphp) AS T1 WHERE (T1.ROW_NUMBER BETWEEN 1 AND 1) [ RunTime:0.006802s ]
[ sql ] [ SQL ] SELECT T1.* FROM (SELECT thinkphp.*, ROW_NUMBER() OVER ( ORDER BY [sort]) AS ROW_NUMBER FROM (SELECT  * FROM [yf_auth_rule] WHERE  [status] = 1  AND [pid] = null) AS thinkphp) AS T1 [ RunTime:0.006703s ]
[ sql ] [ SQL ] SELECT   column_name,   data_type,   column_default,   is_nullable
        FROM    information_schema.tables AS t
        JOIN    information_schema.columns AS c
        ON  t.table_catalog = c.table_catalog
        AND t.table_schema  = c.table_schema
        AND t.table_name    = c.table_name
        WHERE   t.table_name = 'yf_admin' [ RunTime:0.005416s ]
[ sql ] [ SQL ] SELECT column_name FROM information_schema.key_column_usage WHERE table_name='yf_admin' [ RunTime:0.010579s ]
[ sql ] [ SQL ] SELECT T1.* FROM (SELECT thinkphp.*, ROW_NUMBER() OVER ( ORDER BY rand()) AS ROW_NUMBER FROM (SELECT  * FROM [yf_admin] [a] INNER JOIN [yf_auth_group_access] [b] ON [a].[admin_id]=[b].[uid] INNER JOIN [yf_auth_group] [c] ON [b].[group_id]=[c].[id] WHERE  [a].[admin_id] = '1') AS thinkphp) AS T1 WHERE (T1.ROW_NUMBER BETWEEN 1 AND 1) [ RunTime:0.012397s ]
[ sql ] [ SQL ] SELECT   column_name,   data_type,   column_default,   is_nullable
        FROM    information_schema.tables AS t
        JOIN    information_schema.columns AS c
        ON  t.table_catalog = c.table_catalog
        AND t.table_schema  = c.table_schema
        AND t.table_name    = c.table_name
        WHERE   t.table_name = 'yf_news' [ RunTime:0.005737s ]
[ sql ] [ SQL ] SELECT column_name FROM information_schema.key_column_usage WHERE table_name='yf_news' [ RunTime:0.009994s ]
[ sql ] [ SQL ] SELECT T1.* FROM (SELECT thinkphp.*, ROW_NUMBER() OVER ( ORDER BY rand()) AS ROW_NUMBER FROM (SELECT  COUNT(*) AS tp_count FROM [yf_news] WHERE  [news_auto] = '1') AS thinkphp) AS T1 WHERE (T1.ROW_NUMBER BETWEEN 1 AND 1) [ RunTime:0.006848s ]
[ sql ] [ SQL ] SELECT T1.* FROM (SELECT thinkphp.*, ROW_NUMBER() OVER ( ORDER BY news_hits desc) AS ROW_NUMBER FROM (SELECT  * FROM [yf_news] WHERE  [news_l] = 'zh-cn') AS thinkphp) AS T1 WHERE (T1.ROW_NUMBER BETWEEN 0 + 1 AND 0 + 10) [ RunTime:0.009601s ]
[ sql ] [ SQL ] SELECT T1.* FROM (SELECT thinkphp.*, ROW_NUMBER() OVER ( ORDER BY rand()) AS ROW_NUMBER FROM (SELECT  COUNT(*) AS tp_count FROM [yf_news]) AS thinkphp) AS T1 WHERE (T1.ROW_NUMBER BETWEEN 1 AND 1) [ RunTime:0.006635s ]
[ sql ] [ SQL ] SELECT   column_name,   data_type,   column_default,   is_nullable
        FROM    information_schema.tables AS t
        JOIN    information_schema.columns AS c
        ON  t.table_catalog = c.table_catalog
        AND t.table_schema  = c.table_schema
        AND t.table_name    = c.table_name
        WHERE   t.table_name = 'yf_member_list' [ RunTime:0.005817s ]
[ sql ] [ SQL ] SELECT column_name FROM information_schema.key_column_usage WHERE table_name='yf_member_list' [ RunTime:0.010442s ]
[ sql ] [ SQL ] SELECT T1.* FROM (SELECT thinkphp.*, ROW_NUMBER() OVER ( ORDER BY rand()) AS ROW_NUMBER FROM (SELECT  COUNT(*) AS tp_count FROM [yf_member_list]) AS thinkphp) AS T1 WHERE (T1.ROW_NUMBER BETWEEN 1 AND 1) [ RunTime:0.007675s ]
[ sql ] [ SQL ] SELECT   column_name,   data_type,   column_default,   is_nullable
        FROM    information_schema.tables AS t
        JOIN    information_schema.columns AS c
        ON  t.table_catalog = c.table_catalog
        AND t.table_schema  = c.table_schema
        AND t.table_name    = c.table_name
        WHERE   t.table_name = 'yf_plug_sug' [ RunTime:0.027007s ]
[ sql ] [ SQL ] SELECT column_name FROM information_schema.key_column_usage WHERE table_name='yf_plug_sug' [ RunTime:0.056991s ]
[ sql ] [ SQL ] SELECT T1.* FROM (SELECT thinkphp.*, ROW_NUMBER() OVER ( ORDER BY rand()) AS ROW_NUMBER FROM (SELECT  COUNT(*) AS tp_count FROM [yf_plug_sug]) AS thinkphp) AS T1 WHERE (T1.ROW_NUMBER BETWEEN 1 AND 1) [ RunTime:0.007333s ]
[ sql ] [ SQL ] SELECT   column_name,   data_type,   column_default,   is_nullable
        FROM    information_schema.tables AS t
        JOIN    information_schema.columns AS c
        ON  t.table_catalog = c.table_catalog
        AND t.table_schema  = c.table_schema
        AND t.table_name    = c.table_name
        WHERE   t.table_name = 'yf_comments' [ RunTime:0.005428s ]
[ sql ] [ SQL ] SELECT column_name FROM information_schema.key_column_usage WHERE table_name='yf_comments' [ RunTime:0.010224s ]
[ sql ] [ SQL ] SELECT T1.* FROM (SELECT thinkphp.*, ROW_NUMBER() OVER ( ORDER BY rand()) AS ROW_NUMBER FROM (SELECT  COUNT(*) AS tp_count FROM [yf_comments]) AS thinkphp) AS T1 WHERE (T1.ROW_NUMBER BETWEEN 1 AND 1) [ RunTime:0.007429s ]
[ sql ] [ SQL ] SELECT T1.* FROM (SELECT thinkphp.*, ROW_NUMBER() OVER ( ORDER BY rand()) AS ROW_NUMBER FROM (SELECT  COUNT(*) AS tp_count FROM [yf_news] WHERE  [news_time] BETWEEN 1525449600 AND 1525535999) AS thinkphp) AS T1 WHERE (T1.ROW_NUMBER BETWEEN 1 AND 1) [ RunTime:0.007384s ]
[ sql ] [ SQL ] SELECT T1.* FROM (SELECT thinkphp.*, ROW_NUMBER() OVER ( ORDER BY rand()) AS ROW_NUMBER FROM (SELECT  COUNT(*) AS tp_count FROM [yf_news] WHERE  [news_time] BETWEEN 1525363200 AND 1525449599) AS thinkphp) AS T1 WHERE (T1.ROW_NUMBER BETWEEN 1 AND 1) [ RunTime:0.005157s ]
[ sql ] [ SQL ] SELECT T1.* FROM (SELECT thinkphp.*, ROW_NUMBER() OVER ( ORDER BY rand()) AS ROW_NUMBER FROM (SELECT  COUNT(*) AS tp_count FROM [yf_member_list] WHERE  [member_list_addtime] BETWEEN 1525449600 AND 1525535999) AS thinkphp) AS T1 WHERE (T1.ROW_NUMBER BETWEEN 1 AND 1) [ RunTime:0.007962s ]
[ sql ] [ SQL ] SELECT T1.* FROM (SELECT thinkphp.*, ROW_NUMBER() OVER ( ORDER BY rand()) AS ROW_NUMBER FROM (SELECT  COUNT(*) AS tp_count FROM [yf_member_list] WHERE  [member_list_addtime] BETWEEN 1525363200 AND 1525449599) AS thinkphp) AS T1 WHERE (T1.ROW_NUMBER BETWEEN 1 AND 1) [ RunTime:0.005599s ]
[ sql ] [ SQL ] SELECT T1.* FROM (SELECT thinkphp.*, ROW_NUMBER() OVER ( ORDER BY rand()) AS ROW_NUMBER FROM (SELECT  COUNT(*) AS tp_count FROM [yf_plug_sug] WHERE  [plug_sug_addtime] BETWEEN 1525449600 AND 1525535999) AS thinkphp) AS T1 WHERE (T1.ROW_NUMBER BETWEEN 1 AND 1) [ RunTime:0.007595s ]
[ sql ] [ SQL ] SELECT T1.* FROM (SELECT thinkphp.*, ROW_NUMBER() OVER ( ORDER BY rand()) AS ROW_NUMBER FROM (SELECT  COUNT(*) AS tp_count FROM [yf_plug_sug] WHERE  [plug_sug_addtime] BETWEEN 1525363200 AND 1525449599) AS thinkphp) AS T1 WHERE (T1.ROW_NUMBER BETWEEN 1 AND 1) [ RunTime:0.004936s ]
[ sql ] [ SQL ] SELECT T1.* FROM (SELECT thinkphp.*, ROW_NUMBER() OVER ( ORDER BY rand()) AS ROW_NUMBER FROM (SELECT  COUNT(*) AS tp_count FROM [yf_comments] WHERE  [createtime] BETWEEN 1525449600 AND 1525535999) AS thinkphp) AS T1 WHERE (T1.ROW_NUMBER BETWEEN 1 AND 1) [ RunTime:0.007362s ]
[ sql ] [ SQL ] SELECT T1.* FROM (SELECT thinkphp.*, ROW_NUMBER() OVER ( ORDER BY rand()) AS ROW_NUMBER FROM (SELECT  COUNT(*) AS tp_count FROM [yf_comments] WHERE  [createtime] BETWEEN 1525363200 AND 1525449599) AS thinkphp) AS T1 WHERE (T1.ROW_NUMBER BETWEEN 1 AND 1) [ RunTime:0.005177s ]
