---------------------------------------------------------------
[ 2018-05-11T15:20:23+08:00 ] 211.66.88.159 113.103.93.68 GET /admin/publicity/evalupublicity.html
[ info ] zzxt.gdngs.cn/admin/publicity/evalupublicity.html [运行时间：0.089794s][吞吐率：11.14req/s] [内存消耗：3,395.27kb] [文件加载：79]
[ info ] [ LANG ] D:\UPUPW_K2.1\htdocs\zzxt\1.0.0\thinkphp\lang\zh-cn.php
[ info ] [ LANG ] D:\UPUPW_K2.1\htdocs\zzxt\1.0.0/app/lang\zh-cn.php
[ info ] [ CACHE ] INIT File
[ info ] [ ROUTE ] array (
  'type' => 'module',
  'module' => 
  array (
    0 => 'admin',
    1 => 'publicity',
    2 => 'evalupublicity',
  ),
)
[ info ] [ HEADER ] array (
  'x-rewrite-url' => '/admin/publicity/evalupublicity.html',
  'cookie' => 'thinkphp_show_page_trace=0|0; thinkphp_show_page_trace=0|0; PHPSESSID=hpekqal46f7kg8l952eui3s351; thinkphp_show_page_trace=0|0',
  'accept-language' => 'zh-CN,zh;q=0.9',
  'accept-encoding' => 'gzip, deflate',
  'accept' => 'text/html,application/xhtml+xml,application/xml;q=0.9,image/webp,image/apng,*/*;q=0.8',
  'user-agent' => 'Mozilla/5.0 (Macintosh; Intel Mac OS X 10_13_4) AppleWebKit/537.36 (KHTML, like Gecko) Chrome/66.0.3359.139 Safari/537.36',
  'upgrade-insecure-requests' => '1',
  'connection' => 'keep-alive',
  'host' => 'zzxt.gdngs.cn',
)
[ info ] [ PARAM ] array (
)
[ info ] [ BEHAVIOR ] Run app\common\behavior\WebLog @module_init [ RunTime:0.001024s ]
[ info ] [ DB ] INIT sqlsrv
[ info ] [ SESSION ] INIT array (
  'id' => '',
  'var_session_id' => '',
  'prefix' => 'think',
  'type' => '',
  'auto_start' => true,
)
[ info ] [ BEHAVIOR ] Run app\admin\behavior\Cron @app_end [ RunTime:0.003245s ]
[ info ] [ LOG ] INIT File
---------------------------------------------------------------
[ 2018-05-11T15:20:23+08:00 ] 211.66.88.159 113.103.93.68 GET /admin/login/login.html
[ info ] zzxt.gdngs.cn/admin/login/login.html [运行时间：0.100031s][吞吐率：10.00req/s] [内存消耗：3,406.31kb] [文件加载：81]
[ info ] [ LANG ] D:\UPUPW_K2.1\htdocs\zzxt\1.0.0\thinkphp\lang\zh-cn.php
[ info ] [ LANG ] D:\UPUPW_K2.1\htdocs\zzxt\1.0.0/app/lang\zh-cn.php
[ info ] [ CACHE ] INIT File
[ info ] [ ROUTE ] array (
  'type' => 'module',
  'module' => 
  array (
    0 => 'admin',
    1 => 'login',
    2 => 'login',
  ),
)
[ info ] [ HEADER ] array (
  'x-rewrite-url' => '/admin/login/login.html',
  'cookie' => 'thinkphp_show_page_trace=0|0; thinkphp_show_page_trace=0|0; PHPSESSID=hpekqal46f7kg8l952eui3s351; thinkphp_show_page_trace=0|0',
  'accept-language' => 'zh-CN,zh;q=0.9',
  'accept-encoding' => 'gzip, deflate',
  'accept' => 'text/html,application/xhtml+xml,application/xml;q=0.9,image/webp,image/apng,*/*;q=0.8',
  'user-agent' => 'Mozilla/5.0 (Macintosh; Intel Mac OS X 10_13_4) AppleWebKit/537.36 (KHTML, like Gecko) Chrome/66.0.3359.139 Safari/537.36',
  'upgrade-insecure-requests' => '1',
  'connection' => 'keep-alive',
  'host' => 'zzxt.gdngs.cn',
)
[ info ] [ PARAM ] array (
)
[ info ] [ BEHAVIOR ] Run app\common\behavior\WebLog @module_init [ RunTime:0.001530s ]
[ info ] [ BEHAVIOR ] Run Closure @action_begin [ RunTime:0.002830s ]
[ info ] [ RUN ] app\admin\controller\Login->login[ D:\UPUPW_K2.1\htdocs\zzxt\1.0.0\app\admin\controller\Login.php ]
[ info ] [ DB ] INIT sqlsrv
[ info ] [ SESSION ] INIT array (
  'id' => '',
  'var_session_id' => '',
  'prefix' => 'think',
  'type' => '',
  'auto_start' => true,
)
[ info ] [ VIEW ] D:\UPUPW_K2.1\htdocs\zzxt\1.0.0/app/admin\view\login\login.html [ array (
  0 => 'lang',
) ]
[ info ] [ BEHAVIOR ] Run app\admin\behavior\Cron @app_end [ RunTime:0.003599s ]
[ info ] [ LOG ] INIT File
---------------------------------------------------------------
[ 2018-05-11T15:20:23+08:00 ] 211.66.88.159 113.103.93.68 GET /admin/login/verify.html
[ info ] zzxt.gdngs.cn/admin/login/verify.html [运行时间：0.097978s][吞吐率：10.21req/s] [内存消耗：3,363.34kb] [文件加载：79]
[ info ] [ LANG ] D:\UPUPW_K2.1\htdocs\zzxt\1.0.0\thinkphp\lang\zh-cn.php
[ info ] [ LANG ] D:\UPUPW_K2.1\htdocs\zzxt\1.0.0/app/lang\zh-cn.php
[ info ] [ CACHE ] INIT File
[ info ] [ ROUTE ] array (
  'type' => 'module',
  'module' => 
  array (
    0 => 'admin',
    1 => 'login',
    2 => 'verify',
  ),
)
[ info ] [ HEADER ] array (
  'x-rewrite-url' => '/admin/login/verify.html',
  'cookie' => 'thinkphp_show_page_trace=0|0; thinkphp_show_page_trace=0|0; PHPSESSID=hpekqal46f7kg8l952eui3s351; thinkphp_show_page_trace=0|0',
  'accept-language' => 'zh-CN,zh;q=0.9',
  'accept-encoding' => 'gzip, deflate',
  'referer' => 'http://zzxt.gdngs.cn/admin/login/login.html',
  'accept' => 'image/webp,image/apng,image/*,*/*;q=0.8',
  'user-agent' => 'Mozilla/5.0 (Macintosh; Intel Mac OS X 10_13_4) AppleWebKit/537.36 (KHTML, like Gecko) Chrome/66.0.3359.139 Safari/537.36',
  'connection' => 'keep-alive',
  'host' => 'zzxt.gdngs.cn',
)
[ info ] [ PARAM ] array (
)
[ info ] [ BEHAVIOR ] Run app\common\behavior\WebLog @module_init [ RunTime:0.001016s ]
[ info ] [ BEHAVIOR ] Run Closure @action_begin [ RunTime:0.002857s ]
[ info ] [ RUN ] app\admin\controller\Login->verify[ D:\UPUPW_K2.1\htdocs\zzxt\1.0.0\app\admin\controller\Login.php ]
[ info ] [ DB ] INIT sqlsrv
[ info ] [ SESSION ] INIT array (
  'id' => '',
  'var_session_id' => '',
  'prefix' => 'think',
  'type' => '',
  'auto_start' => true,
)
[ info ] [ BEHAVIOR ] Run app\admin\behavior\Cron @app_end [ RunTime:0.003321s ]
[ info ] [ LOG ] INIT File
---------------------------------------------------------------
[ 2018-05-11T15:20:24+08:00 ] 211.66.88.159 113.103.93.68 GET /geetest.html?t=1526023224663
[ info ] zzxt.gdngs.cn/geetest.html?t=1526023224663 [运行时间：0.181047s][吞吐率：5.52req/s] [内存消耗：2,027.50kb] [文件加载：60]
[ info ] [ LANG ] D:\UPUPW_K2.1\htdocs\zzxt\1.0.0\thinkphp\lang\zh-cn.php
[ info ] [ LANG ] D:\UPUPW_K2.1\htdocs\zzxt\1.0.0/app/lang\zh-cn.php
[ info ] [ CACHE ] INIT File
[ info ] [ ROUTE ] array (
  'type' => 'method',
  'method' => 
  array (
    0 => '\\think\\geetest\\GeetestController',
    1 => 'index',
  ),
  'var' => 
  array (
  ),
)
[ info ] [ HEADER ] array (
  'x-rewrite-url' => '/geetest.html?t=1526023224663',
  'cookie' => 'PHPSESSID=hpekqal46f7kg8l952eui3s351; thinkphp_show_page_trace=0|0',
  'accept-language' => 'zh-CN,zh;q=0.9',
  'accept-encoding' => 'gzip, deflate',
  'referer' => 'http://zzxt.gdngs.cn/admin/login/login.html',
  'user-agent' => 'Mozilla/5.0 (Macintosh; Intel Mac OS X 10_13_4) AppleWebKit/537.36 (KHTML, like Gecko) Chrome/66.0.3359.139 Safari/537.36',
  'x-requested-with' => 'XMLHttpRequest',
  'accept' => 'application/json, text/javascript, */*; q=0.01',
  'connection' => 'keep-alive',
  'host' => 'zzxt.gdngs.cn',
)
[ info ] [ PARAM ] array (
  't' => '1526023224663',
  'id' => NULL,
)
[ info ] [ RUN ] think\geetest\GeetestController->index[ D:\UPUPW_K2.1\htdocs\zzxt\1.0.0\vendor\yfcmf\geetest\src\GeetestController.php ]
[ info ] [ SESSION ] INIT array (
  'id' => '',
  'var_session_id' => '',
  'prefix' => 'think',
  'type' => '',
  'auto_start' => true,
)
[ info ] [ BEHAVIOR ] Run app\admin\behavior\Cron @app_end [ RunTime:0.003856s ]
[ info ] [ LOG ] INIT File
---------------------------------------------------------------
[ 2018-05-11T15:21:55+08:00 ] 211.66.88.159 113.103.93.68 GET /admin
[ info ] zzxt.gdngs.cn/admin [运行时间：1.244265s][吞吐率：0.80req/s] [内存消耗：3,961.71kb] [文件加载：88]
[ info ] [ LANG ] D:\UPUPW_K2.1\htdocs\zzxt\1.0.0\thinkphp\lang\zh-cn.php
[ info ] [ LANG ] D:\UPUPW_K2.1\htdocs\zzxt\1.0.0/app/lang\zh-cn.php
[ info ] [ CACHE ] INIT File
[ info ] [ ROUTE ] array (
  'type' => 'module',
  'module' => 
  array (
    0 => 'admin',
    1 => NULL,
    2 => NULL,
  ),
)
[ info ] [ HEADER ] array (
  'x-rewrite-url' => '/admin',
  'cookie' => 'thinkphp_show_page_trace=0|0; PHPSESSID=1r0ptpisj25lraj147h311o281; thinkphp_show_page_trace=0|0',
  'accept-language' => 'zh-CN,zh;q=0.9,en;q=0.8',
  'accept-encoding' => 'gzip, deflate',
  'accept' => 'text/html,application/xhtml+xml,application/xml;q=0.9,image/webp,image/apng,*/*;q=0.8',
  'user-agent' => 'Mozilla/5.0 (Macintosh; Intel Mac OS X 10_13_4) AppleWebKit/537.36 (KHTML, like Gecko) Chrome/66.0.3359.139 Safari/537.36',
  'upgrade-insecure-requests' => '1',
  'connection' => 'keep-alive',
  'host' => 'zzxt.gdngs.cn',
)
[ info ] [ PARAM ] array (
)
[ info ] [ BEHAVIOR ] Run app\common\behavior\WebLog @module_init [ RunTime:0.001030s ]
[ info ] [ DB ] INIT sqlsrv
[ info ] [ SESSION ] INIT array (
  'id' => '',
  'var_session_id' => '',
  'prefix' => 'think',
  'type' => '',
  'auto_start' => true,
)
[ info ] [ BEHAVIOR ] Run Closure @action_begin [ RunTime:0.003554s ]
[ info ] [ RUN ] app\admin\controller\Index->index[ D:\UPUPW_K2.1\htdocs\zzxt\1.0.0\app\admin\controller\Index.php ]
[ info ] [ VIEW ] D:\UPUPW_K2.1\htdocs\zzxt\1.0.0/app/admin\view\index\index.html [ array (
  0 => 'lang',
  1 => 'menus',
  2 => 'menus_curr',
  3 => 'menus_child',
  4 => 'id_curr',
  5 => 'admin',
  6 => 'admin_avatar',
  7 => 'news_list',
  8 => 'news_count',
  9 => 'members_count',
  10 => 'sugs_count',
  11 => 'coms_count',
  12 => 'tonews_count',
  13 => 'ztnews_count',
  14 => 'difday',
  15 => 'tomembers_count',
  16 => 'ztmembers_count',
  17 => 'difday_m',
  18 => 'tosugs_count',
  19 => 'ztsugs_count',
  20 => 'difday_s',
  21 => 'tocoms_count',
  22 => 'ztcoms_count',
  23 => 'difday_c',
) ]
[ info ] [ VIEW ] D:\UPUPW_K2.1\htdocs\zzxt\1.0.0\addons\info\gitinfo.html [ array (
) ]
[ info ] [ BEHAVIOR ] Run \addons\info\Info @gitinfo [ RunTime:0.001958s ]
[ info ] [ VIEW ] D:\UPUPW_K2.1\htdocs\zzxt\1.0.0\addons\info\sysinfo.html [ array (
  0 => 'info',
  1 => 'update_check',
  2 => 'ver_str',
  3 => 'ver_last',
) ]
[ info ] [ BEHAVIOR ] Run \addons\info\Info @sysinfo [ RunTime:0.001701s ]
[ info ] [ VIEW ] D:\UPUPW_K2.1\htdocs\zzxt\1.0.0\addons\maintain\maintain.html [ array (
  0 => 'danger_mode_debug',
  1 => 'weak_setting_db_password',
  2 => 'weak_setting_admin_last_change_password',
  3 => 'system_safe',
  4 => 'system_pageshow',
  5 => 'log_size',
  6 => 'log_file_cnt',
) ]
[ info ] [ BEHAVIOR ] Run \addons\maintain\Maintain @maintain [ RunTime:0.073528s ]
[ info ] [ BEHAVIOR ] Run app\admin\behavior\Cron @app_end [ RunTime:0.004034s ]
[ info ] [ LOG ] INIT File
[ sql ] [ DB ] CONNECT:[ UseTime:0.122765s ] sqlsrv:Server=139.199.184.111;Database=zzxt
[ sql ] [ SQL ] SELECT   column_name,   data_type,   column_default,   is_nullable
        FROM    information_schema.tables AS t
        JOIN    information_schema.columns AS c
        ON  t.table_catalog = c.table_catalog
        AND t.table_schema  = c.table_schema
        AND t.table_name    = c.table_name
        WHERE   t.table_name = 'yf_auth_rule' [ RunTime:0.060005s ]
[ sql ] [ SQL ] SELECT column_name FROM information_schema.key_column_usage WHERE table_name='yf_auth_rule' [ RunTime:0.080808s ]
[ sql ] [ SQL ] SELECT T1.* FROM (SELECT thinkphp.*, ROW_NUMBER() OVER ( ORDER BY level desc,sort) AS ROW_NUMBER FROM (SELECT  [id],[pid],[level],[sort] FROM [yf_auth_rule]) AS thinkphp) AS T1 [ RunTime:0.010421s ]
[ sql ] [ SQL ] SELECT T1.* FROM (SELECT thinkphp.*, ROW_NUMBER() OVER ( ORDER BY rand()) AS ROW_NUMBER FROM (SELECT  [pid] FROM [yf_auth_rule] WHERE  [id] = -1) AS thinkphp) AS T1 WHERE (T1.ROW_NUMBER BETWEEN 1 AND 1) [ RunTime:0.007040s ]
[ sql ] [ SQL ] SELECT T1.* FROM (SELECT thinkphp.*, ROW_NUMBER() OVER ( ORDER BY [sort]) AS ROW_NUMBER FROM (SELECT  * FROM [yf_auth_rule] WHERE  [status] = 1  AND [pid] = null) AS thinkphp) AS T1 [ RunTime:0.007205s ]
[ sql ] [ SQL ] SELECT   column_name,   data_type,   column_default,   is_nullable
        FROM    information_schema.tables AS t
        JOIN    information_schema.columns AS c
        ON  t.table_catalog = c.table_catalog
        AND t.table_schema  = c.table_schema
        AND t.table_name    = c.table_name
        WHERE   t.table_name = 'yf_admin' [ RunTime:0.034947s ]
[ sql ] [ SQL ] SELECT column_name FROM information_schema.key_column_usage WHERE table_name='yf_admin' [ RunTime:0.059440s ]
[ sql ] [ SQL ] SELECT T1.* FROM (SELECT thinkphp.*, ROW_NUMBER() OVER ( ORDER BY rand()) AS ROW_NUMBER FROM (SELECT  * FROM [yf_admin] [a] INNER JOIN [yf_auth_group_access] [b] ON [a].[admin_id]=[b].[uid] INNER JOIN [yf_auth_group] [c] ON [b].[group_id]=[c].[id] WHERE  [a].[admin_id] = '27') AS thinkphp) AS T1 WHERE (T1.ROW_NUMBER BETWEEN 1 AND 1) [ RunTime:0.013433s ]
[ sql ] [ SQL ] SELECT   column_name,   data_type,   column_default,   is_nullable
        FROM    information_schema.tables AS t
        JOIN    information_schema.columns AS c
        ON  t.table_catalog = c.table_catalog
        AND t.table_schema  = c.table_schema
        AND t.table_name    = c.table_name
        WHERE   t.table_name = 'yf_news' [ RunTime:0.026934s ]
[ sql ] [ SQL ] SELECT column_name FROM information_schema.key_column_usage WHERE table_name='yf_news' [ RunTime:0.057669s ]
[ sql ] [ SQL ] SELECT T1.* FROM (SELECT thinkphp.*, ROW_NUMBER() OVER ( ORDER BY rand()) AS ROW_NUMBER FROM (SELECT  COUNT(*) AS tp_count FROM [yf_news] WHERE  [news_auto] = '8806') AS thinkphp) AS T1 WHERE (T1.ROW_NUMBER BETWEEN 1 AND 1) [ RunTime:0.010908s ]
[ sql ] [ SQL ] SELECT T1.* FROM (SELECT thinkphp.*, ROW_NUMBER() OVER ( ORDER BY news_hits desc) AS ROW_NUMBER FROM (SELECT  * FROM [yf_news] WHERE  [news_l] = 'zh-cn') AS thinkphp) AS T1 WHERE (T1.ROW_NUMBER BETWEEN 0 + 1 AND 0 + 10) [ RunTime:0.008119s ]
[ sql ] [ SQL ] SELECT T1.* FROM (SELECT thinkphp.*, ROW_NUMBER() OVER ( ORDER BY rand()) AS ROW_NUMBER FROM (SELECT  COUNT(*) AS tp_count FROM [yf_news]) AS thinkphp) AS T1 WHERE (T1.ROW_NUMBER BETWEEN 1 AND 1) [ RunTime:0.006763s ]
[ sql ] [ SQL ] SELECT   column_name,   data_type,   column_default,   is_nullable
        FROM    information_schema.tables AS t
        JOIN    information_schema.columns AS c
        ON  t.table_catalog = c.table_catalog
        AND t.table_schema  = c.table_schema
        AND t.table_name    = c.table_name
        WHERE   t.table_name = 'yf_member_list' [ RunTime:0.033137s ]
[ sql ] [ SQL ] SELECT column_name FROM information_schema.key_column_usage WHERE table_name='yf_member_list' [ RunTime:0.068739s ]
[ sql ] [ SQL ] SELECT T1.* FROM (SELECT thinkphp.*, ROW_NUMBER() OVER ( ORDER BY rand()) AS ROW_NUMBER FROM (SELECT  COUNT(*) AS tp_count FROM [yf_member_list]) AS thinkphp) AS T1 WHERE (T1.ROW_NUMBER BETWEEN 1 AND 1) [ RunTime:0.008707s ]
[ sql ] [ SQL ] SELECT   column_name,   data_type,   column_default,   is_nullable
        FROM    information_schema.tables AS t
        JOIN    information_schema.columns AS c
        ON  t.table_catalog = c.table_catalog
        AND t.table_schema  = c.table_schema
        AND t.table_name    = c.table_name
        WHERE   t.table_name = 'yf_plug_sug' [ RunTime:0.028665s ]
[ sql ] [ SQL ] SELECT column_name FROM information_schema.key_column_usage WHERE table_name='yf_plug_sug' [ RunTime:0.064833s ]
[ sql ] [ SQL ] SELECT T1.* FROM (SELECT thinkphp.*, ROW_NUMBER() OVER ( ORDER BY rand()) AS ROW_NUMBER FROM (SELECT  COUNT(*) AS tp_count FROM [yf_plug_sug]) AS thinkphp) AS T1 WHERE (T1.ROW_NUMBER BETWEEN 1 AND 1) [ RunTime:0.007950s ]
[ sql ] [ SQL ] SELECT   column_name,   data_type,   column_default,   is_nullable
        FROM    information_schema.tables AS t
        JOIN    information_schema.columns AS c
        ON  t.table_catalog = c.table_catalog
        AND t.table_schema  = c.table_schema
        AND t.table_name    = c.table_name
        WHERE   t.table_name = 'yf_comments' [ RunTime:0.032371s ]
[ sql ] [ SQL ] SELECT column_name FROM information_schema.key_column_usage WHERE table_name='yf_comments' [ RunTime:0.072516s ]
[ sql ] [ SQL ] SELECT T1.* FROM (SELECT thinkphp.*, ROW_NUMBER() OVER ( ORDER BY rand()) AS ROW_NUMBER FROM (SELECT  COUNT(*) AS tp_count FROM [yf_comments]) AS thinkphp) AS T1 WHERE (T1.ROW_NUMBER BETWEEN 1 AND 1) [ RunTime:0.007596s ]
[ sql ] [ SQL ] SELECT T1.* FROM (SELECT thinkphp.*, ROW_NUMBER() OVER ( ORDER BY rand()) AS ROW_NUMBER FROM (SELECT  COUNT(*) AS tp_count FROM [yf_news] WHERE  [news_time] BETWEEN 1525968000 AND 1526054399) AS thinkphp) AS T1 WHERE (T1.ROW_NUMBER BETWEEN 1 AND 1) [ RunTime:0.007101s ]
[ sql ] [ SQL ] SELECT T1.* FROM (SELECT thinkphp.*, ROW_NUMBER() OVER ( ORDER BY rand()) AS ROW_NUMBER FROM (SELECT  COUNT(*) AS tp_count FROM [yf_news] WHERE  [news_time] BETWEEN 1525881600 AND 1525967999) AS thinkphp) AS T1 WHERE (T1.ROW_NUMBER BETWEEN 1 AND 1) [ RunTime:0.005361s ]
[ sql ] [ SQL ] SELECT T1.* FROM (SELECT thinkphp.*, ROW_NUMBER() OVER ( ORDER BY rand()) AS ROW_NUMBER FROM (SELECT  COUNT(*) AS tp_count FROM [yf_member_list] WHERE  [member_list_addtime] BETWEEN 1525968000 AND 1526054399) AS thinkphp) AS T1 WHERE (T1.ROW_NUMBER BETWEEN 1 AND 1) [ RunTime:0.007204s ]
[ sql ] [ SQL ] SELECT T1.* FROM (SELECT thinkphp.*, ROW_NUMBER() OVER ( ORDER BY rand()) AS ROW_NUMBER FROM (SELECT  COUNT(*) AS tp_count FROM [yf_member_list] WHERE  [member_list_addtime] BETWEEN 1525881600 AND 1525967999) AS thinkphp) AS T1 WHERE (T1.ROW_NUMBER BETWEEN 1 AND 1) [ RunTime:0.005612s ]
[ sql ] [ SQL ] SELECT T1.* FROM (SELECT thinkphp.*, ROW_NUMBER() OVER ( ORDER BY rand()) AS ROW_NUMBER FROM (SELECT  COUNT(*) AS tp_count FROM [yf_plug_sug] WHERE  [plug_sug_addtime] BETWEEN 1525968000 AND 1526054399) AS thinkphp) AS T1 WHERE (T1.ROW_NUMBER BETWEEN 1 AND 1) [ RunTime:0.007555s ]
[ sql ] [ SQL ] SELECT T1.* FROM (SELECT thinkphp.*, ROW_NUMBER() OVER ( ORDER BY rand()) AS ROW_NUMBER FROM (SELECT  COUNT(*) AS tp_count FROM [yf_plug_sug] WHERE  [plug_sug_addtime] BETWEEN 1525881600 AND 1525967999) AS thinkphp) AS T1 WHERE (T1.ROW_NUMBER BETWEEN 1 AND 1) [ RunTime:0.005250s ]
[ sql ] [ SQL ] SELECT T1.* FROM (SELECT thinkphp.*, ROW_NUMBER() OVER ( ORDER BY rand()) AS ROW_NUMBER FROM (SELECT  COUNT(*) AS tp_count FROM [yf_comments] WHERE  [createtime] BETWEEN 1525968000 AND 1526054399) AS thinkphp) AS T1 WHERE (T1.ROW_NUMBER BETWEEN 1 AND 1) [ RunTime:0.015043s ]
[ sql ] [ SQL ] SELECT T1.* FROM (SELECT thinkphp.*, ROW_NUMBER() OVER ( ORDER BY rand()) AS ROW_NUMBER FROM (SELECT  COUNT(*) AS tp_count FROM [yf_comments] WHERE  [createtime] BETWEEN 1525881600 AND 1525967999) AS thinkphp) AS T1 WHERE (T1.ROW_NUMBER BETWEEN 1 AND 1) [ RunTime:0.005136s ]
---------------------------------------------------------------
[ 2018-05-11T15:22:28+08:00 ] 211.66.88.159 113.103.93.68 POST /admin/login/runlogin.html
[ info ] zzxt.gdngs.cn/admin/login/runlogin.html [运行时间：0.820691s][吞吐率：1.22req/s] [内存消耗：8,303.95kb] [文件加载：121]
[ info ] [ LANG ] D:\UPUPW_K2.1\htdocs\zzxt\1.0.0\thinkphp\lang\zh-cn.php
[ info ] [ LANG ] D:\UPUPW_K2.1\htdocs\zzxt\1.0.0/app/lang\zh-cn.php
[ info ] [ CACHE ] INIT File
[ info ] [ ROUTE ] array (
  'type' => 'module',
  'module' => 
  array (
    0 => 'admin',
    1 => 'login',
    2 => 'runlogin',
  ),
)
[ info ] [ HEADER ] array (
  'x-rewrite-url' => '/admin/login/runlogin.html',
  'content-length' => '50',
  'cookie' => 'thinkphp_show_page_trace=0|0; thinkphp_show_page_trace=0|0; PHPSESSID=hpekqal46f7kg8l952eui3s351; thinkphp_show_page_trace=0|0',
  'accept-language' => 'zh-CN,zh;q=0.9',
  'accept-encoding' => 'gzip, deflate',
  'referer' => 'http://zzxt.gdngs.cn/admin/login/login.html',
  'content-type' => 'application/x-www-form-urlencoded; charset=UTF-8',
  'user-agent' => 'Mozilla/5.0 (Macintosh; Intel Mac OS X 10_13_4) AppleWebKit/537.36 (KHTML, like Gecko) Chrome/66.0.3359.139 Safari/537.36',
  'x-requested-with' => 'XMLHttpRequest',
  'origin' => 'http://zzxt.gdngs.cn',
  'accept' => 'application/json, text/javascript, */*; q=0.01',
  'connection' => 'keep-alive',
  'host' => 'zzxt.gdngs.cn',
)
[ info ] [ PARAM ] array (
  'admin_username' => '10001',
  'admin_pwd' => '123123',
  'verify' => 'aaprn',
)
[ info ] [ SESSION ] INIT array (
  'id' => '',
  'var_session_id' => '',
  'prefix' => 'think',
  'type' => '',
  'auto_start' => true,
)
[ info ] [ DB ] INIT sqlsrv
[ info ] [ BEHAVIOR ] Run app\common\behavior\WebLog @module_init [ RunTime:0.519649s ]
[ info ] [ BEHAVIOR ] Run Closure @action_begin [ RunTime:0.002993s ]
[ info ] [ RUN ] app\admin\controller\Login->runlogin[ D:\UPUPW_K2.1\htdocs\zzxt\1.0.0\app\admin\controller\Login.php ]
[ info ] [ BEHAVIOR ] Run app\admin\behavior\Cron @app_end [ RunTime:0.005361s ]
[ info ] [ LOG ] INIT File
[ sql ] [ DB ] CONNECT:[ UseTime:0.141363s ] sqlsrv:Server=139.199.184.111;Database=zzxt
[ sql ] [ SQL ] SELECT   column_name,   data_type,   column_default,   is_nullable
        FROM    information_schema.tables AS t
        JOIN    information_schema.columns AS c
        ON  t.table_catalog = c.table_catalog
        AND t.table_schema  = c.table_schema
        AND t.table_name    = c.table_name
        WHERE   t.table_name = 'yf_web_log' [ RunTime:0.058148s ]
[ sql ] [ SQL ] SELECT column_name FROM information_schema.key_column_usage WHERE table_name='yf_web_log' [ RunTime:0.121885s ]
[ sql ] [ SQL ] INSERT INTO [yf_web_log] ([uid] , [ip] , [location] , [os] , [browser] , [url] , [module] , [controller] , [action] , [method] , [data] , [otime]) VALUES (0 , '113.103.93.68' , '中国 广东 广州 ' , 'Mac' , 'Chrome(66.0.3359.139)' , '/admin/login/runlogin.html' , 'admin' , 'Login' , 'runlogin' , 'Ajax' , 's:12:"保密数据";' , 1526023347) [ RunTime:0.044825s ]
[ sql ] [ SQL ] SELECT   column_name,   data_type,   column_default,   is_nullable
        FROM    information_schema.tables AS t
        JOIN    information_schema.columns AS c
        ON  t.table_catalog = c.table_catalog
        AND t.table_schema  = c.table_schema
        AND t.table_name    = c.table_name
        WHERE   t.table_name = 'yf_admin' [ RunTime:0.035086s ]
[ sql ] [ SQL ] SELECT column_name FROM information_schema.key_column_usage WHERE table_name='yf_admin' [ RunTime:0.070062s ]
[ sql ] [ SQL ] SELECT T1.* FROM (SELECT thinkphp.*, ROW_NUMBER() OVER ( ORDER BY rand()) AS ROW_NUMBER FROM (SELECT  * FROM [yf_admin] WHERE  [admin_username] = '10001'  AND [admin_open] = 1) AS thinkphp) AS T1 WHERE (T1.ROW_NUMBER BETWEEN 1 AND 1) [ RunTime:0.038033s ]
---------------------------------------------------------------
[ 2018-05-11T15:22:28+08:00 ] 211.66.88.159 113.103.93.68 GET /admin/login/verify.html?0.5686550026976291
[ info ] zzxt.gdngs.cn/admin/login/verify.html?0.5686550026976291 [运行时间：0.101744s][吞吐率：9.83req/s] [内存消耗：3,364.27kb] [文件加载：79]
[ info ] [ LANG ] D:\UPUPW_K2.1\htdocs\zzxt\1.0.0\thinkphp\lang\zh-cn.php
[ info ] [ LANG ] D:\UPUPW_K2.1\htdocs\zzxt\1.0.0/app/lang\zh-cn.php
[ info ] [ CACHE ] INIT File
[ info ] [ ROUTE ] array (
  'type' => 'module',
  'module' => 
  array (
    0 => 'admin',
    1 => 'login',
    2 => 'verify',
  ),
)
[ info ] [ HEADER ] array (
  'x-rewrite-url' => '/admin/login/verify.html?0.5686550026976291',
  'cookie' => 'thinkphp_show_page_trace=0|0; thinkphp_show_page_trace=0|0; PHPSESSID=hpekqal46f7kg8l952eui3s351; thinkphp_show_page_trace=0|0',
  'accept-language' => 'zh-CN,zh;q=0.9',
  'accept-encoding' => 'gzip, deflate',
  'referer' => 'http://zzxt.gdngs.cn/admin/login/login.html',
  'accept' => 'image/webp,image/apng,image/*,*/*;q=0.8',
  'user-agent' => 'Mozilla/5.0 (Macintosh; Intel Mac OS X 10_13_4) AppleWebKit/537.36 (KHTML, like Gecko) Chrome/66.0.3359.139 Safari/537.36',
  'connection' => 'keep-alive',
  'host' => 'zzxt.gdngs.cn',
)
[ info ] [ PARAM ] array (
  '0_5686550026976291' => '',
)
[ info ] [ BEHAVIOR ] Run app\common\behavior\WebLog @module_init [ RunTime:0.001043s ]
[ info ] [ BEHAVIOR ] Run Closure @action_begin [ RunTime:0.002946s ]
[ info ] [ RUN ] app\admin\controller\Login->verify[ D:\UPUPW_K2.1\htdocs\zzxt\1.0.0\app\admin\controller\Login.php ]
[ info ] [ DB ] INIT sqlsrv
[ info ] [ SESSION ] INIT array (
  'id' => '',
  'var_session_id' => '',
  'prefix' => 'think',
  'type' => '',
  'auto_start' => true,
)
[ info ] [ BEHAVIOR ] Run app\admin\behavior\Cron @app_end [ RunTime:0.003540s ]
[ info ] [ LOG ] INIT File
---------------------------------------------------------------
[ 2018-05-11T15:22:38+08:00 ] 211.66.88.159 113.103.93.68 POST /admin/login/runlogin.html
[ info ] zzxt.gdngs.cn/admin/login/runlogin.html [运行时间：1.953234s][吞吐率：0.51req/s] [内存消耗：8,355.98kb] [文件加载：122]
[ info ] [ LANG ] D:\UPUPW_K2.1\htdocs\zzxt\1.0.0\thinkphp\lang\zh-cn.php
[ info ] [ LANG ] D:\UPUPW_K2.1\htdocs\zzxt\1.0.0/app/lang\zh-cn.php
[ info ] [ CACHE ] INIT File
[ info ] [ ROUTE ] array (
  'type' => 'module',
  'module' => 
  array (
    0 => 'admin',
    1 => 'login',
    2 => 'runlogin',
  ),
)
[ info ] [ HEADER ] array (
  'x-rewrite-url' => '/admin/login/runlogin.html',
  'content-length' => '50',
  'cookie' => 'thinkphp_show_page_trace=0|0; thinkphp_show_page_trace=0|0; PHPSESSID=hpekqal46f7kg8l952eui3s351; thinkphp_show_page_trace=0|0',
  'accept-language' => 'zh-CN,zh;q=0.9',
  'accept-encoding' => 'gzip, deflate',
  'referer' => 'http://zzxt.gdngs.cn/admin/login/login.html',
  'content-type' => 'application/x-www-form-urlencoded; charset=UTF-8',
  'user-agent' => 'Mozilla/5.0 (Macintosh; Intel Mac OS X 10_13_4) AppleWebKit/537.36 (KHTML, like Gecko) Chrome/66.0.3359.139 Safari/537.36',
  'x-requested-with' => 'XMLHttpRequest',
  'origin' => 'http://zzxt.gdngs.cn',
  'accept' => 'application/json, text/javascript, */*; q=0.01',
  'connection' => 'keep-alive',
  'host' => 'zzxt.gdngs.cn',
)
[ info ] [ PARAM ] array (
  'admin_username' => '10001',
  'admin_pwd' => '123456',
  'verify' => 'w7aec',
)
[ info ] [ SESSION ] INIT array (
  'id' => '',
  'var_session_id' => '',
  'prefix' => 'think',
  'type' => '',
  'auto_start' => true,
)
[ info ] [ DB ] INIT sqlsrv
[ info ] [ BEHAVIOR ] Run app\common\behavior\WebLog @module_init [ RunTime:0.441969s ]
[ info ] [ BEHAVIOR ] Run Closure @action_begin [ RunTime:0.003027s ]
[ info ] [ RUN ] app\admin\controller\Login->runlogin[ D:\UPUPW_K2.1\htdocs\zzxt\1.0.0\app\admin\controller\Login.php ]
[ info ] [ BEHAVIOR ] Run app\admin\behavior\Cron @app_end [ RunTime:0.004141s ]
[ info ] [ LOG ] INIT File
[ sql ] [ DB ] CONNECT:[ UseTime:0.000093s ] sqlsrv:Server=139.199.184.111;Database=zzxt
[ sql ] [ SQL ] SELECT   column_name,   data_type,   column_default,   is_nullable
        FROM    information_schema.tables AS t
        JOIN    information_schema.columns AS c
        ON  t.table_catalog = c.table_catalog
        AND t.table_schema  = c.table_schema
        AND t.table_name    = c.table_name
        WHERE   t.table_name = 'yf_web_log' [ RunTime:0.060447s ]
[ sql ] [ SQL ] SELECT column_name FROM information_schema.key_column_usage WHERE table_name='yf_web_log' [ RunTime:0.121694s ]
[ sql ] [ SQL ] INSERT INTO [yf_web_log] ([uid] , [ip] , [location] , [os] , [browser] , [url] , [module] , [controller] , [action] , [method] , [data] , [otime]) VALUES (0 , '113.103.93.68' , '中国 广东 广州 ' , 'Mac' , 'Chrome(66.0.3359.139)' , '/admin/login/runlogin.html' , 'admin' , 'Login' , 'runlogin' , 'Ajax' , 's:12:"保密数据";' , 1526023356) [ RunTime:0.061881s ]
[ sql ] [ SQL ] SELECT   column_name,   data_type,   column_default,   is_nullable
        FROM    information_schema.tables AS t
        JOIN    information_schema.columns AS c
        ON  t.table_catalog = c.table_catalog
        AND t.table_schema  = c.table_schema
        AND t.table_name    = c.table_name
        WHERE   t.table_name = 'yf_admin' [ RunTime:0.060772s ]
[ sql ] [ SQL ] SELECT column_name FROM information_schema.key_column_usage WHERE table_name='yf_admin' [ RunTime:0.121328s ]
[ sql ] [ SQL ] SELECT T1.* FROM (SELECT thinkphp.*, ROW_NUMBER() OVER ( ORDER BY rand()) AS ROW_NUMBER FROM (SELECT  * FROM [yf_admin] WHERE  [admin_username] = '10001'  AND [admin_open] = 1) AS thinkphp) AS T1 WHERE (T1.ROW_NUMBER BETWEEN 1 AND 1) [ RunTime:0.060684s ]
[ sql ] [ SQL ] UPDATE [yf_admin] SET [admin_hits]=43,[admin_last_ip]='113.103.93.68',[admin_last_time]=1526023357 FROM [yf_admin]   WHERE  [admin_id] = 27 [ RunTime:0.066873s ]
[ sql ] [ SQL ] SELECT T1.* FROM (SELECT thinkphp.*, ROW_NUMBER() OVER ( ORDER BY rand()) AS ROW_NUMBER FROM (SELECT  * FROM [yf_admin] WHERE  [admin_id] = 27) AS thinkphp) AS T1 WHERE (T1.ROW_NUMBER BETWEEN 1 AND 1) [ RunTime:0.062467s ]
[ sql ] [ SQL ] SELECT   column_name,   data_type,   column_default,   is_nullable
        FROM    information_schema.tables AS t
        JOIN    information_schema.columns AS c
        ON  t.table_catalog = c.table_catalog
        AND t.table_schema  = c.table_schema
        AND t.table_name    = c.table_name
        WHERE   t.table_name = 'yf_admin_profession' [ RunTime:0.081664s ]
[ sql ] [ SQL ] SELECT column_name FROM information_schema.key_column_usage WHERE table_name='yf_admin_profession' [ RunTime:0.169417s ]
[ sql ] [ SQL ] SELECT T1.* FROM (SELECT thinkphp.*, ROW_NUMBER() OVER ( ORDER BY [current_grade]  asc) AS ROW_NUMBER FROM (SELECT  * FROM [yf_admin_profession] WHERE  [admin_id] = 27) AS thinkphp) AS T1 [ RunTime:0.062843s ]
[ sql ] [ SQL ] SELECT   column_name,   data_type,   column_default,   is_nullable
        FROM    information_schema.tables AS t
        JOIN    information_schema.columns AS c
        ON  t.table_catalog = c.table_catalog
        AND t.table_schema  = c.table_schema
        AND t.table_name    = c.table_name
        WHERE   t.table_name = 'yf_member_list' [ RunTime:0.061168s ]
[ sql ] [ SQL ] SELECT column_name FROM information_schema.key_column_usage WHERE table_name='yf_member_list' [ RunTime:0.121824s ]
[ sql ] [ SQL ] SELECT T1.* FROM (SELECT thinkphp.*, ROW_NUMBER() OVER ( ORDER BY rand()) AS ROW_NUMBER FROM (SELECT  * FROM [yf_member_list] WHERE  [member_list_id] = 8806) AS thinkphp) AS T1 WHERE (T1.ROW_NUMBER BETWEEN 1 AND 1) [ RunTime:0.063838s ]
---------------------------------------------------------------
[ 2018-05-11T15:22:42+08:00 ] 211.66.88.159 113.103.93.68 GET /admin/index/index.html
[ info ] zzxt.gdngs.cn/admin/index/index.html [运行时间：3.788864s][吞吐率：0.26req/s] [内存消耗：3,958.57kb] [文件加载：88]
[ info ] [ LANG ] D:\UPUPW_K2.1\htdocs\zzxt\1.0.0\thinkphp\lang\zh-cn.php
[ info ] [ LANG ] D:\UPUPW_K2.1\htdocs\zzxt\1.0.0/app/lang\zh-cn.php
[ info ] [ CACHE ] INIT File
[ info ] [ ROUTE ] array (
  'type' => 'module',
  'module' => 
  array (
    0 => 'admin',
    1 => 'index',
    2 => 'index',
  ),
)
[ info ] [ HEADER ] array (
  'x-rewrite-url' => '/admin/index/index.html',
  'cookie' => 'thinkphp_show_page_trace=0|0; thinkphp_show_page_trace=0|0; PHPSESSID=hpekqal46f7kg8l952eui3s351; thinkphp_show_page_trace=0|0; yf_logged_user=pWG3hO4PFRHJ6AHQCxkVN',
  'accept-language' => 'zh-CN,zh;q=0.9',
  'accept-encoding' => 'gzip, deflate',
  'referer' => 'http://zzxt.gdngs.cn/admin/login/login.html',
  'accept' => 'text/html,application/xhtml+xml,application/xml;q=0.9,image/webp,image/apng,*/*;q=0.8',
  'user-agent' => 'Mozilla/5.0 (Macintosh; Intel Mac OS X 10_13_4) AppleWebKit/537.36 (KHTML, like Gecko) Chrome/66.0.3359.139 Safari/537.36',
  'upgrade-insecure-requests' => '1',
  'connection' => 'keep-alive',
  'host' => 'zzxt.gdngs.cn',
)
[ info ] [ PARAM ] array (
)
[ info ] [ BEHAVIOR ] Run app\common\behavior\WebLog @module_init [ RunTime:0.001027s ]
[ info ] [ DB ] INIT sqlsrv
[ info ] [ SESSION ] INIT array (
  'id' => '',
  'var_session_id' => '',
  'prefix' => 'think',
  'type' => '',
  'auto_start' => true,
)
[ info ] [ BEHAVIOR ] Run Closure @action_begin [ RunTime:0.003515s ]
[ info ] [ RUN ] app\admin\controller\Index->index[ D:\UPUPW_K2.1\htdocs\zzxt\1.0.0\app\admin\controller\Index.php ]
[ info ] [ VIEW ] D:\UPUPW_K2.1\htdocs\zzxt\1.0.0/app/admin\view\index\index.html [ array (
  0 => 'lang',
  1 => 'menus',
  2 => 'menus_curr',
  3 => 'menus_child',
  4 => 'id_curr',
  5 => 'admin',
  6 => 'admin_avatar',
  7 => 'news_list',
  8 => 'news_count',
  9 => 'members_count',
  10 => 'sugs_count',
  11 => 'coms_count',
  12 => 'tonews_count',
  13 => 'ztnews_count',
  14 => 'difday',
  15 => 'tomembers_count',
  16 => 'ztmembers_count',
  17 => 'difday_m',
  18 => 'tosugs_count',
  19 => 'ztsugs_count',
  20 => 'difday_s',
  21 => 'tocoms_count',
  22 => 'ztcoms_count',
  23 => 'difday_c',
) ]
[ info ] [ VIEW ] D:\UPUPW_K2.1\htdocs\zzxt\1.0.0\addons\info\gitinfo.html [ array (
) ]
[ info ] [ BEHAVIOR ] Run \addons\info\Info @gitinfo [ RunTime:0.001905s ]
[ info ] [ VIEW ] D:\UPUPW_K2.1\htdocs\zzxt\1.0.0\addons\info\sysinfo.html [ array (
  0 => 'info',
  1 => 'update_check',
  2 => 'ver_str',
  3 => 'ver_last',
) ]
[ info ] [ BEHAVIOR ] Run \addons\info\Info @sysinfo [ RunTime:0.001660s ]
[ info ] [ VIEW ] D:\UPUPW_K2.1\htdocs\zzxt\1.0.0\addons\maintain\maintain.html [ array (
  0 => 'danger_mode_debug',
  1 => 'weak_setting_db_password',
  2 => 'weak_setting_admin_last_change_password',
  3 => 'system_safe',
  4 => 'system_pageshow',
  5 => 'log_size',
  6 => 'log_file_cnt',
) ]
[ info ] [ BEHAVIOR ] Run \addons\maintain\Maintain @maintain [ RunTime:0.049743s ]
[ info ] [ BEHAVIOR ] Run app\admin\behavior\Cron @app_end [ RunTime:0.003626s ]
[ info ] [ LOG ] INIT File
[ sql ] [ DB ] CONNECT:[ UseTime:0.000097s ] sqlsrv:Server=139.199.184.111;Database=zzxt
[ sql ] [ SQL ] SELECT   column_name,   data_type,   column_default,   is_nullable
        FROM    information_schema.tables AS t
        JOIN    information_schema.columns AS c
        ON  t.table_catalog = c.table_catalog
        AND t.table_schema  = c.table_schema
        AND t.table_name    = c.table_name
        WHERE   t.table_name = 'yf_auth_rule' [ RunTime:0.061346s ]
[ sql ] [ SQL ] SELECT column_name FROM information_schema.key_column_usage WHERE table_name='yf_auth_rule' [ RunTime:0.120702s ]
[ sql ] [ SQL ] SELECT T1.* FROM (SELECT thinkphp.*, ROW_NUMBER() OVER ( ORDER BY level desc,sort) AS ROW_NUMBER FROM (SELECT  [id],[pid],[level],[sort] FROM [yf_auth_rule]) AS thinkphp) AS T1 [ RunTime:0.060838s ]
[ sql ] [ SQL ] SELECT T1.* FROM (SELECT thinkphp.*, ROW_NUMBER() OVER ( ORDER BY rand()) AS ROW_NUMBER FROM (SELECT  [pid] FROM [yf_auth_rule] WHERE  [id] = -1) AS thinkphp) AS T1 WHERE (T1.ROW_NUMBER BETWEEN 1 AND 1) [ RunTime:0.060043s ]
[ sql ] [ SQL ] SELECT T1.* FROM (SELECT thinkphp.*, ROW_NUMBER() OVER ( ORDER BY [sort]) AS ROW_NUMBER FROM (SELECT  * FROM [yf_auth_rule] WHERE  [status] = 1  AND [pid] = null) AS thinkphp) AS T1 [ RunTime:0.063315s ]
[ sql ] [ SQL ] SELECT   column_name,   data_type,   column_default,   is_nullable
        FROM    information_schema.tables AS t
        JOIN    information_schema.columns AS c
        ON  t.table_catalog = c.table_catalog
        AND t.table_schema  = c.table_schema
        AND t.table_name    = c.table_name
        WHERE   t.table_name = 'yf_admin' [ RunTime:0.063359s ]
[ sql ] [ SQL ] SELECT column_name FROM information_schema.key_column_usage WHERE table_name='yf_admin' [ RunTime:0.121147s ]
[ sql ] [ SQL ] SELECT T1.* FROM (SELECT thinkphp.*, ROW_NUMBER() OVER ( ORDER BY rand()) AS ROW_NUMBER FROM (SELECT  * FROM [yf_admin] [a] INNER JOIN [yf_auth_group_access] [b] ON [a].[admin_id]=[b].[uid] INNER JOIN [yf_auth_group] [c] ON [b].[group_id]=[c].[id] WHERE  [a].[admin_id] = '27') AS thinkphp) AS T1 WHERE (T1.ROW_NUMBER BETWEEN 1 AND 1) [ RunTime:0.060634s ]
[ sql ] [ SQL ] SELECT   column_name,   data_type,   column_default,   is_nullable
        FROM    information_schema.tables AS t
        JOIN    information_schema.columns AS c
        ON  t.table_catalog = c.table_catalog
        AND t.table_schema  = c.table_schema
        AND t.table_name    = c.table_name
        WHERE   t.table_name = 'yf_news' [ RunTime:0.060747s ]
[ sql ] [ SQL ] SELECT column_name FROM information_schema.key_column_usage WHERE table_name='yf_news' [ RunTime:0.121434s ]
[ sql ] [ SQL ] SELECT T1.* FROM (SELECT thinkphp.*, ROW_NUMBER() OVER ( ORDER BY rand()) AS ROW_NUMBER FROM (SELECT  COUNT(*) AS tp_count FROM [yf_news] WHERE  [news_auto] = '8806') AS thinkphp) AS T1 WHERE (T1.ROW_NUMBER BETWEEN 1 AND 1) [ RunTime:0.060482s ]
[ sql ] [ SQL ] SELECT T1.* FROM (SELECT thinkphp.*, ROW_NUMBER() OVER ( ORDER BY news_hits desc) AS ROW_NUMBER FROM (SELECT  * FROM [yf_news] WHERE  [news_l] = 'zh-cn') AS thinkphp) AS T1 WHERE (T1.ROW_NUMBER BETWEEN 0 + 1 AND 0 + 10) [ RunTime:0.061117s ]
[ sql ] [ SQL ] SELECT T1.* FROM (SELECT thinkphp.*, ROW_NUMBER() OVER ( ORDER BY rand()) AS ROW_NUMBER FROM (SELECT  COUNT(*) AS tp_count FROM [yf_news]) AS thinkphp) AS T1 WHERE (T1.ROW_NUMBER BETWEEN 1 AND 1) [ RunTime:0.061000s ]
[ sql ] [ SQL ] SELECT   column_name,   data_type,   column_default,   is_nullable
        FROM    information_schema.tables AS t
        JOIN    information_schema.columns AS c
        ON  t.table_catalog = c.table_catalog
        AND t.table_schema  = c.table_schema
        AND t.table_name    = c.table_name
        WHERE   t.table_name = 'yf_member_list' [ RunTime:0.060513s ]
[ sql ] [ SQL ] SELECT column_name FROM information_schema.key_column_usage WHERE table_name='yf_member_list' [ RunTime:0.121193s ]
[ sql ] [ SQL ] SELECT T1.* FROM (SELECT thinkphp.*, ROW_NUMBER() OVER ( ORDER BY rand()) AS ROW_NUMBER FROM (SELECT  COUNT(*) AS tp_count FROM [yf_member_list]) AS thinkphp) AS T1 WHERE (T1.ROW_NUMBER BETWEEN 1 AND 1) [ RunTime:0.060506s ]
[ sql ] [ SQL ] SELECT   column_name,   data_type,   column_default,   is_nullable
        FROM    information_schema.tables AS t
        JOIN    information_schema.columns AS c
        ON  t.table_catalog = c.table_catalog
        AND t.table_schema  = c.table_schema
        AND t.table_name    = c.table_name
        WHERE   t.table_name = 'yf_plug_sug' [ RunTime:0.060741s ]
[ sql ] [ SQL ] SELECT column_name FROM information_schema.key_column_usage WHERE table_name='yf_plug_sug' [ RunTime:0.120651s ]
[ sql ] [ SQL ] SELECT T1.* FROM (SELECT thinkphp.*, ROW_NUMBER() OVER ( ORDER BY rand()) AS ROW_NUMBER FROM (SELECT  COUNT(*) AS tp_count FROM [yf_plug_sug]) AS thinkphp) AS T1 WHERE (T1.ROW_NUMBER BETWEEN 1 AND 1) [ RunTime:0.059931s ]
[ sql ] [ SQL ] SELECT   column_name,   data_type,   column_default,   is_nullable
        FROM    information_schema.tables AS t
        JOIN    information_schema.columns AS c
        ON  t.table_catalog = c.table_catalog
        AND t.table_schema  = c.table_schema
        AND t.table_name    = c.table_name
        WHERE   t.table_name = 'yf_comments' [ RunTime:0.060073s ]
[ sql ] [ SQL ] SELECT column_name FROM information_schema.key_column_usage WHERE table_name='yf_comments' [ RunTime:0.121585s ]
[ sql ] [ SQL ] SELECT T1.* FROM (SELECT thinkphp.*, ROW_NUMBER() OVER ( ORDER BY rand()) AS ROW_NUMBER FROM (SELECT  COUNT(*) AS tp_count FROM [yf_comments]) AS thinkphp) AS T1 WHERE (T1.ROW_NUMBER BETWEEN 1 AND 1) [ RunTime:0.061216s ]
[ sql ] [ SQL ] SELECT T1.* FROM (SELECT thinkphp.*, ROW_NUMBER() OVER ( ORDER BY rand()) AS ROW_NUMBER FROM (SELECT  COUNT(*) AS tp_count FROM [yf_news] WHERE  [news_time] BETWEEN 1525968000 AND 1526054399) AS thinkphp) AS T1 WHERE (T1.ROW_NUMBER BETWEEN 1 AND 1) [ RunTime:0.060946s ]
[ sql ] [ SQL ] SELECT T1.* FROM (SELECT thinkphp.*, ROW_NUMBER() OVER ( ORDER BY rand()) AS ROW_NUMBER FROM (SELECT  COUNT(*) AS tp_count FROM [yf_news] WHERE  [news_time] BETWEEN 1525881600 AND 1525967999) AS thinkphp) AS T1 WHERE (T1.ROW_NUMBER BETWEEN 1 AND 1) [ RunTime:0.061103s ]
[ sql ] [ SQL ] SELECT T1.* FROM (SELECT thinkphp.*, ROW_NUMBER() OVER ( ORDER BY rand()) AS ROW_NUMBER FROM (SELECT  COUNT(*) AS tp_count FROM [yf_member_list] WHERE  [member_list_addtime] BETWEEN 1525968000 AND 1526054399) AS thinkphp) AS T1 WHERE (T1.ROW_NUMBER BETWEEN 1 AND 1) [ RunTime:0.060286s ]
[ sql ] [ SQL ] SELECT T1.* FROM (SELECT thinkphp.*, ROW_NUMBER() OVER ( ORDER BY rand()) AS ROW_NUMBER FROM (SELECT  COUNT(*) AS tp_count FROM [yf_member_list] WHERE  [member_list_addtime] BETWEEN 1525881600 AND 1525967999) AS thinkphp) AS T1 WHERE (T1.ROW_NUMBER BETWEEN 1 AND 1) [ RunTime:0.061227s ]
[ sql ] [ SQL ] SELECT T1.* FROM (SELECT thinkphp.*, ROW_NUMBER() OVER ( ORDER BY rand()) AS ROW_NUMBER FROM (SELECT  COUNT(*) AS tp_count FROM [yf_plug_sug] WHERE  [plug_sug_addtime] BETWEEN 1525968000 AND 1526054399) AS thinkphp) AS T1 WHERE (T1.ROW_NUMBER BETWEEN 1 AND 1) [ RunTime:0.060540s ]
[ sql ] [ SQL ] SELECT T1.* FROM (SELECT thinkphp.*, ROW_NUMBER() OVER ( ORDER BY rand()) AS ROW_NUMBER FROM (SELECT  COUNT(*) AS tp_count FROM [yf_plug_sug] WHERE  [plug_sug_addtime] BETWEEN 1525881600 AND 1525967999) AS thinkphp) AS T1 WHERE (T1.ROW_NUMBER BETWEEN 1 AND 1) [ RunTime:0.060437s ]
[ sql ] [ SQL ] SELECT T1.* FROM (SELECT thinkphp.*, ROW_NUMBER() OVER ( ORDER BY rand()) AS ROW_NUMBER FROM (SELECT  COUNT(*) AS tp_count FROM [yf_comments] WHERE  [createtime] BETWEEN 1525968000 AND 1526054399) AS thinkphp) AS T1 WHERE (T1.ROW_NUMBER BETWEEN 1 AND 1) [ RunTime:0.060721s ]
[ sql ] [ SQL ] SELECT T1.* FROM (SELECT thinkphp.*, ROW_NUMBER() OVER ( ORDER BY rand()) AS ROW_NUMBER FROM (SELECT  COUNT(*) AS tp_count FROM [yf_comments] WHERE  [createtime] BETWEEN 1525881600 AND 1525967999) AS thinkphp) AS T1 WHERE (T1.ROW_NUMBER BETWEEN 1 AND 1) [ RunTime:0.060332s ]
---------------------------------------------------------------
[ 2018-05-11T15:22:46+08:00 ] 211.66.88.159 113.103.93.68 GET /admin
[ info ] zzxt.gdngs.cn/admin [运行时间：4.424742s][吞吐率：0.23req/s] [内存消耗：3,962.28kb] [文件加载：88]
[ info ] [ LANG ] D:\UPUPW_K2.1\htdocs\zzxt\1.0.0\thinkphp\lang\zh-cn.php
[ info ] [ LANG ] D:\UPUPW_K2.1\htdocs\zzxt\1.0.0/app/lang\zh-cn.php
[ info ] [ CACHE ] INIT File
[ info ] [ ROUTE ] array (
  'type' => 'module',
  'module' => 
  array (
    0 => 'admin',
    1 => NULL,
    2 => NULL,
  ),
)
[ info ] [ HEADER ] array (
  'x-rewrite-url' => '/admin',
  'cookie' => 'thinkphp_show_page_trace=0|0; PHPSESSID=1r0ptpisj25lraj147h311o281; thinkphp_show_page_trace=0|0',
  'accept-language' => 'zh-CN,zh;q=0.9,en;q=0.8',
  'accept-encoding' => 'gzip, deflate',
  'accept' => 'text/html,application/xhtml+xml,application/xml;q=0.9,image/webp,image/apng,*/*;q=0.8',
  'user-agent' => 'Mozilla/5.0 (Macintosh; Intel Mac OS X 10_13_4) AppleWebKit/537.36 (KHTML, like Gecko) Chrome/66.0.3359.139 Safari/537.36',
  'upgrade-insecure-requests' => '1',
  'cache-control' => 'max-age=0',
  'connection' => 'keep-alive',
  'host' => 'zzxt.gdngs.cn',
)
[ info ] [ PARAM ] array (
)
[ info ] [ BEHAVIOR ] Run app\common\behavior\WebLog @module_init [ RunTime:0.001022s ]
[ info ] [ DB ] INIT sqlsrv
[ info ] [ SESSION ] INIT array (
  'id' => '',
  'var_session_id' => '',
  'prefix' => 'think',
  'type' => '',
  'auto_start' => true,
)
[ info ] [ BEHAVIOR ] Run Closure @action_begin [ RunTime:0.003615s ]
[ info ] [ RUN ] app\admin\controller\Index->index[ D:\UPUPW_K2.1\htdocs\zzxt\1.0.0\app\admin\controller\Index.php ]
[ info ] [ VIEW ] D:\UPUPW_K2.1\htdocs\zzxt\1.0.0/app/admin\view\index\index.html [ array (
  0 => 'lang',
  1 => 'menus',
  2 => 'menus_curr',
  3 => 'menus_child',
  4 => 'id_curr',
  5 => 'admin',
  6 => 'admin_avatar',
  7 => 'news_list',
  8 => 'news_count',
  9 => 'members_count',
  10 => 'sugs_count',
  11 => 'coms_count',
  12 => 'tonews_count',
  13 => 'ztnews_count',
  14 => 'difday',
  15 => 'tomembers_count',
  16 => 'ztmembers_count',
  17 => 'difday_m',
  18 => 'tosugs_count',
  19 => 'ztsugs_count',
  20 => 'difday_s',
  21 => 'tocoms_count',
  22 => 'ztcoms_count',
  23 => 'difday_c',
) ]
[ info ] [ VIEW ] D:\UPUPW_K2.1\htdocs\zzxt\1.0.0\addons\info\gitinfo.html [ array (
) ]
[ info ] [ BEHAVIOR ] Run \addons\info\Info @gitinfo [ RunTime:0.001749s ]
[ info ] [ VIEW ] D:\UPUPW_K2.1\htdocs\zzxt\1.0.0\addons\info\sysinfo.html [ array (
  0 => 'info',
  1 => 'update_check',
  2 => 'ver_str',
  3 => 'ver_last',
) ]
[ info ] [ BEHAVIOR ] Run \addons\info\Info @sysinfo [ RunTime:0.001557s ]
[ info ] [ VIEW ] D:\UPUPW_K2.1\htdocs\zzxt\1.0.0\addons\maintain\maintain.html [ array (
  0 => 'danger_mode_debug',
  1 => 'weak_setting_db_password',
  2 => 'weak_setting_admin_last_change_password',
  3 => 'system_safe',
  4 => 'system_pageshow',
  5 => 'log_size',
  6 => 'log_file_cnt',
) ]
[ info ] [ BEHAVIOR ] Run \addons\maintain\Maintain @maintain [ RunTime:0.070990s ]
[ info ] [ BEHAVIOR ] Run app\admin\behavior\Cron @app_end [ RunTime:0.004247s ]
[ info ] [ LOG ] INIT File
[ sql ] [ DB ] CONNECT:[ UseTime:0.350243s ] sqlsrv:Server=139.199.184.111;Database=zzxt
[ sql ] [ SQL ] SELECT   column_name,   data_type,   column_default,   is_nullable
        FROM    information_schema.tables AS t
        JOIN    information_schema.columns AS c
        ON  t.table_catalog = c.table_catalog
        AND t.table_schema  = c.table_schema
        AND t.table_name    = c.table_name
        WHERE   t.table_name = 'yf_auth_rule' [ RunTime:0.064694s ]
[ sql ] [ SQL ] SELECT column_name FROM information_schema.key_column_usage WHERE table_name='yf_auth_rule' [ RunTime:0.128092s ]
[ sql ] [ SQL ] SELECT T1.* FROM (SELECT thinkphp.*, ROW_NUMBER() OVER ( ORDER BY level desc,sort) AS ROW_NUMBER FROM (SELECT  [id],[pid],[level],[sort] FROM [yf_auth_rule]) AS thinkphp) AS T1 [ RunTime:0.064211s ]
[ sql ] [ SQL ] SELECT T1.* FROM (SELECT thinkphp.*, ROW_NUMBER() OVER ( ORDER BY rand()) AS ROW_NUMBER FROM (SELECT  [pid] FROM [yf_auth_rule] WHERE  [id] = -1) AS thinkphp) AS T1 WHERE (T1.ROW_NUMBER BETWEEN 1 AND 1) [ RunTime:0.064793s ]
[ sql ] [ SQL ] SELECT T1.* FROM (SELECT thinkphp.*, ROW_NUMBER() OVER ( ORDER BY [sort]) AS ROW_NUMBER FROM (SELECT  * FROM [yf_auth_rule] WHERE  [status] = 1  AND [pid] = null) AS thinkphp) AS T1 [ RunTime:0.063857s ]
[ sql ] [ SQL ] SELECT   column_name,   data_type,   column_default,   is_nullable
        FROM    information_schema.tables AS t
        JOIN    information_schema.columns AS c
        ON  t.table_catalog = c.table_catalog
        AND t.table_schema  = c.table_schema
        AND t.table_name    = c.table_name
        WHERE   t.table_name = 'yf_admin' [ RunTime:0.064544s ]
[ sql ] [ SQL ] SELECT column_name FROM information_schema.key_column_usage WHERE table_name='yf_admin' [ RunTime:0.128241s ]
[ sql ] [ SQL ] SELECT T1.* FROM (SELECT thinkphp.*, ROW_NUMBER() OVER ( ORDER BY rand()) AS ROW_NUMBER FROM (SELECT  * FROM [yf_admin] [a] INNER JOIN [yf_auth_group_access] [b] ON [a].[admin_id]=[b].[uid] INNER JOIN [yf_auth_group] [c] ON [b].[group_id]=[c].[id] WHERE  [a].[admin_id] = '27') AS thinkphp) AS T1 WHERE (T1.ROW_NUMBER BETWEEN 1 AND 1) [ RunTime:0.064043s ]
[ sql ] [ SQL ] SELECT   column_name,   data_type,   column_default,   is_nullable
        FROM    information_schema.tables AS t
        JOIN    information_schema.columns AS c
        ON  t.table_catalog = c.table_catalog
        AND t.table_schema  = c.table_schema
        AND t.table_name    = c.table_name
        WHERE   t.table_name = 'yf_news' [ RunTime:0.064883s ]
[ sql ] [ SQL ] SELECT column_name FROM information_schema.key_column_usage WHERE table_name='yf_news' [ RunTime:0.127896s ]
[ sql ] [ SQL ] SELECT T1.* FROM (SELECT thinkphp.*, ROW_NUMBER() OVER ( ORDER BY rand()) AS ROW_NUMBER FROM (SELECT  COUNT(*) AS tp_count FROM [yf_news] WHERE  [news_auto] = '8806') AS thinkphp) AS T1 WHERE (T1.ROW_NUMBER BETWEEN 1 AND 1) [ RunTime:0.063603s ]
[ sql ] [ SQL ] SELECT T1.* FROM (SELECT thinkphp.*, ROW_NUMBER() OVER ( ORDER BY news_hits desc) AS ROW_NUMBER FROM (SELECT  * FROM [yf_news] WHERE  [news_l] = 'zh-cn') AS thinkphp) AS T1 WHERE (T1.ROW_NUMBER BETWEEN 0 + 1 AND 0 + 10) [ RunTime:0.064111s ]
[ sql ] [ SQL ] SELECT T1.* FROM (SELECT thinkphp.*, ROW_NUMBER() OVER ( ORDER BY rand()) AS ROW_NUMBER FROM (SELECT  COUNT(*) AS tp_count FROM [yf_news]) AS thinkphp) AS T1 WHERE (T1.ROW_NUMBER BETWEEN 1 AND 1) [ RunTime:0.063888s ]
[ sql ] [ SQL ] SELECT   column_name,   data_type,   column_default,   is_nullable
        FROM    information_schema.tables AS t
        JOIN    information_schema.columns AS c
        ON  t.table_catalog = c.table_catalog
        AND t.table_schema  = c.table_schema
        AND t.table_name    = c.table_name
        WHERE   t.table_name = 'yf_member_list' [ RunTime:0.064214s ]
[ sql ] [ SQL ] SELECT column_name FROM information_schema.key_column_usage WHERE table_name='yf_member_list' [ RunTime:0.128379s ]
[ sql ] [ SQL ] SELECT T1.* FROM (SELECT thinkphp.*, ROW_NUMBER() OVER ( ORDER BY rand()) AS ROW_NUMBER FROM (SELECT  COUNT(*) AS tp_count FROM [yf_member_list]) AS thinkphp) AS T1 WHERE (T1.ROW_NUMBER BETWEEN 1 AND 1) [ RunTime:0.065931s ]
[ sql ] [ SQL ] SELECT   column_name,   data_type,   column_default,   is_nullable
        FROM    information_schema.tables AS t
        JOIN    information_schema.columns AS c
        ON  t.table_catalog = c.table_catalog
        AND t.table_schema  = c.table_schema
        AND t.table_name    = c.table_name
        WHERE   t.table_name = 'yf_plug_sug' [ RunTime:0.064031s ]
[ sql ] [ SQL ] SELECT column_name FROM information_schema.key_column_usage WHERE table_name='yf_plug_sug' [ RunTime:0.128241s ]
[ sql ] [ SQL ] SELECT T1.* FROM (SELECT thinkphp.*, ROW_NUMBER() OVER ( ORDER BY rand()) AS ROW_NUMBER FROM (SELECT  COUNT(*) AS tp_count FROM [yf_plug_sug]) AS thinkphp) AS T1 WHERE (T1.ROW_NUMBER BETWEEN 1 AND 1) [ RunTime:0.064135s ]
[ sql ] [ SQL ] SELECT   column_name,   data_type,   column_default,   is_nullable
        FROM    information_schema.tables AS t
        JOIN    information_schema.columns AS c
        ON  t.table_catalog = c.table_catalog
        AND t.table_schema  = c.table_schema
        AND t.table_name    = c.table_name
        WHERE   t.table_name = 'yf_comments' [ RunTime:0.064229s ]
[ sql ] [ SQL ] SELECT column_name FROM information_schema.key_column_usage WHERE table_name='yf_comments' [ RunTime:0.128427s ]
[ sql ] [ SQL ] SELECT T1.* FROM (SELECT thinkphp.*, ROW_NUMBER() OVER ( ORDER BY rand()) AS ROW_NUMBER FROM (SELECT  COUNT(*) AS tp_count FROM [yf_comments]) AS thinkphp) AS T1 WHERE (T1.ROW_NUMBER BETWEEN 1 AND 1) [ RunTime:0.064564s ]
[ sql ] [ SQL ] SELECT T1.* FROM (SELECT thinkphp.*, ROW_NUMBER() OVER ( ORDER BY rand()) AS ROW_NUMBER FROM (SELECT  COUNT(*) AS tp_count FROM [yf_news] WHERE  [news_time] BETWEEN 1525968000 AND 1526054399) AS thinkphp) AS T1 WHERE (T1.ROW_NUMBER BETWEEN 1 AND 1) [ RunTime:0.064025s ]
[ sql ] [ SQL ] SELECT T1.* FROM (SELECT thinkphp.*, ROW_NUMBER() OVER ( ORDER BY rand()) AS ROW_NUMBER FROM (SELECT  COUNT(*) AS tp_count FROM [yf_news] WHERE  [news_time] BETWEEN 1525881600 AND 1525967999) AS thinkphp) AS T1 WHERE (T1.ROW_NUMBER BETWEEN 1 AND 1) [ RunTime:0.063552s ]
[ sql ] [ SQL ] SELECT T1.* FROM (SELECT thinkphp.*, ROW_NUMBER() OVER ( ORDER BY rand()) AS ROW_NUMBER FROM (SELECT  COUNT(*) AS tp_count FROM [yf_member_list] WHERE  [member_list_addtime] BETWEEN 1525968000 AND 1526054399) AS thinkphp) AS T1 WHERE (T1.ROW_NUMBER BETWEEN 1 AND 1) [ RunTime:0.063943s ]
[ sql ] [ SQL ] SELECT T1.* FROM (SELECT thinkphp.*, ROW_NUMBER() OVER ( ORDER BY rand()) AS ROW_NUMBER FROM (SELECT  COUNT(*) AS tp_count FROM [yf_member_list] WHERE  [member_list_addtime] BETWEEN 1525881600 AND 1525967999) AS thinkphp) AS T1 WHERE (T1.ROW_NUMBER BETWEEN 1 AND 1) [ RunTime:0.064195s ]
[ sql ] [ SQL ] SELECT T1.* FROM (SELECT thinkphp.*, ROW_NUMBER() OVER ( ORDER BY rand()) AS ROW_NUMBER FROM (SELECT  COUNT(*) AS tp_count FROM [yf_plug_sug] WHERE  [plug_sug_addtime] BETWEEN 1525968000 AND 1526054399) AS thinkphp) AS T1 WHERE (T1.ROW_NUMBER BETWEEN 1 AND 1) [ RunTime:0.063599s ]
[ sql ] [ SQL ] SELECT T1.* FROM (SELECT thinkphp.*, ROW_NUMBER() OVER ( ORDER BY rand()) AS ROW_NUMBER FROM (SELECT  COUNT(*) AS tp_count FROM [yf_plug_sug] WHERE  [plug_sug_addtime] BETWEEN 1525881600 AND 1525967999) AS thinkphp) AS T1 WHERE (T1.ROW_NUMBER BETWEEN 1 AND 1) [ RunTime:0.064065s ]
[ sql ] [ SQL ] SELECT T1.* FROM (SELECT thinkphp.*, ROW_NUMBER() OVER ( ORDER BY rand()) AS ROW_NUMBER FROM (SELECT  COUNT(*) AS tp_count FROM [yf_comments] WHERE  [createtime] BETWEEN 1525968000 AND 1526054399) AS thinkphp) AS T1 WHERE (T1.ROW_NUMBER BETWEEN 1 AND 1) [ RunTime:0.064847s ]
[ sql ] [ SQL ] SELECT T1.* FROM (SELECT thinkphp.*, ROW_NUMBER() OVER ( ORDER BY rand()) AS ROW_NUMBER FROM (SELECT  COUNT(*) AS tp_count FROM [yf_comments] WHERE  [createtime] BETWEEN 1525881600 AND 1525967999) AS thinkphp) AS T1 WHERE (T1.ROW_NUMBER BETWEEN 1 AND 1) [ RunTime:0.064310s ]
---------------------------------------------------------------
[ 2018-05-11T15:22:57+08:00 ] 211.66.88.159 113.103.93.68 GET /admin/
[ info ] zzxt.gdngs.cn/admin/ [运行时间：0.089766s][吞吐率：11.14req/s] [内存消耗：3,380.34kb] [文件加载：79]
[ info ] [ LANG ] D:\UPUPW_K2.1\htdocs\zzxt\1.0.0\thinkphp\lang\zh-cn.php
[ info ] [ LANG ] D:\UPUPW_K2.1\htdocs\zzxt\1.0.0/app/lang\zh-cn.php
[ info ] [ CACHE ] INIT File
[ info ] [ ROUTE ] array (
  'type' => 'module',
  'module' => 
  array (
    0 => 'admin',
    1 => NULL,
    2 => NULL,
  ),
)
[ info ] [ HEADER ] array (
  'x-rewrite-url' => '/admin/',
  'cookie' => 'thinkphp_show_page_trace=0|0; PHPSESSID=vvg9u0atmdbgvisnuqgnjso3s6; thinkphp_show_page_trace=0|0',
  'accept-language' => 'zh-CN,zh;q=0.9',
  'accept-encoding' => 'gzip, deflate',
  'accept' => 'text/html,application/xhtml+xml,application/xml;q=0.9,image/webp,image/apng,*/*;q=0.8',
  'user-agent' => 'Mozilla/5.0 (Macintosh; Intel Mac OS X 10_13_4) AppleWebKit/537.36 (KHTML, like Gecko) Chrome/66.0.3359.139 Safari/537.36',
  'upgrade-insecure-requests' => '1',
  'connection' => 'keep-alive',
  'host' => 'zzxt.gdngs.cn',
)
[ info ] [ PARAM ] array (
)
[ info ] [ BEHAVIOR ] Run app\common\behavior\WebLog @module_init [ RunTime:0.001005s ]
[ info ] [ DB ] INIT sqlsrv
[ info ] [ SESSION ] INIT array (
  'id' => '',
  'var_session_id' => '',
  'prefix' => 'think',
  'type' => '',
  'auto_start' => true,
)
[ info ] [ BEHAVIOR ] Run app\admin\behavior\Cron @app_end [ RunTime:0.003181s ]
[ info ] [ LOG ] INIT File
---------------------------------------------------------------
[ 2018-05-11T15:22:57+08:00 ] 211.66.88.159 113.103.93.68 GET /admin/login/login.html
[ info ] zzxt.gdngs.cn/admin/login/login.html [运行时间：0.093599s][吞吐率：10.68req/s] [内存消耗：3,406.31kb] [文件加载：81]
[ info ] [ LANG ] D:\UPUPW_K2.1\htdocs\zzxt\1.0.0\thinkphp\lang\zh-cn.php
[ info ] [ LANG ] D:\UPUPW_K2.1\htdocs\zzxt\1.0.0/app/lang\zh-cn.php
[ info ] [ CACHE ] INIT File
[ info ] [ ROUTE ] array (
  'type' => 'module',
  'module' => 
  array (
    0 => 'admin',
    1 => 'login',
    2 => 'login',
  ),
)
[ info ] [ HEADER ] array (
  'x-rewrite-url' => '/admin/login/login.html',
  'cookie' => 'thinkphp_show_page_trace=0|0; thinkphp_show_page_trace=0|0; PHPSESSID=vvg9u0atmdbgvisnuqgnjso3s6; thinkphp_show_page_trace=0|0',
  'accept-language' => 'zh-CN,zh;q=0.9',
  'accept-encoding' => 'gzip, deflate',
  'accept' => 'text/html,application/xhtml+xml,application/xml;q=0.9,image/webp,image/apng,*/*;q=0.8',
  'user-agent' => 'Mozilla/5.0 (Macintosh; Intel Mac OS X 10_13_4) AppleWebKit/537.36 (KHTML, like Gecko) Chrome/66.0.3359.139 Safari/537.36',
  'upgrade-insecure-requests' => '1',
  'connection' => 'keep-alive',
  'host' => 'zzxt.gdngs.cn',
)
[ info ] [ PARAM ] array (
)
[ info ] [ BEHAVIOR ] Run app\common\behavior\WebLog @module_init [ RunTime:0.000969s ]
[ info ] [ BEHAVIOR ] Run Closure @action_begin [ RunTime:0.002819s ]
[ info ] [ RUN ] app\admin\controller\Login->login[ D:\UPUPW_K2.1\htdocs\zzxt\1.0.0\app\admin\controller\Login.php ]
[ info ] [ DB ] INIT sqlsrv
[ info ] [ SESSION ] INIT array (
  'id' => '',
  'var_session_id' => '',
  'prefix' => 'think',
  'type' => '',
  'auto_start' => true,
)
[ info ] [ VIEW ] D:\UPUPW_K2.1\htdocs\zzxt\1.0.0/app/admin\view\login\login.html [ array (
  0 => 'lang',
) ]
[ info ] [ BEHAVIOR ] Run app\admin\behavior\Cron @app_end [ RunTime:0.003189s ]
[ info ] [ LOG ] INIT File
---------------------------------------------------------------
[ 2018-05-11T15:22:57+08:00 ] 211.66.88.159 113.103.93.68 GET /admin/login/verify.html
[ info ] zzxt.gdngs.cn/admin/login/verify.html [运行时间：0.092676s][吞吐率：10.79req/s] [内存消耗：3,363.32kb] [文件加载：79]
[ info ] [ LANG ] D:\UPUPW_K2.1\htdocs\zzxt\1.0.0\thinkphp\lang\zh-cn.php
[ info ] [ LANG ] D:\UPUPW_K2.1\htdocs\zzxt\1.0.0/app/lang\zh-cn.php
[ info ] [ CACHE ] INIT File
[ info ] [ ROUTE ] array (
  'type' => 'module',
  'module' => 
  array (
    0 => 'admin',
    1 => 'login',
    2 => 'verify',
  ),
)
[ info ] [ HEADER ] array (
  'x-rewrite-url' => '/admin/login/verify.html',
  'cookie' => 'thinkphp_show_page_trace=0|0; thinkphp_show_page_trace=0|0; PHPSESSID=vvg9u0atmdbgvisnuqgnjso3s6; thinkphp_show_page_trace=0|0',
  'accept-language' => 'zh-CN,zh;q=0.9',
  'accept-encoding' => 'gzip, deflate',
  'referer' => 'http://zzxt.gdngs.cn/admin/login/login.html',
  'accept' => 'image/webp,image/apng,image/*,*/*;q=0.8',
  'user-agent' => 'Mozilla/5.0 (Macintosh; Intel Mac OS X 10_13_4) AppleWebKit/537.36 (KHTML, like Gecko) Chrome/66.0.3359.139 Safari/537.36',
  'connection' => 'keep-alive',
  'host' => 'zzxt.gdngs.cn',
)
[ info ] [ PARAM ] array (
)
[ info ] [ BEHAVIOR ] Run app\common\behavior\WebLog @module_init [ RunTime:0.001140s ]
[ info ] [ BEHAVIOR ] Run Closure @action_begin [ RunTime:0.002834s ]
[ info ] [ RUN ] app\admin\controller\Login->verify[ D:\UPUPW_K2.1\htdocs\zzxt\1.0.0\app\admin\controller\Login.php ]
[ info ] [ DB ] INIT sqlsrv
[ info ] [ SESSION ] INIT array (
  'id' => '',
  'var_session_id' => '',
  'prefix' => 'think',
  'type' => '',
  'auto_start' => true,
)
[ info ] [ BEHAVIOR ] Run app\admin\behavior\Cron @app_end [ RunTime:0.003234s ]
[ info ] [ LOG ] INIT File
---------------------------------------------------------------
[ 2018-05-11T15:22:57+08:00 ] 211.66.88.159 113.103.93.68 GET /geetest.html?t=1526023378342
[ info ] zzxt.gdngs.cn/geetest.html?t=1526023378342 [运行时间：0.193280s][吞吐率：5.17req/s] [内存消耗：2,027.50kb] [文件加载：60]
[ info ] [ LANG ] D:\UPUPW_K2.1\htdocs\zzxt\1.0.0\thinkphp\lang\zh-cn.php
[ info ] [ LANG ] D:\UPUPW_K2.1\htdocs\zzxt\1.0.0/app/lang\zh-cn.php
[ info ] [ CACHE ] INIT File
[ info ] [ ROUTE ] array (
  'type' => 'method',
  'method' => 
  array (
    0 => '\\think\\geetest\\GeetestController',
    1 => 'index',
  ),
  'var' => 
  array (
  ),
)
[ info ] [ HEADER ] array (
  'x-rewrite-url' => '/geetest.html?t=1526023378342',
  'cookie' => 'PHPSESSID=vvg9u0atmdbgvisnuqgnjso3s6; thinkphp_show_page_trace=0|0',
  'accept-language' => 'zh-CN,zh;q=0.9',
  'accept-encoding' => 'gzip, deflate',
  'referer' => 'http://zzxt.gdngs.cn/admin/login/login.html',
  'user-agent' => 'Mozilla/5.0 (Macintosh; Intel Mac OS X 10_13_4) AppleWebKit/537.36 (KHTML, like Gecko) Chrome/66.0.3359.139 Safari/537.36',
  'x-requested-with' => 'XMLHttpRequest',
  'accept' => 'application/json, text/javascript, */*; q=0.01',
  'connection' => 'keep-alive',
  'host' => 'zzxt.gdngs.cn',
)
[ info ] [ PARAM ] array (
  't' => '1526023378342',
  'id' => NULL,
)
[ info ] [ RUN ] think\geetest\GeetestController->index[ D:\UPUPW_K2.1\htdocs\zzxt\1.0.0\vendor\yfcmf\geetest\src\GeetestController.php ]
[ info ] [ SESSION ] INIT array (
  'id' => '',
  'var_session_id' => '',
  'prefix' => 'think',
  'type' => '',
  'auto_start' => true,
)
[ info ] [ BEHAVIOR ] Run app\admin\behavior\Cron @app_end [ RunTime:0.004135s ]
[ info ] [ LOG ] INIT File
