---------------------------------------------------------------
[ 2018-05-16T11:59:58+08:00 ] 211.66.88.159 222.200.86.86 GET /
[ info ] zzxt.gdngs.cn/ [运行时间：0.823823s][吞吐率：1.21req/s] [内存消耗：3,506.25kb] [文件加载：84]
[ info ] [ LANG ] D:\UPUPW_K2.1\htdocs\zzxt\1.0.0\thinkphp\lang\zh-cn.php
[ info ] [ LANG ] D:\UPUPW_K2.1\htdocs\zzxt\1.0.0/app/lang\zh-cn.php
[ info ] [ CACHE ] INIT File
[ info ] [ ROUTE ] array (
  'type' => 'module',
  'module' => 
  array (
    0 => 'home',
    1 => 'Index',
    2 => 'index',
  ),
  'convert' => false,
)
[ info ] [ HEADER ] array (
  'cookie' => 'UM_distinctid=15fde7577d8659-0304900a49d1d5-7b113d-1fa400-15fde7577db54d; thinkphp_show_page_trace=0|0; PHPSESSID=9b9i8dj4169ppm26rsu0h2kkd5',
  'accept-language' => 'zh-CN,zh;q=0.9,zh-TW;q=0.8,ja;q=0.7',
  'accept-encoding' => 'gzip, deflate',
  'accept' => 'text/html,application/xhtml+xml,application/xml;q=0.9,image/webp,image/apng,*/*;q=0.8',
  'user-agent' => 'Mozilla/5.0 (Windows NT 10.0; Win64; x64) AppleWebKit/537.36 (KHTML, like Gecko) Chrome/64.0.3282.140 Safari/537.36',
  'upgrade-insecure-requests' => '1',
  'connection' => 'keep-alive',
  'host' => 'zzxt.gdngs.cn',
)
[ info ] [ PARAM ] array (
)
[ info ] [ LANG ] D:\UPUPW_K2.1\htdocs\zzxt\1.0.0/app/home\lang\zh-cn.php
[ info ] [ BEHAVIOR ] Run app\common\behavior\WebLog @module_init [ RunTime:0.001049s ]
[ info ] [ DB ] INIT sqlsrv
[ info ] [ SESSION ] INIT array (
  'id' => '',
  'var_session_id' => '',
  'prefix' => 'think',
  'type' => '',
  'auto_start' => true,
)
[ info ] [ BEHAVIOR ] Run Closure @action_begin [ RunTime:0.003366s ]
[ info ] [ RUN ] app\home\controller\Index->index[ D:\UPUPW_K2.1\htdocs\zzxt\1.0.0\app\home\controller\Index.php ]
[ info ] [ VIEW ] D:\UPUPW_K2.1\htdocs\zzxt\1.0.0/app/home/view/default/\index.html [ array (
  0 => 'lang',
  1 => 'map_lat',
  2 => 'map_lng',
  3 => 'site_name',
  4 => 'site_host',
  5 => 'site_tpl',
  6 => 'site_tpl_m',
  7 => 'site_logo',
  8 => 'site_icp',
  9 => 'site_tongji',
  10 => 'site_copyright',
  11 => 'site_co_name',
  12 => 'site_address',
  13 => 'site_tel',
  14 => 'site_admin_email',
  15 => 'site_qq',
  16 => 'site_seo_title',
  17 => 'site_seo_keywords',
  18 => 'site_seo_description',
  19 => 'yf_theme_path',
  20 => 'user',
  21 => 'is_admin',
  22 => 'is_question_open',
) ]
[ info ] [ BEHAVIOR ] Run app\admin\behavior\Cron @app_end [ RunTime:0.004389s ]
[ info ] [ LOG ] INIT File
[ sql ] [ DB ] CONNECT:[ UseTime:0.177992s ] sqlsrv:Server=139.199.184.111;Database=zzxt
[ sql ] [ SQL ] SELECT   column_name,   data_type,   column_default,   is_nullable
        FROM    information_schema.tables AS t
        JOIN    information_schema.columns AS c
        ON  t.table_catalog = c.table_catalog
        AND t.table_schema  = c.table_schema
        AND t.table_name    = c.table_name
        WHERE   t.table_name = 'yf_member_list' [ RunTime:0.122269s ]
[ sql ] [ SQL ] SELECT column_name FROM information_schema.key_column_usage WHERE table_name='yf_member_list' [ RunTime:0.086722s ]
[ sql ] [ SQL ] SELECT T1.* FROM (SELECT thinkphp.*, ROW_NUMBER() OVER ( ORDER BY rand()) AS ROW_NUMBER FROM (SELECT  [member_list_username],[id_number] FROM [yf_member_list] WHERE  [member_list_id] IS NULL) AS thinkphp) AS T1 WHERE (T1.ROW_NUMBER BETWEEN 1 AND 1) [ RunTime:0.008485s ]
[ sql ] [ SQL ] SELECT   column_name,   data_type,   column_default,   is_nullable
        FROM    information_schema.tables AS t
        JOIN    information_schema.columns AS c
        ON  t.table_catalog = c.table_catalog
        AND t.table_schema  = c.table_schema
        AND t.table_name    = c.table_name
        WHERE   t.table_name = 'yf_question_switch' [ RunTime:0.033036s ]
[ sql ] [ SQL ] SELECT column_name FROM information_schema.key_column_usage WHERE table_name='yf_question_switch' [ RunTime:0.055849s ]
[ sql ] [ SQL ] SELECT T1.* FROM (SELECT thinkphp.*, ROW_NUMBER() OVER ( ORDER BY rand()) AS ROW_NUMBER FROM (SELECT  * FROM [yf_question_switch] WHERE  [is_open] = '1') AS thinkphp) AS T1 WHERE (T1.ROW_NUMBER BETWEEN 1 AND 1) [ RunTime:0.010889s ]
[ sql ] [ SQL ] SELECT   column_name,   data_type,   column_default,   is_nullable
        FROM    information_schema.tables AS t
        JOIN    information_schema.columns AS c
        ON  t.table_catalog = c.table_catalog
        AND t.table_schema  = c.table_schema
        AND t.table_name    = c.table_name
        WHERE   t.table_name = 'yf_news' [ RunTime:0.035882s ]
[ sql ] [ SQL ] SELECT column_name FROM information_schema.key_column_usage WHERE table_name='yf_news' [ RunTime:0.077338s ]
[ sql ] [ SQL ] SELECT T1.* FROM (SELECT thinkphp.*, ROW_NUMBER() OVER ( ORDER BY news_time desc) AS ROW_NUMBER FROM (SELECT  [n_id],[news_title],[news_content],[news_time] FROM [yf_news] [a] WHERE  [news_open] = '1'  AND [news_l] = 'zh-cn'  AND [news_back] = 0  AND [news_columnid] IN (3)) AS thinkphp) AS T1 WHERE (T1.ROW_NUMBER BETWEEN 1 AND 6) [ RunTime:0.011634s ]
[ sql ] [ SQL ] SELECT T1.* FROM (SELECT thinkphp.*, ROW_NUMBER() OVER ( ORDER BY news_time desc) AS ROW_NUMBER FROM (SELECT  [n_id],[news_title],[news_content],[news_time] FROM [yf_news] [a] WHERE  [news_open] = '1'  AND [news_l] = 'zh-cn'  AND [news_back] = 0  AND [news_columnid] IN (21)) AS thinkphp) AS T1 WHERE (T1.ROW_NUMBER BETWEEN 1 AND 8) [ RunTime:0.009425s ]
[ sql ] [ SQL ] SELECT T1.* FROM (SELECT thinkphp.*, ROW_NUMBER() OVER ( ORDER BY news_time desc) AS ROW_NUMBER FROM (SELECT  [n_id],[news_title],[news_content],[news_time] FROM [yf_news] [a] WHERE  [news_open] = '1'  AND [news_l] = 'zh-cn'  AND [news_back] = 0  AND [news_columnid] IN (6)) AS thinkphp) AS T1 WHERE (T1.ROW_NUMBER BETWEEN 1 AND 6) [ RunTime:0.006327s ]
[ sql ] [ SQL ] SELECT T1.* FROM (SELECT thinkphp.*, ROW_NUMBER() OVER ( ORDER BY news_time desc) AS ROW_NUMBER FROM (SELECT  [n_id],[news_title],[news_content],[news_time] FROM [yf_news] [a] WHERE  [news_open] = '1'  AND [news_l] = 'zh-cn'  AND [news_back] = 0  AND [news_columnid] IN (5)) AS thinkphp) AS T1 WHERE (T1.ROW_NUMBER BETWEEN 1 AND 6) [ RunTime:0.005958s ]
[ sql ] [ SQL ] SELECT T1.* FROM (SELECT thinkphp.*, ROW_NUMBER() OVER ( ORDER BY news_time desc) AS ROW_NUMBER FROM (SELECT  [n_id],[news_title],[news_content],[news_img],[news_time] FROM [yf_news] [a] WHERE  [news_open] = '1'  AND [news_l] = 'zh-cn'  AND [news_back] = 0  AND [news_columnid] IN (22)) AS thinkphp) AS T1 WHERE (T1.ROW_NUMBER BETWEEN 1 AND 6) [ RunTime:0.009933s ]
---------------------------------------------------------------
[ 2018-05-16T21:02:03+08:00 ] 211.66.88.159 220.181.132.200 GET /
[ info ] zzxt.gdngs.cn/ [运行时间：0.723989s][吞吐率：1.38req/s] [内存消耗：3,503.94kb] [文件加载：84]
[ info ] [ LANG ] D:\UPUPW_K2.1\htdocs\zzxt\1.0.0\thinkphp\lang\zh-cn.php
[ info ] [ LANG ] D:\UPUPW_K2.1\htdocs\zzxt\1.0.0/app/lang\zh-cn.php
[ info ] [ CACHE ] INIT File
[ info ] [ ROUTE ] array (
  'type' => 'module',
  'module' => 
  array (
    0 => 'home',
    1 => 'Index',
    2 => 'index',
  ),
  'convert' => false,
)
[ info ] [ HEADER ] array (
  'accept-charset' => 'iso-8859-1,*,utf-8',
  'accept-encoding' => 'gzip,deflate',
  'referer' => 'http://zzxt.gdngs.cn/',
  'accept' => 'text/html,application/xhtml+xml,application/xml;q=0.9,*/*;q=0.8',
  'user-agent' => 'Mozilla/5.0 (Windows NT 6.1) AppleWebKit/537.36 (KHTML, like Gecko) Chrome/36.0.1985.125 Safari/537.36',
  'accept-language' => 'zh-CN,zh;q=0.8',
  'connection' => 'keep-alive',
  'host' => 'zzxt.gdngs.cn',
)
[ info ] [ PARAM ] array (
)
[ info ] [ LANG ] D:\UPUPW_K2.1\htdocs\zzxt\1.0.0/app/home\lang\zh-cn.php
[ info ] [ BEHAVIOR ] Run app\common\behavior\WebLog @module_init [ RunTime:0.001042s ]
[ info ] [ DB ] INIT sqlsrv
[ info ] [ SESSION ] INIT array (
  'id' => '',
  'var_session_id' => '',
  'prefix' => 'think',
  'type' => '',
  'auto_start' => true,
)
[ info ] [ BEHAVIOR ] Run Closure @action_begin [ RunTime:0.003416s ]
[ info ] [ RUN ] app\home\controller\Index->index[ D:\UPUPW_K2.1\htdocs\zzxt\1.0.0\app\home\controller\Index.php ]
[ info ] [ VIEW ] D:\UPUPW_K2.1\htdocs\zzxt\1.0.0/app/home/view/default/\index.html [ array (
  0 => 'lang',
  1 => 'map_lat',
  2 => 'map_lng',
  3 => 'site_name',
  4 => 'site_host',
  5 => 'site_tpl',
  6 => 'site_tpl_m',
  7 => 'site_logo',
  8 => 'site_icp',
  9 => 'site_tongji',
  10 => 'site_copyright',
  11 => 'site_co_name',
  12 => 'site_address',
  13 => 'site_tel',
  14 => 'site_admin_email',
  15 => 'site_qq',
  16 => 'site_seo_title',
  17 => 'site_seo_keywords',
  18 => 'site_seo_description',
  19 => 'yf_theme_path',
  20 => 'user',
  21 => 'is_admin',
  22 => 'is_question_open',
) ]
[ info ] [ BEHAVIOR ] Run app\admin\behavior\Cron @app_end [ RunTime:0.004230s ]
[ info ] [ LOG ] INIT File
[ sql ] [ DB ] CONNECT:[ UseTime:0.117599s ] sqlsrv:Server=139.199.184.111;Database=zzxt
[ sql ] [ SQL ] SELECT   column_name,   data_type,   column_default,   is_nullable
        FROM    information_schema.tables AS t
        JOIN    information_schema.columns AS c
        ON  t.table_catalog = c.table_catalog
        AND t.table_schema  = c.table_schema
        AND t.table_name    = c.table_name
        WHERE   t.table_name = 'yf_member_list' [ RunTime:0.068712s ]
[ sql ] [ SQL ] SELECT column_name FROM information_schema.key_column_usage WHERE table_name='yf_member_list' [ RunTime:0.094373s ]
[ sql ] [ SQL ] SELECT T1.* FROM (SELECT thinkphp.*, ROW_NUMBER() OVER ( ORDER BY rand()) AS ROW_NUMBER FROM (SELECT  [member_list_username],[id_number] FROM [yf_member_list] WHERE  [member_list_id] IS NULL) AS thinkphp) AS T1 WHERE (T1.ROW_NUMBER BETWEEN 1 AND 1) [ RunTime:0.008448s ]
[ sql ] [ SQL ] SELECT   column_name,   data_type,   column_default,   is_nullable
        FROM    information_schema.tables AS t
        JOIN    information_schema.columns AS c
        ON  t.table_catalog = c.table_catalog
        AND t.table_schema  = c.table_schema
        AND t.table_name    = c.table_name
        WHERE   t.table_name = 'yf_question_switch' [ RunTime:0.039764s ]
[ sql ] [ SQL ] SELECT column_name FROM information_schema.key_column_usage WHERE table_name='yf_question_switch' [ RunTime:0.069657s ]
[ sql ] [ SQL ] SELECT T1.* FROM (SELECT thinkphp.*, ROW_NUMBER() OVER ( ORDER BY rand()) AS ROW_NUMBER FROM (SELECT  * FROM [yf_question_switch] WHERE  [is_open] = '1') AS thinkphp) AS T1 WHERE (T1.ROW_NUMBER BETWEEN 1 AND 1) [ RunTime:0.011225s ]
[ sql ] [ SQL ] SELECT   column_name,   data_type,   column_default,   is_nullable
        FROM    information_schema.tables AS t
        JOIN    information_schema.columns AS c
        ON  t.table_catalog = c.table_catalog
        AND t.table_schema  = c.table_schema
        AND t.table_name    = c.table_name
        WHERE   t.table_name = 'yf_news' [ RunTime:0.034003s ]
[ sql ] [ SQL ] SELECT column_name FROM information_schema.key_column_usage WHERE table_name='yf_news' [ RunTime:0.070706s ]
[ sql ] [ SQL ] SELECT T1.* FROM (SELECT thinkphp.*, ROW_NUMBER() OVER ( ORDER BY news_time desc) AS ROW_NUMBER FROM (SELECT  [n_id],[news_title],[news_content],[news_time] FROM [yf_news] [a] WHERE  [news_open] = '1'  AND [news_l] = 'zh-cn'  AND [news_back] = 0  AND [news_columnid] IN (3)) AS thinkphp) AS T1 WHERE (T1.ROW_NUMBER BETWEEN 1 AND 6) [ RunTime:0.009585s ]
[ sql ] [ SQL ] SELECT T1.* FROM (SELECT thinkphp.*, ROW_NUMBER() OVER ( ORDER BY news_time desc) AS ROW_NUMBER FROM (SELECT  [n_id],[news_title],[news_content],[news_time] FROM [yf_news] [a] WHERE  [news_open] = '1'  AND [news_l] = 'zh-cn'  AND [news_back] = 0  AND [news_columnid] IN (21)) AS thinkphp) AS T1 WHERE (T1.ROW_NUMBER BETWEEN 1 AND 8) [ RunTime:0.009032s ]
[ sql ] [ SQL ] SELECT T1.* FROM (SELECT thinkphp.*, ROW_NUMBER() OVER ( ORDER BY news_time desc) AS ROW_NUMBER FROM (SELECT  [n_id],[news_title],[news_content],[news_time] FROM [yf_news] [a] WHERE  [news_open] = '1'  AND [news_l] = 'zh-cn'  AND [news_back] = 0  AND [news_columnid] IN (6)) AS thinkphp) AS T1 WHERE (T1.ROW_NUMBER BETWEEN 1 AND 6) [ RunTime:0.006274s ]
[ sql ] [ SQL ] SELECT T1.* FROM (SELECT thinkphp.*, ROW_NUMBER() OVER ( ORDER BY news_time desc) AS ROW_NUMBER FROM (SELECT  [n_id],[news_title],[news_content],[news_time] FROM [yf_news] [a] WHERE  [news_open] = '1'  AND [news_l] = 'zh-cn'  AND [news_back] = 0  AND [news_columnid] IN (5)) AS thinkphp) AS T1 WHERE (T1.ROW_NUMBER BETWEEN 1 AND 6) [ RunTime:0.005963s ]
[ sql ] [ SQL ] SELECT T1.* FROM (SELECT thinkphp.*, ROW_NUMBER() OVER ( ORDER BY news_time desc) AS ROW_NUMBER FROM (SELECT  [n_id],[news_title],[news_content],[news_img],[news_time] FROM [yf_news] [a] WHERE  [news_open] = '1'  AND [news_l] = 'zh-cn'  AND [news_back] = 0  AND [news_columnid] IN (22)) AS thinkphp) AS T1 WHERE (T1.ROW_NUMBER BETWEEN 1 AND 6) [ RunTime:0.008783s ]
