---------------------------------------------------------------
[ 2018-05-20T23:57:55+08:00 ] 211.66.88.159 113.103.92.49 GET /public/datePicker/bootstrap-datepicker.css.map
[ info ] zzxt.gdngs.cn/public/datePicker/bootstrap-datepicker.css.map [运行时间：0.076638s][吞吐率：13.05req/s] [内存消耗：2,003.71kb] [文件加载：60]
[ info ] [ LANG ] D:\UPUPW_K2.1\htdocs\zzxt\1.1.0\thinkphp\lang\zh-cn.php
[ info ] [ LANG ] D:\UPUPW_K2.1\htdocs\zzxt\1.1.0/app/lang\zh-cn.php
[ info ] [ CACHE ] INIT File
[ info ] [ ROUTE ] array (
  'type' => 'module',
  'module' => 
  array (
    0 => 'public',
    1 => 'datePicker',
    2 => 'bootstrap-datepicker.css.map',
  ),
)
[ info ] [ HEADER ] array (
  'x-rewrite-url' => '/public/datePicker/bootstrap-datepicker.css.map',
  'cookie' => 'PHPSESSID=vvg9u0atmdbgvisnuqgnjso3s6; thinkphp_show_page_trace=0|0; yf_logged_user=Qj5twb3s63o-dhifrk9Jr',
  'accept-language' => 'zh-CN,zh;q=0.9',
  'accept-encoding' => 'gzip, deflate',
  'user-agent' => 'Mozilla/5.0 (Macintosh; Intel Mac OS X 10_13_4) AppleWebKit/537.36 (KHTML, like Gecko) Chrome/66.0.3359.181 Safari/537.36',
  'connection' => 'keep-alive',
  'host' => 'zzxt.gdngs.cn',
)
[ info ] [ PARAM ] array (
)
[ info ] [ LOG ] INIT File
---------------------------------------------------------------
[ 2018-05-20T23:59:15+08:00 ] 211.66.88.159 113.103.92.49 GET /admin/Counselor/showEvaluationList.html
[ info ] zzxt.gdngs.cn/admin/Counselor/showEvaluationList.html [运行时间：1.055741s][吞吐率：0.95req/s] [内存消耗：4,340.96kb] [文件加载：95]
[ info ] [ LANG ] D:\UPUPW_K2.1\htdocs\zzxt\1.1.0\thinkphp\lang\zh-cn.php
[ info ] [ LANG ] D:\UPUPW_K2.1\htdocs\zzxt\1.1.0/app/lang\zh-cn.php
[ info ] [ CACHE ] INIT File
[ info ] [ ROUTE ] array (
  'type' => 'module',
  'module' => 
  array (
    0 => 'admin',
    1 => 'Counselor',
    2 => 'showEvaluationList',
  ),
  'convert' => false,
)
[ info ] [ HEADER ] array (
  'x-rewrite-url' => '/admin/Counselor/showEvaluationList.html',
  'cookie' => 'thinkphp_show_page_trace=0|0; thinkphp_show_page_trace=0|0; PHPSESSID=vvg9u0atmdbgvisnuqgnjso3s6; thinkphp_show_page_trace=0|0; yf_logged_user=Qj5twb3s63o-dhifrk9Jr',
  'accept-language' => 'zh-CN,zh;q=0.9',
  'accept-encoding' => 'gzip, deflate',
  'referer' => 'http://zzxt.gdngs.cn/admin/Counselor/showEvaluationMaterial/45.html',
  'accept' => 'text/html,application/xhtml+xml,application/xml;q=0.9,image/webp,image/apng,*/*;q=0.8',
  'user-agent' => 'Mozilla/5.0 (Macintosh; Intel Mac OS X 10_13_4) AppleWebKit/537.36 (KHTML, like Gecko) Chrome/66.0.3359.181 Safari/537.36',
  'upgrade-insecure-requests' => '1',
  'cache-control' => 'max-age=0',
  'connection' => 'keep-alive',
  'host' => 'zzxt.gdngs.cn',
)
[ info ] [ PARAM ] array (
)
[ info ] [ BEHAVIOR ] Run app\common\behavior\WebLog @module_init [ RunTime:0.001050s ]
[ info ] [ DB ] INIT sqlsrv
[ info ] [ SESSION ] INIT array (
  'id' => '',
  'var_session_id' => '',
  'prefix' => 'think',
  'type' => '',
  'auto_start' => true,
)
[ info ] [ BEHAVIOR ] Run Closure @action_begin [ RunTime:0.003958s ]
[ info ] [ RUN ] app\admin\controller\Counselor->showEvaluationList[ D:\UPUPW_K2.1\htdocs\zzxt\1.1.0\app\admin\controller\Counselor.php ]
[ info ] [ VIEW ] D:\UPUPW_K2.1\htdocs\zzxt\1.1.0/app/admin\view\evaluation\counselor_review.html [ array (
  0 => 'lang',
  1 => 'menus',
  2 => 'menus_curr',
  3 => 'menus_child',
  4 => 'id_curr',
  5 => 'admin',
  6 => 'admin_avatar',
  7 => 'classes',
  8 => 'doingcount',
  9 => 'allcount',
  10 => 'user',
  11 => 'page',
) ]
[ info ] [ BEHAVIOR ] Run app\admin\behavior\Cron @app_end [ RunTime:0.003724s ]
[ info ] [ LOG ] INIT File
[ sql ] [ DB ] CONNECT:[ UseTime:0.000105s ] sqlsrv:Server=139.199.184.111;Database=zzxt
[ sql ] [ SQL ] SELECT   column_name,   data_type,   column_default,   is_nullable
        FROM    information_schema.tables AS t
        JOIN    information_schema.columns AS c
        ON  t.table_catalog = c.table_catalog
        AND t.table_schema  = c.table_schema
        AND t.table_name    = c.table_name
        WHERE   t.table_name = 'yf_auth_rule' [ RunTime:0.006527s ]
[ sql ] [ SQL ] SELECT column_name FROM information_schema.key_column_usage WHERE table_name='yf_auth_rule' [ RunTime:0.011451s ]
[ sql ] [ SQL ] SELECT T1.* FROM (SELECT thinkphp.*, ROW_NUMBER() OVER ( ORDER BY level desc,sort) AS ROW_NUMBER FROM (SELECT  [id],[level],[sort] FROM [yf_auth_rule] WHERE  [name] = 'admin/Counselor/showEvaluationList') AS thinkphp) AS T1 WHERE (T1.ROW_NUMBER BETWEEN 1 AND 1) [ RunTime:0.005846s ]
[ sql ] [ SQL ] SELECT T1.* FROM (SELECT thinkphp.*, ROW_NUMBER() OVER ( ORDER BY level desc,sort) AS ROW_NUMBER FROM (SELECT  [id],[pid],[level],[sort] FROM [yf_auth_rule]) AS thinkphp) AS T1 [ RunTime:0.022740s ]
[ sql ] [ SQL ] SELECT T1.* FROM (SELECT thinkphp.*, ROW_NUMBER() OVER ( ORDER BY level desc,sort) AS ROW_NUMBER FROM (SELECT  [id],[level],[sort] FROM [yf_auth_rule] WHERE  [name] = 'admin/Counselor/showEvaluationList'  AND [status] = 1) AS thinkphp) AS T1 WHERE (T1.ROW_NUMBER BETWEEN 1 AND 1) [ RunTime:0.006318s ]
[ sql ] [ SQL ] SELECT T1.* FROM (SELECT thinkphp.*, ROW_NUMBER() OVER ( ORDER BY rand()) AS ROW_NUMBER FROM (SELECT  [pid] FROM [yf_auth_rule] WHERE  [id] = 445) AS thinkphp) AS T1 WHERE (T1.ROW_NUMBER BETWEEN 1 AND 1) [ RunTime:0.005982s ]
[ sql ] [ SQL ] SELECT T1.* FROM (SELECT thinkphp.*, ROW_NUMBER() OVER ( ORDER BY [sort]) AS ROW_NUMBER FROM (SELECT  * FROM [yf_auth_rule] WHERE  [status] = 1  AND [pid] = 328) AS thinkphp) AS T1 [ RunTime:0.006212s ]
[ sql ] [ SQL ] SELECT   column_name,   data_type,   column_default,   is_nullable
        FROM    information_schema.tables AS t
        JOIN    information_schema.columns AS c
        ON  t.table_catalog = c.table_catalog
        AND t.table_schema  = c.table_schema
        AND t.table_name    = c.table_name
        WHERE   t.table_name = 'yf_admin' [ RunTime:0.006680s ]
[ sql ] [ SQL ] SELECT column_name FROM information_schema.key_column_usage WHERE table_name='yf_admin' [ RunTime:0.012877s ]
[ sql ] [ SQL ] SELECT T1.* FROM (SELECT thinkphp.*, ROW_NUMBER() OVER ( ORDER BY rand()) AS ROW_NUMBER FROM (SELECT  * FROM [yf_admin] [a] INNER JOIN [yf_auth_group_access] [b] ON [a].[admin_id]=[b].[uid] INNER JOIN [yf_auth_group] [c] ON [b].[group_id]=[c].[id] WHERE  [a].[admin_id] = '61') AS thinkphp) AS T1 WHERE (T1.ROW_NUMBER BETWEEN 1 AND 1) [ RunTime:0.005867s ]
[ sql ] [ SQL ] SELECT   column_name,   data_type,   column_default,   is_nullable
        FROM    information_schema.tables AS t
        JOIN    information_schema.columns AS c
        ON  t.table_catalog = c.table_catalog
        AND t.table_schema  = c.table_schema
        AND t.table_name    = c.table_name
        WHERE   t.table_name = 'yf_news' [ RunTime:0.006729s ]
[ sql ] [ SQL ] SELECT column_name FROM information_schema.key_column_usage WHERE table_name='yf_news' [ RunTime:0.011685s ]
[ sql ] [ SQL ] SELECT T1.* FROM (SELECT thinkphp.*, ROW_NUMBER() OVER ( ORDER BY rand()) AS ROW_NUMBER FROM (SELECT  COUNT(*) AS tp_count FROM [yf_news] WHERE  [news_auto] = '8860') AS thinkphp) AS T1 WHERE (T1.ROW_NUMBER BETWEEN 1 AND 1) [ RunTime:0.005614s ]
[ sql ] [ SQL ] SELECT   column_name,   data_type,   column_default,   is_nullable
        FROM    information_schema.tables AS t
        JOIN    information_schema.columns AS c
        ON  t.table_catalog = c.table_catalog
        AND t.table_schema  = c.table_schema
        AND t.table_name    = c.table_name
        WHERE   t.table_name = 'yf_set_subsidy' [ RunTime:0.006170s ]
[ sql ] [ SQL ] SELECT column_name FROM information_schema.key_column_usage WHERE table_name='yf_set_subsidy' [ RunTime:0.011867s ]
[ sql ] [ SQL ] SELECT T1.* FROM (SELECT thinkphp.*, ROW_NUMBER() OVER ( ORDER BY rand()) AS ROW_NUMBER FROM (SELECT  * FROM [yf_set_subsidy] WHERE  [id] = 1) AS thinkphp) AS T1 WHERE (T1.ROW_NUMBER BETWEEN 1 AND 1) [ RunTime:0.005736s ]
[ sql ] [ SQL ] SELECT T1.* FROM (SELECT thinkphp.*, ROW_NUMBER() OVER ( ORDER BY rand()) AS ROW_NUMBER FROM (SELECT  * FROM [yf_set_subsidy] WHERE  [id] = 1) AS thinkphp) AS T1 WHERE (T1.ROW_NUMBER BETWEEN 1 AND 1) [ RunTime:0.005678s ]
[ sql ] [ SQL ] SELECT T1.* FROM (SELECT thinkphp.*, ROW_NUMBER() OVER ( ORDER BY rand()) AS ROW_NUMBER FROM (SELECT  * FROM [yf_set_subsidy] WHERE  [id] = 5) AS thinkphp) AS T1 WHERE (T1.ROW_NUMBER BETWEEN 1 AND 1) [ RunTime:0.005962s ]
[ sql ] [ SQL ] SELECT   column_name,   data_type,   column_default,   is_nullable
        FROM    information_schema.tables AS t
        JOIN    information_schema.columns AS c
        ON  t.table_catalog = c.table_catalog
        AND t.table_schema  = c.table_schema
        AND t.table_name    = c.table_name
        WHERE   t.table_name = 'yf_evaluation_status' [ RunTime:0.006534s ]
[ sql ] [ SQL ] SELECT column_name FROM information_schema.key_column_usage WHERE table_name='yf_evaluation_status' [ RunTime:0.012071s ]
[ sql ] [ SQL ] SELECT T1.* FROM (SELECT thinkphp.*, ROW_NUMBER() OVER ( ORDER BY rand()) AS ROW_NUMBER FROM (SELECT  COUNT(*) AS tp_count FROM [yf_evaluation_status] [ass] INNER JOIN [yf_evaluation_application] [app] ON [ass].[evaluation_id]=[app].[evaluation_id] INNER JOIN [yf_member_list] [m] ON [m].[member_list_id]=[ass].[member_list_id] LEFT JOIN [yf_user] [u] ON [u].[id_number]=[m].[id_number] WHERE  (   1 = 1  AND u.class_number in (20166131,20166132,20166133,20166134,20166135,20166136,20166143,20166144)  AND ass.status in(1,2,3,4,5,6,7,8,9) )  AND [app].[times] = '1504195200') AS thinkphp) AS T1 WHERE (T1.ROW_NUMBER BETWEEN 1 AND 1) [ RunTime:0.006532s ]
[ sql ] [ SQL ] SELECT T1.* FROM (SELECT thinkphp.*, ROW_NUMBER() OVER ( ORDER BY charindex(','+convert(varchar,status)+',',',1,2,3,4,5,6,7,8,9,')) AS ROW_NUMBER FROM (SELECT  [ass].*,[m].[member_list_username],[m].[member_list_nickname],[app].[assess_fraction],[app].[score],[app].[change_fraction],[app].[evaluation_status],[app].[group_opinion],[app].[faculty_opinion],[app].[group_poor_grade],[u].* FROM [yf_evaluation_status] [ass] INNER JOIN [yf_evaluation_application] [app] ON [ass].[evaluation_id]=[app].[evaluation_id] INNER JOIN [yf_member_list] [m] ON [m].[member_list_id]=[ass].[member_list_id] LEFT JOIN [yf_user] [u] ON [u].[id_number]=[m].[id_number] WHERE  (   1 = 1  AND u.class_number in (20166131,20166132,20166133,20166134,20166135,20166136,20166143,20166144)  AND ass.status in(1,2,3,4,5,6,7,8,9) )  AND [app].[times] = '1504195200') AS thinkphp) AS T1 WHERE (T1.ROW_NUMBER BETWEEN 0 + 1 AND 0 + 40) [ RunTime:0.007550s ]
[ sql ] [ SQL ] SELECT   column_name,   data_type,   column_default,   is_nullable
        FROM    information_schema.tables AS t
        JOIN    information_schema.columns AS c
        ON  t.table_catalog = c.table_catalog
        AND t.table_schema  = c.table_schema
        AND t.table_name    = c.table_name
        WHERE   t.table_name = 'yf_evaluation_material' [ RunTime:0.005774s ]
[ sql ] [ SQL ] SELECT column_name FROM information_schema.key_column_usage WHERE table_name='yf_evaluation_material' [ RunTime:0.012607s ]
[ sql ] [ SQL ] SELECT T1.* FROM (SELECT thinkphp.*, ROW_NUMBER() OVER ( ORDER BY rand()) AS ROW_NUMBER FROM (SELECT  sum(emc.score) as material_score,[em].[member_list_id] FROM [yf_evaluation_material] [em] INNER JOIN [yf_evaluation_application] [ea] ON [ea].[evaluation_id]=[em].[evaluation_id] INNER JOIN [yf_evaluation_material_config] [emc] ON [em].[cid]=[emc].[cid] WHERE  [em].[evaluation_id] = '53' GROUP BY em.member_list_id) AS thinkphp) AS T1 WHERE (T1.ROW_NUMBER BETWEEN 1 AND 1) [ RunTime:0.005988s ]
[ sql ] [ SQL ] SELECT   column_name,   data_type,   column_default,   is_nullable
        FROM    information_schema.tables AS t
        JOIN    information_schema.columns AS c
        ON  t.table_catalog = c.table_catalog
        AND t.table_schema  = c.table_schema
        AND t.table_name    = c.table_name
        WHERE   t.table_name = 'yf_member_list' [ RunTime:0.007548s ]
[ sql ] [ SQL ] SELECT column_name FROM information_schema.key_column_usage WHERE table_name='yf_member_list' [ RunTime:0.011861s ]
[ sql ] [ SQL ] SELECT T1.* FROM (SELECT thinkphp.*, ROW_NUMBER() OVER ( ORDER BY rand()) AS ROW_NUMBER FROM (SELECT  [u].*,[m].[member_list_id],[m].[member_list_username],[m].[member_list_province],[m].[member_list_city],[m].[member_list_town],[m].[member_list_nickname],[m].[member_list_headpic] FROM [yf_member_list] [m] INNER JOIN [yf_user] [u] ON [u].[id_number]=[m].[id_number] WHERE  [m].[member_list_id] = '8919') AS thinkphp) AS T1 WHERE (T1.ROW_NUMBER BETWEEN 1 AND 1) [ RunTime:0.006072s ]
[ sql ] [ SQL ] SELECT   column_name,   data_type,   column_default,   is_nullable
        FROM    information_schema.tables AS t
        JOIN    information_schema.columns AS c
        ON  t.table_catalog = c.table_catalog
        AND t.table_schema  = c.table_schema
        AND t.table_name    = c.table_name
        WHERE   t.table_name = 'yf_evaluation_material_config' [ RunTime:0.005707s ]
[ sql ] [ SQL ] SELECT column_name FROM information_schema.key_column_usage WHERE table_name='yf_evaluation_material_config' [ RunTime:0.012100s ]
[ sql ] [ SQL ] SELECT T1.* FROM (SELECT thinkphp.*, ROW_NUMBER() OVER ( ORDER BY rand()) AS ROW_NUMBER FROM (SELECT  * FROM [yf_evaluation_material_config] WHERE  [cid] = 40) AS thinkphp) AS T1 WHERE (T1.ROW_NUMBER BETWEEN 1 AND 1) [ RunTime:0.005864s ]
[ sql ] [ SQL ] SELECT T1.* FROM (SELECT thinkphp.*, ROW_NUMBER() OVER ( ORDER BY rand()) AS ROW_NUMBER FROM (SELECT  * FROM [yf_evaluation_material_config] WHERE  [cid] = 37) AS thinkphp) AS T1 WHERE (T1.ROW_NUMBER BETWEEN 1 AND 1) [ RunTime:0.006021s ]
[ sql ] [ SQL ] SELECT   column_name,   data_type,   column_default,   is_nullable
        FROM    information_schema.tables AS t
        JOIN    information_schema.columns AS c
        ON  t.table_catalog = c.table_catalog
        AND t.table_schema  = c.table_schema
        AND t.table_name    = c.table_name
        WHERE   t.table_name = 'yf_evaluation_grade' [ RunTime:0.006041s ]
[ sql ] [ SQL ] SELECT column_name FROM information_schema.key_column_usage WHERE table_name='yf_evaluation_grade' [ RunTime:0.011638s ]
[ sql ] [ SQL ] SELECT T1.* FROM (SELECT thinkphp.*, ROW_NUMBER() OVER ( ORDER BY max desc) AS ROW_NUMBER FROM (SELECT  * FROM [yf_evaluation_grade] WHERE  (  max <= '7' )) AS thinkphp) AS T1 WHERE (T1.ROW_NUMBER BETWEEN 1 AND 1) [ RunTime:0.006293s ]
[ sql ] [ SQL ] SELECT T1.* FROM (SELECT thinkphp.*, ROW_NUMBER() OVER ( ORDER BY rand()) AS ROW_NUMBER FROM (SELECT  [name] FROM [yf_evaluation_grade] WHERE  [id] IS NULL) AS thinkphp) AS T1 WHERE (T1.ROW_NUMBER BETWEEN 1 AND 1) [ RunTime:0.005893s ]
[ sql ] [ SQL ] SELECT T1.* FROM (SELECT thinkphp.*, ROW_NUMBER() OVER ( ORDER BY rand()) AS ROW_NUMBER FROM (SELECT  sum(emc.score) as material_score,[em].[member_list_id] FROM [yf_evaluation_material] [em] INNER JOIN [yf_evaluation_application] [ea] ON [ea].[evaluation_id]=[em].[evaluation_id] INNER JOIN [yf_evaluation_material_config] [emc] ON [em].[cid]=[emc].[cid] WHERE  [em].[evaluation_id] = '56' GROUP BY em.member_list_id) AS thinkphp) AS T1 WHERE (T1.ROW_NUMBER BETWEEN 1 AND 1) [ RunTime:0.007281s ]
[ sql ] [ SQL ] SELECT T1.* FROM (SELECT thinkphp.*, ROW_NUMBER() OVER ( ORDER BY rand()) AS ROW_NUMBER FROM (SELECT  [u].*,[m].[member_list_id],[m].[member_list_username],[m].[member_list_province],[m].[member_list_city],[m].[member_list_town],[m].[member_list_nickname],[m].[member_list_headpic] FROM [yf_member_list] [m] INNER JOIN [yf_user] [u] ON [u].[id_number]=[m].[id_number] WHERE  [m].[member_list_id] = '8927') AS thinkphp) AS T1 WHERE (T1.ROW_NUMBER BETWEEN 1 AND 1) [ RunTime:0.006071s ]
[ sql ] [ SQL ] SELECT T1.* FROM (SELECT thinkphp.*, ROW_NUMBER() OVER ( ORDER BY rand()) AS ROW_NUMBER FROM (SELECT  * FROM [yf_evaluation_material_config] WHERE  [cid] = 40) AS thinkphp) AS T1 WHERE (T1.ROW_NUMBER BETWEEN 1 AND 1) [ RunTime:0.005615s ]
[ sql ] [ SQL ] SELECT T1.* FROM (SELECT thinkphp.*, ROW_NUMBER() OVER ( ORDER BY rand()) AS ROW_NUMBER FROM (SELECT  * FROM [yf_evaluation_material_config] WHERE  [cid] = 37) AS thinkphp) AS T1 WHERE (T1.ROW_NUMBER BETWEEN 1 AND 1) [ RunTime:0.006016s ]
[ sql ] [ SQL ] SELECT T1.* FROM (SELECT thinkphp.*, ROW_NUMBER() OVER ( ORDER BY max desc) AS ROW_NUMBER FROM (SELECT  * FROM [yf_evaluation_grade] WHERE  (  max <= '10' )) AS thinkphp) AS T1 WHERE (T1.ROW_NUMBER BETWEEN 1 AND 1) [ RunTime:0.005569s ]
[ sql ] [ SQL ] SELECT T1.* FROM (SELECT thinkphp.*, ROW_NUMBER() OVER ( ORDER BY rand()) AS ROW_NUMBER FROM (SELECT  [name] FROM [yf_evaluation_grade] WHERE  [id] IS NULL) AS thinkphp) AS T1 WHERE (T1.ROW_NUMBER BETWEEN 1 AND 1) [ RunTime:0.005882s ]
[ sql ] [ SQL ] SELECT T1.* FROM (SELECT thinkphp.*, ROW_NUMBER() OVER ( ORDER BY rand()) AS ROW_NUMBER FROM (SELECT  sum(emc.score) as material_score,[em].[member_list_id] FROM [yf_evaluation_material] [em] INNER JOIN [yf_evaluation_application] [ea] ON [ea].[evaluation_id]=[em].[evaluation_id] INNER JOIN [yf_evaluation_material_config] [emc] ON [em].[cid]=[emc].[cid] WHERE  [em].[evaluation_id] = '54' GROUP BY em.member_list_id) AS thinkphp) AS T1 WHERE (T1.ROW_NUMBER BETWEEN 1 AND 1) [ RunTime:0.005937s ]
[ sql ] [ SQL ] SELECT T1.* FROM (SELECT thinkphp.*, ROW_NUMBER() OVER ( ORDER BY rand()) AS ROW_NUMBER FROM (SELECT  [u].*,[m].[member_list_id],[m].[member_list_username],[m].[member_list_province],[m].[member_list_city],[m].[member_list_town],[m].[member_list_nickname],[m].[member_list_headpic] FROM [yf_member_list] [m] INNER JOIN [yf_user] [u] ON [u].[id_number]=[m].[id_number] WHERE  [m].[member_list_id] = '8920') AS thinkphp) AS T1 WHERE (T1.ROW_NUMBER BETWEEN 1 AND 1) [ RunTime:0.005970s ]
[ sql ] [ SQL ] SELECT T1.* FROM (SELECT thinkphp.*, ROW_NUMBER() OVER ( ORDER BY rand()) AS ROW_NUMBER FROM (SELECT  * FROM [yf_evaluation_material_config] WHERE  [cid] = 40) AS thinkphp) AS T1 WHERE (T1.ROW_NUMBER BETWEEN 1 AND 1) [ RunTime:0.005606s ]
[ sql ] [ SQL ] SELECT T1.* FROM (SELECT thinkphp.*, ROW_NUMBER() OVER ( ORDER BY rand()) AS ROW_NUMBER FROM (SELECT  * FROM [yf_evaluation_material_config] WHERE  [cid] = 37) AS thinkphp) AS T1 WHERE (T1.ROW_NUMBER BETWEEN 1 AND 1) [ RunTime:0.005823s ]
[ sql ] [ SQL ] SELECT T1.* FROM (SELECT thinkphp.*, ROW_NUMBER() OVER ( ORDER BY max desc) AS ROW_NUMBER FROM (SELECT  * FROM [yf_evaluation_grade] WHERE  (  max <= '0' )) AS thinkphp) AS T1 WHERE (T1.ROW_NUMBER BETWEEN 1 AND 1) [ RunTime:0.005780s ]
[ sql ] [ SQL ] SELECT T1.* FROM (SELECT thinkphp.*, ROW_NUMBER() OVER ( ORDER BY rand()) AS ROW_NUMBER FROM (SELECT  * FROM [yf_evaluation_grade] WHERE  (  min <= '0' AND max >= '0' )) AS thinkphp) AS T1 WHERE (T1.ROW_NUMBER BETWEEN 1 AND 1) [ RunTime:0.006236s ]
[ sql ] [ SQL ] SELECT T1.* FROM (SELECT thinkphp.*, ROW_NUMBER() OVER ( ORDER BY rand()) AS ROW_NUMBER FROM (SELECT  [name] FROM [yf_evaluation_grade] WHERE  [id] = 1) AS thinkphp) AS T1 WHERE (T1.ROW_NUMBER BETWEEN 1 AND 1) [ RunTime:0.006218s ]
[ sql ] [ SQL ] SELECT T1.* FROM (SELECT thinkphp.*, ROW_NUMBER() OVER ( ORDER BY rand()) AS ROW_NUMBER FROM (SELECT  sum(emc.score) as material_score,[em].[member_list_id] FROM [yf_evaluation_material] [em] INNER JOIN [yf_evaluation_application] [ea] ON [ea].[evaluation_id]=[em].[evaluation_id] INNER JOIN [yf_evaluation_material_config] [emc] ON [em].[cid]=[emc].[cid] WHERE  [em].[evaluation_id] = '55' GROUP BY em.member_list_id) AS thinkphp) AS T1 WHERE (T1.ROW_NUMBER BETWEEN 1 AND 1) [ RunTime:0.005960s ]
[ sql ] [ SQL ] SELECT T1.* FROM (SELECT thinkphp.*, ROW_NUMBER() OVER ( ORDER BY rand()) AS ROW_NUMBER FROM (SELECT  [u].*,[m].[member_list_id],[m].[member_list_username],[m].[member_list_province],[m].[member_list_city],[m].[member_list_town],[m].[member_list_nickname],[m].[member_list_headpic] FROM [yf_member_list] [m] INNER JOIN [yf_user] [u] ON [u].[id_number]=[m].[id_number] WHERE  [m].[member_list_id] = '8926') AS thinkphp) AS T1 WHERE (T1.ROW_NUMBER BETWEEN 1 AND 1) [ RunTime:0.006217s ]
[ sql ] [ SQL ] SELECT T1.* FROM (SELECT thinkphp.*, ROW_NUMBER() OVER ( ORDER BY rand()) AS ROW_NUMBER FROM (SELECT  * FROM [yf_evaluation_material_config] WHERE  [cid] = 40) AS thinkphp) AS T1 WHERE (T1.ROW_NUMBER BETWEEN 1 AND 1) [ RunTime:0.007687s ]
[ sql ] [ SQL ] SELECT T1.* FROM (SELECT thinkphp.*, ROW_NUMBER() OVER ( ORDER BY rand()) AS ROW_NUMBER FROM (SELECT  * FROM [yf_evaluation_material_config] WHERE  [cid] = 37) AS thinkphp) AS T1 WHERE (T1.ROW_NUMBER BETWEEN 1 AND 1) [ RunTime:0.005956s ]
[ sql ] [ SQL ] SELECT T1.* FROM (SELECT thinkphp.*, ROW_NUMBER() OVER ( ORDER BY max desc) AS ROW_NUMBER FROM (SELECT  * FROM [yf_evaluation_grade] WHERE  (  max <= '100' )) AS thinkphp) AS T1 WHERE (T1.ROW_NUMBER BETWEEN 1 AND 1) [ RunTime:0.006149s ]
[ sql ] [ SQL ] SELECT T1.* FROM (SELECT thinkphp.*, ROW_NUMBER() OVER ( ORDER BY rand()) AS ROW_NUMBER FROM (SELECT  [name] FROM [yf_evaluation_grade] WHERE  [id] = 1) AS thinkphp) AS T1 WHERE (T1.ROW_NUMBER BETWEEN 1 AND 1) [ RunTime:0.005944s ]
[ sql ] [ SQL ] SELECT T1.* FROM (SELECT thinkphp.*, ROW_NUMBER() OVER ( ORDER BY rand()) AS ROW_NUMBER FROM (SELECT  sum(emc.score) as material_score,[em].[member_list_id] FROM [yf_evaluation_material] [em] INNER JOIN [yf_evaluation_application] [ea] ON [ea].[evaluation_id]=[em].[evaluation_id] INNER JOIN [yf_evaluation_material_config] [emc] ON [em].[cid]=[emc].[cid] WHERE  [em].[evaluation_id] = '52' GROUP BY em.member_list_id) AS thinkphp) AS T1 WHERE (T1.ROW_NUMBER BETWEEN 1 AND 1) [ RunTime:0.006075s ]
[ sql ] [ SQL ] SELECT T1.* FROM (SELECT thinkphp.*, ROW_NUMBER() OVER ( ORDER BY rand()) AS ROW_NUMBER FROM (SELECT  [u].*,[m].[member_list_id],[m].[member_list_username],[m].[member_list_province],[m].[member_list_city],[m].[member_list_town],[m].[member_list_nickname],[m].[member_list_headpic] FROM [yf_member_list] [m] INNER JOIN [yf_user] [u] ON [u].[id_number]=[m].[id_number] WHERE  [m].[member_list_id] = '8916') AS thinkphp) AS T1 WHERE (T1.ROW_NUMBER BETWEEN 1 AND 1) [ RunTime:0.006127s ]
[ sql ] [ SQL ] SELECT T1.* FROM (SELECT thinkphp.*, ROW_NUMBER() OVER ( ORDER BY rand()) AS ROW_NUMBER FROM (SELECT  * FROM [yf_evaluation_material_config] WHERE  [cid] = 40) AS thinkphp) AS T1 WHERE (T1.ROW_NUMBER BETWEEN 1 AND 1) [ RunTime:0.005736s ]
[ sql ] [ SQL ] SELECT T1.* FROM (SELECT thinkphp.*, ROW_NUMBER() OVER ( ORDER BY rand()) AS ROW_NUMBER FROM (SELECT  * FROM [yf_evaluation_material_config] WHERE  [cid] = 37) AS thinkphp) AS T1 WHERE (T1.ROW_NUMBER BETWEEN 1 AND 1) [ RunTime:0.006160s ]
[ sql ] [ SQL ] SELECT T1.* FROM (SELECT thinkphp.*, ROW_NUMBER() OVER ( ORDER BY max desc) AS ROW_NUMBER FROM (SELECT  * FROM [yf_evaluation_grade] WHERE  (  max <= '0' )) AS thinkphp) AS T1 WHERE (T1.ROW_NUMBER BETWEEN 1 AND 1) [ RunTime:0.006174s ]
[ sql ] [ SQL ] SELECT T1.* FROM (SELECT thinkphp.*, ROW_NUMBER() OVER ( ORDER BY rand()) AS ROW_NUMBER FROM (SELECT  * FROM [yf_evaluation_grade] WHERE  (  min <= '0' AND max >= '0' )) AS thinkphp) AS T1 WHERE (T1.ROW_NUMBER BETWEEN 1 AND 1) [ RunTime:0.006529s ]
[ sql ] [ SQL ] SELECT T1.* FROM (SELECT thinkphp.*, ROW_NUMBER() OVER ( ORDER BY rand()) AS ROW_NUMBER FROM (SELECT  [name] FROM [yf_evaluation_grade] WHERE  [id] = 4) AS thinkphp) AS T1 WHERE (T1.ROW_NUMBER BETWEEN 1 AND 1) [ RunTime:0.005748s ]
[ sql ] [ SQL ] SELECT   column_name,   data_type,   column_default,   is_nullable
        FROM    information_schema.tables AS t
        JOIN    information_schema.columns AS c
        ON  t.table_catalog = c.table_catalog
        AND t.table_schema  = c.table_schema
        AND t.table_name    = c.table_name
        WHERE   t.table_name = 'yf_evaluation_application' [ RunTime:0.006284s ]
[ sql ] [ SQL ] SELECT column_name FROM information_schema.key_column_usage WHERE table_name='yf_evaluation_application' [ RunTime:0.012197s ]
[ sql ] [ SQL ] SELECT T1.* FROM (SELECT thinkphp.*, ROW_NUMBER() OVER ( ORDER BY rand()) AS ROW_NUMBER FROM (SELECT  COUNT(*) AS tp_count FROM [yf_evaluation_application] [app] INNER JOIN [yf_member_list] [m] ON [m].[member_list_id]=[app].[member_list_id] LEFT JOIN [yf_user] [u] ON [u].[id_number]=[m].[id_number] WHERE  [times] = 1504195200  AND (   u.class_number in (20166131,20166132,20166133,20166134,20166135,20166136,20166143,20166144)  and evaluation_status in (1,2) )) AS thinkphp) AS T1 WHERE (T1.ROW_NUMBER BETWEEN 1 AND 1) [ RunTime:0.008057s ]
[ sql ] [ SQL ] SELECT T1.* FROM (SELECT thinkphp.*, ROW_NUMBER() OVER ( ORDER BY rand()) AS ROW_NUMBER FROM (SELECT  COUNT(*) AS tp_count FROM [yf_evaluation_application] [app] INNER JOIN [yf_member_list] [m] ON [m].[member_list_id]=[app].[member_list_id] LEFT JOIN [yf_user] [u] ON [u].[id_number]=[m].[id_number] WHERE  [times] = 1504195200  AND (   u.class_number in (20166131,20166132,20166133,20166134,20166135,20166136,20166143,20166144)  )) AS thinkphp) AS T1 WHERE (T1.ROW_NUMBER BETWEEN 1 AND 1) [ RunTime:0.006411s ]
[ sql ] [ SQL ] SELECT T1.* FROM (SELECT thinkphp.*, ROW_NUMBER() OVER ( ORDER BY id asc) AS ROW_NUMBER FROM (SELECT  * FROM [yf_evaluation_grade]) AS thinkphp) AS T1 [ RunTime:0.005619s ]
[ sql ] [ SQL ] SELECT T1.* FROM (SELECT thinkphp.*, ROW_NUMBER() OVER ( ORDER BY id asc) AS ROW_NUMBER FROM (SELECT  * FROM [yf_evaluation_grade]) AS thinkphp) AS T1 [ RunTime:0.005927s ]
---------------------------------------------------------------
[ 2018-05-20T23:59:15+08:00 ] 211.66.88.159 113.103.92.49 GET /public/datePicker/bootstrap-datepicker.css.map
[ info ] zzxt.gdngs.cn/public/datePicker/bootstrap-datepicker.css.map [运行时间：0.072792s][吞吐率：13.74req/s] [内存消耗：2,003.52kb] [文件加载：60]
[ info ] [ LANG ] D:\UPUPW_K2.1\htdocs\zzxt\1.1.0\thinkphp\lang\zh-cn.php
[ info ] [ LANG ] D:\UPUPW_K2.1\htdocs\zzxt\1.1.0/app/lang\zh-cn.php
[ info ] [ CACHE ] INIT File
[ info ] [ ROUTE ] array (
  'type' => 'module',
  'module' => 
  array (
    0 => 'public',
    1 => 'datePicker',
    2 => 'bootstrap-datepicker.css.map',
  ),
)
[ info ] [ HEADER ] array (
  'x-rewrite-url' => '/public/datePicker/bootstrap-datepicker.css.map',
  'cookie' => 'PHPSESSID=vvg9u0atmdbgvisnuqgnjso3s6; thinkphp_show_page_trace=0|0; yf_logged_user=Qj5twb3s63o-dhifrk9Jr',
  'accept-language' => 'zh-CN,zh;q=0.9',
  'accept-encoding' => 'gzip, deflate',
  'user-agent' => 'Mozilla/5.0 (Macintosh; Intel Mac OS X 10_13_4) AppleWebKit/537.36 (KHTML, like Gecko) Chrome/66.0.3359.181 Safari/537.36',
  'connection' => 'keep-alive',
  'host' => 'zzxt.gdngs.cn',
)
[ info ] [ PARAM ] array (
)
[ info ] [ LOG ] INIT File
---------------------------------------------------------------
[ 2018-05-20T23:59:38+08:00 ] 211.66.88.159 113.103.92.49 POST /admin/evaluation_handle/counselor.html
[ info ] zzxt.gdngs.cn/admin/evaluation_handle/counselor.html [运行时间：0.401077s][吞吐率：2.49req/s] [内存消耗：8,377.02kb] [文件加载：120]
[ info ] [ LANG ] D:\UPUPW_K2.1\htdocs\zzxt\1.1.0\thinkphp\lang\zh-cn.php
[ info ] [ LANG ] D:\UPUPW_K2.1\htdocs\zzxt\1.1.0/app/lang\zh-cn.php
[ info ] [ CACHE ] INIT File
[ info ] [ ROUTE ] array (
  'type' => 'module',
  'module' => 
  array (
    0 => 'admin',
    1 => 'evaluation_handle',
    2 => 'counselor',
  ),
)
[ info ] [ HEADER ] array (
  'x-rewrite-url' => '/admin/evaluation_handle/counselor.html',
  'content-length' => '81',
  'cookie' => 'thinkphp_show_page_trace=0|0; PHPSESSID=vvg9u0atmdbgvisnuqgnjso3s6; thinkphp_show_page_trace=0|0; yf_logged_user=Qj5twb3s63o-dhifrk9Jr',
  'accept-language' => 'zh-CN,zh;q=0.9',
  'accept-encoding' => 'gzip, deflate',
  'referer' => 'http://zzxt.gdngs.cn/admin/Counselor/showEvaluationList.html',
  'content-type' => 'application/x-www-form-urlencoded; charset=UTF-8',
  'user-agent' => 'Mozilla/5.0 (Macintosh; Intel Mac OS X 10_13_4) AppleWebKit/537.36 (KHTML, like Gecko) Chrome/66.0.3359.181 Safari/537.36',
  'x-requested-with' => 'XMLHttpRequest',
  'origin' => 'http://zzxt.gdngs.cn',
  'accept' => '*/*',
  'connection' => 'keep-alive',
  'host' => 'zzxt.gdngs.cn',
)
[ info ] [ PARAM ] array (
  'status_id' => '46',
  'evaluation_id' => '53',
  'fail' => '',
  'undefined' => 'undefined',
  'change_fraction' => 'undefined',
)
[ info ] [ SESSION ] INIT array (
  'id' => '',
  'var_session_id' => '',
  'prefix' => 'think',
  'type' => '',
  'auto_start' => true,
)
[ info ] [ DB ] INIT sqlsrv
[ info ] [ BEHAVIOR ] Run app\common\behavior\WebLog @module_init [ RunTime:0.140074s ]
[ info ] [ BEHAVIOR ] Run Closure @action_begin [ RunTime:0.003549s ]
[ info ] [ RUN ] app\admin\controller\EvaluationHandle->counselor[ D:\UPUPW_K2.1\htdocs\zzxt\1.1.0\app\admin\controller\EvaluationHandle.php ]
[ info ] [ LOG ] INIT File
[ sql ] [ DB ] CONNECT:[ UseTime:0.000087s ] sqlsrv:Server=139.199.184.111;Database=zzxt
[ sql ] [ SQL ] SELECT   column_name,   data_type,   column_default,   is_nullable
        FROM    information_schema.tables AS t
        JOIN    information_schema.columns AS c
        ON  t.table_catalog = c.table_catalog
        AND t.table_schema  = c.table_schema
        AND t.table_name    = c.table_name
        WHERE   t.table_name = 'yf_web_log' [ RunTime:0.009323s ]
[ sql ] [ SQL ] SELECT column_name FROM information_schema.key_column_usage WHERE table_name='yf_web_log' [ RunTime:0.012888s ]
[ sql ] [ SQL ] INSERT INTO [yf_web_log] ([uid] , [ip] , [location] , [os] , [browser] , [url] , [module] , [controller] , [action] , [method] , [data] , [otime]) VALUES (0 , '113.103.92.49' , '中国 广东 广州 ' , 'Mac' , 'Chrome(66.0.3359.181)' , '/admin/evaluation_handle/counselor.html' , 'admin' , 'EvaluationHandle' , 'counselor' , 'Ajax' , 'a:5:{s:9:"status_id";s:2:"46";s:13:"evaluation_id";s:2:"53";s:4:"fail";s:0:"";s:9:"undefined";s:9:"undefined";s:15:"change_fraction";s:9:"undefined";}' , 1526831978) [ RunTime:0.017656s ]
[ sql ] [ SQL ] SELECT   column_name,   data_type,   column_default,   is_nullable
        FROM    information_schema.tables AS t
        JOIN    information_schema.columns AS c
        ON  t.table_catalog = c.table_catalog
        AND t.table_schema  = c.table_schema
        AND t.table_name    = c.table_name
        WHERE   t.table_name = 'yf_auth_rule' [ RunTime:0.006533s ]
[ sql ] [ SQL ] SELECT column_name FROM information_schema.key_column_usage WHERE table_name='yf_auth_rule' [ RunTime:0.012120s ]
[ sql ] [ SQL ] SELECT T1.* FROM (SELECT thinkphp.*, ROW_NUMBER() OVER ( ORDER BY level desc,sort) AS ROW_NUMBER FROM (SELECT  [id],[level],[sort] FROM [yf_auth_rule] WHERE  [name] = 'admin/EvaluationHandle/counselor') AS thinkphp) AS T1 WHERE (T1.ROW_NUMBER BETWEEN 1 AND 1) [ RunTime:0.006591s ]
[ sql ] [ SQL ] SELECT T1.* FROM (SELECT thinkphp.*, ROW_NUMBER() OVER ( ORDER BY level desc,sort) AS ROW_NUMBER FROM (SELECT  [id],[level],[sort] FROM [yf_auth_rule] WHERE  [name] = 'admin/EvaluationHandle/counselor') AS thinkphp) AS T1 WHERE (T1.ROW_NUMBER BETWEEN 1 AND 1) [ RunTime:0.005951s ]
[ sql ] [ SQL ] SELECT T1.* FROM (SELECT thinkphp.*, ROW_NUMBER() OVER ( ORDER BY level desc,sort) AS ROW_NUMBER FROM (SELECT  [id],[level],[sort] FROM [yf_auth_rule] WHERE  [name] = 'admin/EvaluationHandle/counselor'  AND [status] = 1) AS thinkphp) AS T1 WHERE (T1.ROW_NUMBER BETWEEN 1 AND 1) [ RunTime:0.005883s ]
[ sql ] [ SQL ] SELECT T1.* FROM (SELECT thinkphp.*, ROW_NUMBER() OVER ( ORDER BY level desc,sort) AS ROW_NUMBER FROM (SELECT  [id],[level],[sort] FROM [yf_auth_rule] WHERE  [name] = 'admin/EvaluationHandle/counselor'  AND [status] = 1) AS thinkphp) AS T1 WHERE (T1.ROW_NUMBER BETWEEN 1 AND 1) [ RunTime:0.006006s ]
[ sql ] [ SQL ] SELECT T1.* FROM (SELECT thinkphp.*, ROW_NUMBER() OVER ( ORDER BY rand()) AS ROW_NUMBER FROM (SELECT  [pid] FROM [yf_auth_rule] WHERE  [id] = 0) AS thinkphp) AS T1 WHERE (T1.ROW_NUMBER BETWEEN 1 AND 1) [ RunTime:0.006267s ]
[ sql ] [ SQL ] SELECT T1.* FROM (SELECT thinkphp.*, ROW_NUMBER() OVER ( ORDER BY [sort]) AS ROW_NUMBER FROM (SELECT  * FROM [yf_auth_rule] WHERE  [status] = 1  AND [pid] = null) AS thinkphp) AS T1 [ RunTime:0.005951s ]
[ sql ] [ SQL ] SELECT   column_name,   data_type,   column_default,   is_nullable
        FROM    information_schema.tables AS t
        JOIN    information_schema.columns AS c
        ON  t.table_catalog = c.table_catalog
        AND t.table_schema  = c.table_schema
        AND t.table_name    = c.table_name
        WHERE   t.table_name = 'yf_admin' [ RunTime:0.006518s ]
[ sql ] [ SQL ] SELECT column_name FROM information_schema.key_column_usage WHERE table_name='yf_admin' [ RunTime:0.012289s ]
[ sql ] [ SQL ] SELECT T1.* FROM (SELECT thinkphp.*, ROW_NUMBER() OVER ( ORDER BY rand()) AS ROW_NUMBER FROM (SELECT  * FROM [yf_admin] [a] INNER JOIN [yf_auth_group_access] [b] ON [a].[admin_id]=[b].[uid] INNER JOIN [yf_auth_group] [c] ON [b].[group_id]=[c].[id] WHERE  [a].[admin_id] = '61') AS thinkphp) AS T1 WHERE (T1.ROW_NUMBER BETWEEN 1 AND 1) [ RunTime:0.006178s ]
[ sql ] [ SQL ] SELECT   column_name,   data_type,   column_default,   is_nullable
        FROM    information_schema.tables AS t
        JOIN    information_schema.columns AS c
        ON  t.table_catalog = c.table_catalog
        AND t.table_schema  = c.table_schema
        AND t.table_name    = c.table_name
        WHERE   t.table_name = 'yf_news' [ RunTime:0.006281s ]
[ sql ] [ SQL ] SELECT column_name FROM information_schema.key_column_usage WHERE table_name='yf_news' [ RunTime:0.011771s ]
[ sql ] [ SQL ] SELECT T1.* FROM (SELECT thinkphp.*, ROW_NUMBER() OVER ( ORDER BY rand()) AS ROW_NUMBER FROM (SELECT  COUNT(*) AS tp_count FROM [yf_news] WHERE  [news_auto] = '8860') AS thinkphp) AS T1 WHERE (T1.ROW_NUMBER BETWEEN 1 AND 1) [ RunTime:0.005642s ]
[ error ] [8]未定义数组索引: group_opinion[D:\UPUPW_K2.1\htdocs\zzxt\1.1.0\app\admin\controller\EvaluationHandle.php:31]
